<?xml version="1.0" encoding="UTF-8"?>
<robot generator="Robot 7.4.1 (Python 3.11.2 on linux)" generated="2026-06-24T17:52:24.227976" rpa="false" schemaversion="5">
<suite id="s1" name="TemporalEntity" source="/workspace/ngsi-ld-test-suite/TP/NGSI-LD/ContextInformation/Provision/TemporalEntity">
<suite id="s1-s1" name="CreateTemporalRepresentationOfEntity" source="/workspace/ngsi-ld-test-suite/TP/NGSI-LD/ContextInformation/Provision/TemporalEntity/CreateTemporalRepresentationOfEntity">
<suite id="s1-s1-s1" name="007 01" source="/workspace/ngsi-ld-test-suite/TP/NGSI-LD/ContextInformation/Provision/TemporalEntity/CreateTemporalRepresentationOfEntity/007_01.robot">
<test id="s1-s1-s1-t1" name="007_01_01 Create A Temporal Representation Of An Entity" line="15">
<kw name="Create Temporal Entity">
<kw name="Generate Random Vehicle Entity Id" owner="Common">
<kw name="Generate Random Id" owner="Common">
<kw name="Generate Random String" owner="String">
<msg time="2026-06-24T17:52:24.409172" level="INFO">${random_id} = 1903210338118568</msg>
<var>${random_id}</var>
<arg>16</arg>
<arg>[NUMBERS]</arg>
<doc>Generates a string with a desired ``length`` from the given ``chars``.</doc>
<status status="PASS" start="2026-06-24T17:52:24.409037" elapsed="0.000153"/>
</kw>
<kw name="Catenate" owner="BuiltIn">
<msg time="2026-06-24T17:52:24.409381" level="INFO">${entity_id} = urn:ngsi-ld:Vehicle:1903210338118568</msg>
<var>${entity_id}</var>
<arg>${id_prefix}${random_id}</arg>
<doc>Catenates the given items together and returns the resulted string.</doc>
<status status="PASS" start="2026-06-24T17:52:24.409261" elapsed="0.000131"/>
</kw>
<return>
<value>${entity_id}</value>
<status status="PASS" start="2026-06-24T17:52:24.409422" elapsed="0.000022"/>
</return>
<msg time="2026-06-24T17:52:24.409495" level="INFO">${entity_id} = urn:ngsi-ld:Vehicle:1903210338118568</msg>
<var>${entity_id}</var>
<arg>${VEHICLE_ID_PREFIX}</arg>
<status status="PASS" start="2026-06-24T17:52:24.408776" elapsed="0.000728"/>
</kw>
<return>
<value>${entity_id}</value>
<status status="PASS" start="2026-06-24T17:52:24.409519" elapsed="0.000010"/>
</return>
<msg time="2026-06-24T17:52:24.409564" level="INFO">${temporal_entity_representation_id} = urn:ngsi-ld:Vehicle:1903210338118568</msg>
<var>${temporal_entity_representation_id}</var>
<status status="PASS" start="2026-06-24T17:52:24.408685" elapsed="0.000887"/>
</kw>
<kw name="Set Test Variable" owner="BuiltIn">
<msg time="2026-06-24T17:52:24.409729" level="INFO">${temporal_entity_representation_id} = urn:ngsi-ld:Vehicle:1903210338118568</msg>
<arg>${temporal_entity_representation_id}</arg>
<doc>Makes a variable available everywhere within the scope of the current test.</doc>
<status status="PASS" start="2026-06-24T17:52:24.409619" elapsed="0.000126"/>
</kw>
<kw name="Create Or Update Temporal Representation Of Entity Selecting Content Type" owner="TemporalContextInformationProvision">
<kw name="Load Json From File" owner="JSONLibrary">
<msg time="2026-06-24T17:52:24.410516" level="INFO">${temporal_entity_representation_payload} = {'id': 'urn:ngsi-ld:Vehicle:randomUUID', 'type': 'Vehicle', 'speed': [{'type': 'Property', 'value': 120, 'observedAt': '2020-09-01T12:03:00Z'}, {'type': 'Property', 'value': 80, 'observedAt': '2020-09...</msg>
<var>${temporal_entity_representation_payload}</var>
<arg>${EXECDIR}/data/temporalEntities/${filename}</arg>
<doc>Load JSON from file.</doc>
<status status="PASS" start="2026-06-24T17:52:24.410155" elapsed="0.000377"/>
</kw>
<kw name="Update Value To Json" owner="JSONLibrary">
<msg time="2026-06-24T17:52:24.419098" level="INFO">${temporal_entity_representation} = {'id': 'urn:ngsi-ld:Vehicle:1903210338118568', 'type': 'Vehicle', 'speed': [{'type': 'Property', 'value': 120, 'observedAt': '2020-09-01T12:03:00Z'}, {'type': 'Property', 'value': 80, 'observedAt': '2...</msg>
<var>${temporal_entity_representation}</var>
<arg>${temporal_entity_representation_payload}</arg>
<arg>$..id</arg>
<arg>${temporal_entity_representation_id}</arg>
<doc>Update value to JSON using JSONPath</doc>
<status status="PASS" start="2026-06-24T17:52:24.410591" elapsed="0.008525"/>
</kw>
<kw name="Create Dictionary" owner="BuiltIn">
<msg time="2026-06-24T17:52:24.419398" level="INFO">&amp;{headers} = { Content-Type=application/ld+json }</msg>
<var>&amp;{headers}</var>
<arg>Content-Type=${content_type}</arg>
<doc>Creates and returns a dictionary based on the given ``items``.</doc>
<status status="PASS" start="2026-06-24T17:52:24.419192" elapsed="0.000218"/>
</kw>
<if>
<branch type="IF" condition="'${accept}'!=''">
<kw name="Set To Dictionary" owner="Collections">
<arg>${headers}</arg>
<arg>Accept</arg>
<arg>${accept}</arg>
<doc>Adds the given ``key_value_pairs`` and/or ``items`` to the ``dictionary``.</doc>
<status status="NOT RUN" start="2026-06-24T17:52:24.419539" elapsed="0.000007"/>
</kw>
<status status="NOT RUN" start="2026-06-24T17:52:24.419449" elapsed="0.000110"/>
</branch>
<status status="PASS" start="2026-06-24T17:52:24.419436" elapsed="0.000132"/>
</if>
<kw name="POST" owner="RequestsLibrary">
<msg time="2026-06-24T17:52:24.431493" level="INFO">POST Request : url=http://localhost:9090/ngsi-ld/v1/temporal/entities/ 
 path_url=/ngsi-ld/v1/temporal/entities/ 
 headers={'User-Agent': 'python-requests/2.34.2', 'Accept-Encoding': 'gzip, deflate', 'Accept': '*/*', 'Connection': 'keep-alive', 'Content-Type': 'application/ld+json', 'Content-Length': '646'} 
 body=b'{"id": "urn:ngsi-ld:Vehicle:1903210338118568", "type": "Vehicle", "speed": [{"type": "Property", "value": 120, "observedAt": "2020-09-01T12:03:00Z"}, {"type": "Property", "value": 80, "observedAt": "2020-09-01T12:05:00Z"}], "fuelLevel": [{"type": "Property", "value": 67, "observedAt": "2020-09-01T12:03:00Z"}, {"type": "Property", "value": 53, "observedAt": "2020-09-01T13:05:00Z"}, {"type": "Property", "value": 40, "observedAt": "2020-09-01T14:07:00Z", "datasetId": "urn:ngsi-ld:Vehicle:12345-fuel"}], "@context": ["https://forge.etsi.org/rep/cim/ngsi-ld-test-suite/-/raw/develop/resources/jsonld-contexts/ngsi-ld-test-suite-compound.jsonld"]}' 
 </msg>
<msg time="2026-06-24T17:52:24.431536" level="INFO">POST Response : url=http://localhost:9090/ngsi-ld/v1/temporal/entities/ 
 status=201, reason=Created 
 headers={'Location': '/ngsi-ld/v1/temporal/entities/urn:ngsi-ld:Vehicle:1903210338118568', 'content-length': '0'} 
 body=None 
 </msg>
<msg time="2026-06-24T17:52:24.431604" level="INFO">${response} = &lt;Response [201]&gt;</msg>
<var>${response}</var>
<arg>url=${url}/${TEMPORAL_ENTITIES_ENDPOINT_PATH}/</arg>
<arg>json=${temporal_entity_representation}</arg>
<arg>headers=${headers}</arg>
<arg>expected_status=any</arg>
<doc>Sends a POST request.</doc>
<status status="PASS" start="2026-06-24T17:52:24.419611" elapsed="0.012003"/>
</kw>
<kw name="Output" owner="logUtils">
<msg time="2026-06-24T17:52:24.431864" level="INFO">
Create Or Update Temporal Representation Of Entity Selecting Content Type</msg>
<msg time="2026-06-24T17:52:24.431885" level="INFO">Request -&gt;</msg>
<msg time="2026-06-24T17:52:24.431894" level="INFO">{
    "method": "POST",
    "url": "http://localhost:9090/ngsi-ld/v1/temporal/entities/",
    "headers": {
        "User-Agent": "python-requests/2.34.2",
        "Accept-Encoding": "gzip, deflate",
        "Accept": "*/*",
        "Connection": "keep-alive",
        "Content-Type": "application/ld+json",
        "Content-Length": "646"
    },
    "body": {
        "id": "urn:ngsi-ld:Vehicle:1903210338118568",
        "type": "Vehicle",
        "speed": [
            {
                "type": "Property",
                "value": 120,
                "observedAt": "2020-09-01T12:03:00Z"
            },
            {
                "type": "Property",
                "value": 80,
                "observedAt": "2020-09-01T12:05:00Z"
            }
        ],
        "fuelLevel": [
            {
                "type": "Property",
                "value": 67,
                "observedAt": "2020-09-01T12:03:00Z"
            },
            {
                "type": "Property",
                "value": 53,
                "observedAt": "2020-09-01T13:05:00Z"
            },
            {
                "type": "Property",
                "value": 40,
                "observedAt": "2020-09-01T14:07:00Z",
                "datasetId": "urn:ngsi-ld:Vehicle:12345-fuel"
            }
        ],
        "@context": [
            "https://forge.etsi.org/rep/cim/ngsi-ld-test-suite/-/raw/develop/resources/jsonld-contexts/ngsi-ld-test-suite-compound.jsonld"
        ]
    }
}</msg>
<msg time="2026-06-24T17:52:24.432005" level="INFO">Response -&gt;</msg>
<msg time="2026-06-24T17:52:24.432015" level="INFO">{
    "url": "http://localhost:9090/ngsi-ld/v1/temporal/entities/",
    "headers": {
        "Location": "/ngsi-ld/v1/temporal/entities/urn:ngsi-ld:Vehicle:1903210338118568",
        "content-length": "0"
    },
    "status_code": 201,
    "reason": "Created",
    "body": null
}</msg>
<arg>${response}</arg>
<arg>Create Or Update Temporal Representation Of Entity Selecting Content Type</arg>
<tag>I/O</tag>
<doc>*Request and response are output to terminal and file (in JSON).*
:param response: response to a request
:param description: explains what request is being made
:param console: If false, the JSON is not written to terminal. Default is true.</doc>
<status status="PASS" start="2026-06-24T17:52:24.431702" elapsed="0.000332"/>
</kw>
<return>
<value>${response}</value>
<status status="PASS" start="2026-06-24T17:52:24.432057" elapsed="0.000023"/>
</return>
<msg time="2026-06-24T17:52:24.432136" level="INFO">${response} = &lt;Response [201]&gt;</msg>
<var>${response}</var>
<arg>temporal_entity_representation_id=${temporal_entity_representation_id}</arg>
<arg>filename=${filename}</arg>
<arg>content_type=${content_type}</arg>
<tag>actor_context-producer</tag>
<status status="PASS" start="2026-06-24T17:52:24.409828" elapsed="0.022315"/>
</kw>
<kw name="Check Response Status Code" owner="AssertionUtils">
<kw name="Convert To String" owner="BuiltIn">
<msg time="2026-06-24T17:52:24.432749" level="INFO">${response_status_code} = 201</msg>
<var>${response_status_code}</var>
<arg>${response_status_code}</arg>
<doc>Converts the given item to a Unicode string.</doc>
<status status="PASS" start="2026-06-24T17:52:24.432608" elapsed="0.000153"/>
</kw>
<kw name="Should Be Equal" owner="BuiltIn">
<arg>${expected_status_code}</arg>
<arg>${response_status_code}</arg>
<arg>HTTP status code comparison failed with (expected, actual) -&gt;</arg>
<doc>Fails if the given objects are unequal.</doc>
<status status="PASS" start="2026-06-24T17:52:24.432808" elapsed="0.000129"/>
</kw>
<arg>201</arg>
<arg>${response.status_code}</arg>
<status status="PASS" start="2026-06-24T17:52:24.432220" elapsed="0.000739"/>
</kw>
<kw name="Check Response Body Is Empty" owner="AssertionUtils">
<kw name="Convert To String" owner="BuiltIn">
<msg time="2026-06-24T17:52:24.433372" level="INFO">${response_text} = </msg>
<var>${response_text}</var>
<arg>${response.text}</arg>
<doc>Converts the given item to a Unicode string.</doc>
<status status="PASS" start="2026-06-24T17:52:24.433111" elapsed="0.000269"/>
</kw>
<kw name="Should Be Empty" owner="BuiltIn">
<msg time="2026-06-24T17:52:24.433719" level="INFO">Length is 0.</msg>
<arg>${response_text}</arg>
<doc>Verifies that the given item is empty.</doc>
<status status="PASS" start="2026-06-24T17:52:24.433417" elapsed="0.000320"/>
</kw>
<arg>${response}</arg>
<status status="PASS" start="2026-06-24T17:52:24.433013" elapsed="0.000744"/>
</kw>
<kw name="Load Test Sample" owner="JsonUtils">
<kw name="Load Json From File" owner="JSONLibrary">
<msg time="2026-06-24T17:52:24.434229" level="INFO">${test_sample} = {'id': 'urn:ngsi-ld:Vehicle:randomUUID', 'type': 'Vehicle', 'speed': [{'type': 'Property', 'value': 120, 'observedAt': '2020-09-01T12:03:00Z'}, {'type': 'Property', 'value': 80, 'observedAt': '2020-09...</msg>
<var>${test_sample}</var>
<arg>${EXECDIR}/data/${test_sample_file_path}</arg>
<doc>Load JSON from file.</doc>
<status status="PASS" start="2026-06-24T17:52:24.433984" elapsed="0.000255"/>
</kw>
<if>
<branch type="IF" condition="'${test_sample_id}'!=''">
<kw name="Update Value To Json" owner="JSONLibrary">
<msg time="2026-06-24T17:52:24.440914" level="INFO">${test_sample} = {'id': 'urn:ngsi-ld:Vehicle:1903210338118568', 'type': 'Vehicle', 'speed': [{'type': 'Property', 'value': 120, 'observedAt': '2020-09-01T12:03:00Z'}, {'type': 'Property', 'value': 80, 'observedAt': '2...</msg>
<var>${test_sample}</var>
<arg>${test_sample}</arg>
<arg>$.id</arg>
<arg>${test_sample_id}</arg>
<doc>Update value to JSON using JSONPath</doc>
<status status="PASS" start="2026-06-24T17:52:24.434352" elapsed="0.006578"/>
</kw>
<status status="PASS" start="2026-06-24T17:52:24.434273" elapsed="0.006678"/>
</branch>
<status status="PASS" start="2026-06-24T17:52:24.434262" elapsed="0.006701"/>
</if>
<return>
<value>${test_sample}</value>
<status status="PASS" start="2026-06-24T17:52:24.440979" elapsed="0.000021"/>
</return>
<msg time="2026-06-24T17:52:24.441056" level="INFO">${created_temporal_entity} = {'id': 'urn:ngsi-ld:Vehicle:1903210338118568', 'type': 'Vehicle', 'speed': [{'type': 'Property', 'value': 120, 'observedAt': '2020-09-01T12:03:00Z'}, {'type': 'Property', 'value': 80, 'observedAt': '2...</msg>
<var>${created_temporal_entity}</var>
<arg>temporalEntities/${filename}</arg>
<arg>${temporal_entity_representation_id}</arg>
<status status="PASS" start="2026-06-24T17:52:24.433845" elapsed="0.007219"/>
</kw>
<if>
<branch type="IF" condition="'${content_type}'=='application/json'">
<kw name="Retrieve Temporal Representation Of Entity" owner="TemporalContextInformationConsumption">
<var>${response1}</var>
<arg>temporal_entity_representation_id=${temporal_entity_representation_id}</arg>
<tag>actor_context-consumer</tag>
<status status="NOT RUN" start="2026-06-24T17:52:24.441324" elapsed="0.000010"/>
</kw>
<status status="NOT RUN" start="2026-06-24T17:52:24.441092" elapsed="0.000254"/>
</branch>
<status status="PASS" start="2026-06-24T17:52:24.441084" elapsed="0.000270"/>
</if>
<if>
<branch type="IF" condition="'${content_type}'=='application/ld+json'">
<kw name="Retrieve Temporal Representation Of Entity" owner="TemporalContextInformationConsumption">
<kw name="Get Length" owner="BuiltIn">
<msg time="2026-06-24T17:52:24.443752" level="INFO">Length is 0.</msg>
<msg time="2026-06-24T17:52:24.443779" level="INFO">${attrs_length} = 0</msg>
<var>${attrs_length}</var>
<arg>${attrs}</arg>
<doc>Returns and logs the length of the given item as an integer.</doc>
<status status="PASS" start="2026-06-24T17:52:24.443584" elapsed="0.000202"/>
</kw>
<kw name="Get Length" owner="BuiltIn">
<msg time="2026-06-24T17:52:24.443906" level="INFO">Length is 0.</msg>
<msg time="2026-06-24T17:52:24.443928" level="INFO">${options_length} = 0</msg>
<var>${options_length}</var>
<arg>${options}</arg>
<doc>Returns and logs the length of the given item as an integer.</doc>
<status status="PASS" start="2026-06-24T17:52:24.443828" elapsed="0.000107"/>
</kw>
<kw name="Get Length" owner="BuiltIn">
<msg time="2026-06-24T17:52:24.444047" level="INFO">Length is 0.</msg>
<msg time="2026-06-24T17:52:24.444068" level="INFO">${pick_length} = 0</msg>
<var>${pick_length}</var>
<arg>${pick}</arg>
<doc>Returns and logs the length of the given item as an integer.</doc>
<status status="PASS" start="2026-06-24T17:52:24.443974" elapsed="0.000220"/>
</kw>
<kw name="Get Length" owner="BuiltIn">
<msg time="2026-06-24T17:52:24.444328" level="INFO">Length is 0.</msg>
<msg time="2026-06-24T17:52:24.444351" level="INFO">${omit_length} = 0</msg>
<var>${omit_length}</var>
<arg>${omit}</arg>
<doc>Returns and logs the length of the given item as an integer.</doc>
<status status="PASS" start="2026-06-24T17:52:24.444245" elapsed="0.000112"/>
</kw>
<kw name="Create Dictionary" owner="BuiltIn">
<msg time="2026-06-24T17:52:24.444508" level="INFO">&amp;{headers} = { }</msg>
<var>&amp;{headers}</var>
<doc>Creates and returns a dictionary based on the given ``items``.</doc>
<status status="PASS" start="2026-06-24T17:52:24.444402" elapsed="0.000114"/>
</kw>
<kw name="Create Dictionary" owner="BuiltIn">
<msg time="2026-06-24T17:52:24.444634" level="INFO">&amp;{params} = { }</msg>
<var>&amp;{params}</var>
<doc>Creates and returns a dictionary based on the given ``items``.</doc>
<status status="PASS" start="2026-06-24T17:52:24.444558" elapsed="0.000083"/>
</kw>
<if>
<branch type="IF" condition="'${accept}'!=''">
<kw name="Set To Dictionary" owner="Collections">
<arg>${headers}</arg>
<arg>Accept=${accept}</arg>
<doc>Adds the given ``key_value_pairs`` and/or ``items`` to the ``dictionary``.</doc>
<status status="NOT RUN" start="2026-06-24T17:52:24.444722" elapsed="0.000006"/>
</kw>
<status status="NOT RUN" start="2026-06-24T17:52:24.444665" elapsed="0.000073"/>
</branch>
<status status="PASS" start="2026-06-24T17:52:24.444658" elapsed="0.000086"/>
</if>
<if>
<branch type="IF" condition="'${context}'!=''">
<kw name="Build Context Link" owner="Common">
<return>
<value>&lt;${context}&gt;; rel="http://www.w3.org/ns/json-ld#context"; type="application/ld+json"</value>
<status status="PASS" start="2026-06-24T17:52:24.444892" elapsed="0.000011"/>
</return>
<msg time="2026-06-24T17:52:24.444941" level="INFO">${context_link} = &lt;https://forge.etsi.org/rep/cim/ngsi-ld-test-suite/-/raw/develop/resources/jsonld-contexts/ngsi-ld-test-suite-compound.jsonld&gt;; rel="http://www.w3.org/ns/json-ld#context"; type="application/ld+json"</msg>
<var>${context_link}</var>
<arg>${context}</arg>
<status status="PASS" start="2026-06-24T17:52:24.444830" elapsed="0.000119"/>
</kw>
<kw name="Set To Dictionary" owner="Collections">
<arg>${headers}</arg>
<arg>Link=${context_link}</arg>
<doc>Adds the given ``key_value_pairs`` and/or ``items`` to the ``dictionary``.</doc>
<status status="PASS" start="2026-06-24T17:52:24.444985" elapsed="0.000285"/>
</kw>
<status status="PASS" start="2026-06-24T17:52:24.444762" elapsed="0.000522"/>
</branch>
<status status="PASS" start="2026-06-24T17:52:24.444757" elapsed="0.000536"/>
</if>
<if>
<branch type="IF" condition="${attrs_length}&gt;0">
<kw name="Set To Dictionary" owner="Collections">
<arg>${params}</arg>
<arg>attrs=${attrs}</arg>
<doc>Adds the given ``key_value_pairs`` and/or ``items`` to the ``dictionary``.</doc>
<status status="NOT RUN" start="2026-06-24T17:52:24.445379" elapsed="0.000006"/>
</kw>
<status status="NOT RUN" start="2026-06-24T17:52:24.445311" elapsed="0.000085"/>
</branch>
<status status="PASS" start="2026-06-24T17:52:24.445305" elapsed="0.000098"/>
</if>
<if>
<branch type="IF" condition="${options_length}&gt;0">
<kw name="Set To Dictionary" owner="Collections">
<arg>${params}</arg>
<arg>options=${options}</arg>
<doc>Adds the given ``key_value_pairs`` and/or ``items`` to the ``dictionary``.</doc>
<status status="NOT RUN" start="2026-06-24T17:52:24.445496" elapsed="0.000007"/>
</kw>
<status status="NOT RUN" start="2026-06-24T17:52:24.445422" elapsed="0.000091"/>
</branch>
<status status="PASS" start="2026-06-24T17:52:24.445416" elapsed="0.000103"/>
</if>
<if>
<branch type="IF" condition="'${timerel}'!=''">
<kw name="Set To Dictionary" owner="Collections">
<arg>${params}</arg>
<arg>timerel=${timerel}</arg>
<doc>Adds the given ``key_value_pairs`` and/or ``items`` to the ``dictionary``.</doc>
<status status="NOT RUN" start="2026-06-24T17:52:24.445588" elapsed="0.000006"/>
</kw>
<status status="NOT RUN" start="2026-06-24T17:52:24.445534" elapsed="0.000071"/>
</branch>
<status status="PASS" start="2026-06-24T17:52:24.445530" elapsed="0.000082"/>
</if>
<if>
<branch type="IF" condition="'${timeAt}'!=''">
<kw name="Set To Dictionary" owner="Collections">
<arg>${params}</arg>
<arg>timeAt=${timeAt}</arg>
<doc>Adds the given ``key_value_pairs`` and/or ``items`` to the ``dictionary``.</doc>
<status status="NOT RUN" start="2026-06-24T17:52:24.445677" elapsed="0.000005"/>
</kw>
<status status="NOT RUN" start="2026-06-24T17:52:24.445628" elapsed="0.000064"/>
</branch>
<status status="PASS" start="2026-06-24T17:52:24.445623" elapsed="0.000075"/>
</if>
<if>
<branch type="IF" condition="'${endTimeAt}'!=''">
<kw name="Set To Dictionary" owner="Collections">
<arg>${params}</arg>
<arg>endTimeAt=${endTimeAt}</arg>
<doc>Adds the given ``key_value_pairs`` and/or ``items`` to the ``dictionary``.</doc>
<status status="NOT RUN" start="2026-06-24T17:52:24.445764" elapsed="0.000005"/>
</kw>
<status status="NOT RUN" start="2026-06-24T17:52:24.445712" elapsed="0.000067"/>
</branch>
<status status="PASS" start="2026-06-24T17:52:24.445708" elapsed="0.000077"/>
</if>
<if>
<branch type="IF" condition="'${lastN}'!=''">
<kw name="Set To Dictionary" owner="Collections">
<arg>${params}</arg>
<arg>lastN=${lastN}</arg>
<doc>Adds the given ``key_value_pairs`` and/or ``items`` to the ``dictionary``.</doc>
<status status="NOT RUN" start="2026-06-24T17:52:24.445846" elapsed="0.000005"/>
</kw>
<status status="NOT RUN" start="2026-06-24T17:52:24.445800" elapsed="0.000059"/>
</branch>
<status status="PASS" start="2026-06-24T17:52:24.445795" elapsed="0.000069"/>
</if>
<if>
<branch type="IF" condition="'${aggrMethods}'!=''">
<kw name="Set To Dictionary" owner="Collections">
<arg>${params}</arg>
<arg>aggrMethods=${aggrMethods}</arg>
<doc>Adds the given ``key_value_pairs`` and/or ``items`` to the ``dictionary``.</doc>
<status status="NOT RUN" start="2026-06-24T17:52:24.445921" elapsed="0.000005"/>
</kw>
<status status="NOT RUN" start="2026-06-24T17:52:24.445877" elapsed="0.000058"/>
</branch>
<status status="PASS" start="2026-06-24T17:52:24.445873" elapsed="0.000068"/>
</if>
<if>
<branch type="IF" condition="'${aggrPeriodDuration}'!=''">
<kw name="Set To Dictionary" owner="Collections">
<arg>${params}</arg>
<arg>aggrPeriodDuration=${aggrPeriodDuration}</arg>
<doc>Adds the given ``key_value_pairs`` and/or ``items`` to the ``dictionary``.</doc>
<status status="NOT RUN" start="2026-06-24T17:52:24.445999" elapsed="0.000005"/>
</kw>
<status status="NOT RUN" start="2026-06-24T17:52:24.445953" elapsed="0.000060"/>
</branch>
<status status="PASS" start="2026-06-24T17:52:24.445950" elapsed="0.000069"/>
</if>
<if>
<branch type="IF" condition="'${timeproperty}'!=''">
<kw name="Set To Dictionary" owner="Collections">
<arg>${params}</arg>
<arg>timeproperty=${timeproperty}</arg>
<doc>Adds the given ``key_value_pairs`` and/or ``items`` to the ``dictionary``.</doc>
<status status="NOT RUN" start="2026-06-24T17:52:24.446081" elapsed="0.000004"/>
</kw>
<status status="NOT RUN" start="2026-06-24T17:52:24.446032" elapsed="0.000062"/>
</branch>
<status status="PASS" start="2026-06-24T17:52:24.446029" elapsed="0.000070"/>
</if>
<if>
<branch type="IF" condition="${pick_length}&gt;0">
<kw name="Set To Dictionary" owner="Collections">
<arg>${params}</arg>
<arg>pick=${pick}</arg>
<doc>Adds the given ``key_value_pairs`` and/or ``items`` to the ``dictionary``.</doc>
<status status="NOT RUN" start="2026-06-24T17:52:24.446158" elapsed="0.000005"/>
</kw>
<status status="NOT RUN" start="2026-06-24T17:52:24.446112" elapsed="0.000060"/>
</branch>
<status status="PASS" start="2026-06-24T17:52:24.446108" elapsed="0.000069"/>
</if>
<if>
<branch type="IF" condition="${omit_length}&gt;0">
<kw name="Set To Dictionary" owner="Collections">
<arg>${params}</arg>
<arg>omit=${omit}</arg>
<doc>Adds the given ``key_value_pairs`` and/or ``items`` to the ``dictionary``.</doc>
<status status="NOT RUN" start="2026-06-24T17:52:24.446239" elapsed="0.000005"/>
</kw>
<status status="NOT RUN" start="2026-06-24T17:52:24.446191" elapsed="0.000125"/>
</branch>
<status status="PASS" start="2026-06-24T17:52:24.446187" elapsed="0.000136"/>
</if>
<kw name="GET" owner="RequestsLibrary">
<msg time="2026-06-24T17:52:24.454658" level="INFO">GET Request : url=http://localhost:9090/ngsi-ld/v1/temporal/entities/urn:ngsi-ld:Vehicle:1903210338118568 
 path_url=/ngsi-ld/v1/temporal/entities/urn:ngsi-ld:Vehicle:1903210338118568 
 headers={'User-Agent': 'python-requests/2.34.2', 'Accept-Encoding': 'gzip, deflate', 'Accept': '*/*', 'Connection': 'keep-alive', 'Link': '&lt;https://forge.etsi.org/rep/cim/ngsi-ld-test-suite/-/raw/develop/resources/jsonld-contexts/ngsi-ld-test-suite-compound.jsonld&gt;; rel="http://www.w3.org/ns/json-ld#context"; type="application/ld+json"'} 
 body=None 
 </msg>
<msg time="2026-06-24T17:52:24.454721" level="INFO">GET Response : url=http://localhost:9090/ngsi-ld/v1/temporal/entities/urn:ngsi-ld:Vehicle:1903210338118568 
 status=200, reason=OK 
 headers={'content-length': '1022', 'Content-Type': 'application/json', 'Link': '&lt;https://forge.etsi.org/rep/cim/ngsi-ld-test-suite/-/raw/develop/resources/jsonld-contexts/ngsi-ld-test-suite-compound.jsonld&gt;; rel="http://www.w3.org/ns/json-ld#context"; type="application/ld+json"'} 
 body={
  "id" : "urn:ngsi-ld:Vehicle:1903210338118568",
  "type" : "Vehicle",
  "fuelLevel" : [ {
    "type" : "Property",
    "value" : 67,
    "observedAt" : "2020-09-01T12:03:00Z",
    "instanceId" : "urn:ngsi-ld:Instance:21cee0dc-4feb-4307-9c62-8053fd75a52b"
  }, {
    "type" : "Property",
    "value" : 53,
    "observedAt" : "2020-09-01T13:05:00Z",
    "instanceId" : "urn:ngsi-ld:Instance:0938b0c1-5184-44c9-becc-b40f623dd27f"
  }, {
    "type" : "Property",
    "value" : 40,
    "observedAt" : "2020-09-01T14:07:00Z",
    "datasetId" : "urn:ngsi-ld:Vehicle:12345-fuel",
    "instanceId" : "urn:ngsi-ld:Instance:26fe41ed-da7f-4462-a44e-472a19993015"
  } ],
  "speed" : [ {
    "type" : "Property",
    "value" : 120,
    "observedAt" : "2020-09-01T12:03:00Z",
    "instanceId" : "urn:ngsi-ld:Instance:3db14b13-1665-4f02-bd45-06213d7393bd"
  }, {
    "type" : "Property",
    "value" : 80,
    "observedAt" : "2020-09-01T12:05:00Z",
    "instanceId" : "urn:ngsi-ld:Instance:c1899336-aafd-45ab-b6e6-047a76698d9e"
  } ]
} 
 </msg>
<msg time="2026-06-24T17:52:24.454781" level="INFO">${response} = &lt;Response [200]&gt;</msg>
<var>${response}</var>
<arg>url=${temporal_api_url}/${TEMPORAL_ENTITIES_ENDPOINT_PATH}/${temporal_entity_representation_id}</arg>
<arg>headers=${headers}</arg>
<arg>params=${params}</arg>
<arg>expected_status=any</arg>
<doc>Sends a GET request.</doc>
<status status="PASS" start="2026-06-24T17:52:24.446360" elapsed="0.008429"/>
</kw>
<kw name="Output" owner="logUtils">
<msg time="2026-06-24T17:52:24.454985" level="INFO">
Retrieve Temporal Representation Of Entity</msg>
<msg time="2026-06-24T17:52:24.455010" level="INFO">Request -&gt;</msg>
<msg time="2026-06-24T17:52:24.455020" level="INFO">{
    "method": "GET",
    "url": "http://localhost:9090/ngsi-ld/v1/temporal/entities/urn:ngsi-ld:Vehicle:1903210338118568",
    "headers": {
        "User-Agent": "python-requests/2.34.2",
        "Accept-Encoding": "gzip, deflate",
        "Accept": "*/*",
        "Connection": "keep-alive",
        "Link": "&lt;https://forge.etsi.org/rep/cim/ngsi-ld-test-suite/-/raw/develop/resources/jsonld-contexts/ngsi-ld-test-suite-compound.jsonld&gt;; rel=\"http://www.w3.org/ns/json-ld#context\"; type=\"application/ld+json\""
    },
    "body": null
}</msg>
<msg time="2026-06-24T17:52:24.455032" level="INFO">Response -&gt;</msg>
<msg time="2026-06-24T17:52:24.455039" level="INFO">{
    "url": "http://localhost:9090/ngsi-ld/v1/temporal/entities/urn:ngsi-ld:Vehicle:1903210338118568",
    "headers": {
        "content-length": "1022",
        "Content-Type": "application/json",
        "Link": "&lt;https://forge.etsi.org/rep/cim/ngsi-ld-test-suite/-/raw/develop/resources/jsonld-contexts/ngsi-ld-test-suite-compound.jsonld&gt;; rel=\"http://www.w3.org/ns/json-ld#context\"; type=\"application/ld+json\""
    },
    "status_code": 200,
    "reason": "OK",
    "body": {
        "id": "urn:ngsi-ld:Vehicle:1903210338118568",
        "type": "Vehicle",
        "fuelLevel": [
            {
                "type": "Property",
                "value": 67,
                "observedAt": "2020-09-01T12:03:00Z",
                "instanceId": "urn:ngsi-ld:Instance:21cee0dc-4feb-4307-9c62-8053fd75a52b"
            },
            {
                "type": "Property",
                "value": 53,
                "observedAt": "2020-09-01T13:05:00Z",
                "instanceId": "urn:ngsi-ld:Instance:0938b0c1-5184-44c9-becc-b40f623dd27f"
            },
            {
                "type": "Property",
                "value": 40,
                "observedAt": "2020-09-01T14:07:00Z",
                "datasetId": "urn:ngsi-ld:Vehicle:12345-fuel",
                "instanceId": "urn:ngsi-ld:Instance:26fe41ed-da7f-4462-a44e-472a19993015"
            }
        ],
        "speed": [
            {
                "type": "Property",
                "value": 120,
                "observedAt": "2020-09-01T12:03:00Z",
                "instanceId": "urn:ngsi-ld:Instance:3db14b13-1665-4f02-bd45-06213d7393bd"
            },
            {
                "type": "Property",
                "value": 80,
                "observedAt": "2020-09-01T12:05:00Z",
                "instanceId": "urn:ngsi-ld:Instance:c1899336-aafd-45ab-b6e6-047a76698d9e"
            }
        ]
    }
}</msg>
<arg>${response}</arg>
<arg>Retrieve Temporal Representation Of Entity</arg>
<tag>I/O</tag>
<doc>*Request and response are output to terminal and file (in JSON).*
:param response: response to a request
:param description: explains what request is being made
:param console: If false, the JSON is not written to terminal. Default is true.</doc>
<status status="PASS" start="2026-06-24T17:52:24.454861" elapsed="0.000203"/>
</kw>
<return>
<value>${response}</value>
<status status="PASS" start="2026-06-24T17:52:24.455084" elapsed="0.000018"/>
</return>
<msg time="2026-06-24T17:52:24.455155" level="INFO">${response1} = &lt;Response [200]&gt;</msg>
<var>${response1}</var>
<arg>temporal_entity_representation_id=${temporal_entity_representation_id}</arg>
<arg>context=${ngsild_test_suite_context}</arg>
<tag>actor_context-consumer</tag>
<status status="PASS" start="2026-06-24T17:52:24.441581" elapsed="0.013582"/>
</kw>
<status status="PASS" start="2026-06-24T17:52:24.441371" elapsed="0.013806"/>
</branch>
<status status="PASS" start="2026-06-24T17:52:24.441366" elapsed="0.013820"/>
</if>
<kw name="Create List" owner="BuiltIn">
<msg time="2026-06-24T17:52:24.455352" level="INFO">${ignored_attributes} = ['instanceId', '@context']</msg>
<var>${ignored_attributes}</var>
<arg>instanceId</arg>
<arg>@context</arg>
<doc>Returns a list containing given items.</doc>
<status status="PASS" start="2026-06-24T17:52:24.455232" elapsed="0.000128"/>
</kw>
<kw name="Load Test Sample" owner="JsonUtils">
<kw name="Load Json From File" owner="JSONLibrary">
<msg time="2026-06-24T17:52:24.456108" level="INFO">${test_sample} = {'id': 'urn:ngsi-ld:Vehicle:randomUUID', 'type': 'Vehicle', 'speed': [{'type': 'Property', 'value': 120, 'observedAt': '2020-09-01T12:03:00Z'}, {'type': 'Property', 'value': 80, 'observedAt': '2020-09...</msg>
<var>${test_sample}</var>
<arg>${EXECDIR}/data/${test_sample_file_path}</arg>
<doc>Load JSON from file.</doc>
<status status="PASS" start="2026-06-24T17:52:24.455595" elapsed="0.000524"/>
</kw>
<if>
<branch type="IF" condition="'${test_sample_id}'!=''">
<kw name="Update Value To Json" owner="JSONLibrary">
<msg time="2026-06-24T17:52:24.462635" level="INFO">${test_sample} = {'id': 'urn:ngsi-ld:Vehicle:1903210338118568', 'type': 'Vehicle', 'speed': [{'type': 'Property', 'value': 120, 'observedAt': '2020-09-01T12:03:00Z'}, {'type': 'Property', 'value': 80, 'observedAt': '2...</msg>
<var>${test_sample}</var>
<arg>${test_sample}</arg>
<arg>$.id</arg>
<arg>${test_sample_id}</arg>
<doc>Update value to JSON using JSONPath</doc>
<status status="PASS" start="2026-06-24T17:52:24.456217" elapsed="0.006430"/>
</kw>
<status status="PASS" start="2026-06-24T17:52:24.456146" elapsed="0.006605"/>
</branch>
<status status="PASS" start="2026-06-24T17:52:24.456139" elapsed="0.006622"/>
</if>
<return>
<value>${test_sample}</value>
<status status="PASS" start="2026-06-24T17:52:24.462774" elapsed="0.000015"/>
</return>
<msg time="2026-06-24T17:52:24.462839" level="INFO">${temporal_entity_expectation_payload} = {'id': 'urn:ngsi-ld:Vehicle:1903210338118568', 'type': 'Vehicle', 'speed': [{'type': 'Property', 'value': 120, 'observedAt': '2020-09-01T12:03:00Z'}, {'type': 'Property', 'value': 80, 'observedAt': '2...</msg>
<var>${temporal_entity_expectation_payload}</var>
<arg>temporalEntities/expectations/${expectation_filename}</arg>
<arg>${temporal_entity_representation_id}</arg>
<status status="PASS" start="2026-06-24T17:52:24.455444" elapsed="0.007403"/>
</kw>
<kw name="Check Created Resource Set To" owner="AssertionUtils">
<kw name="Check Resource Set To" owner="AssertionUtils">
<kw name="Compare Dictionaries Ignoring Keys" owner="assertionUtils">
<msg time="2026-06-24T17:52:24.464237" level="INFO">${comparison_result} = {}</msg>
<var>${comparison_result}</var>
<arg>${expected_resource}</arg>
<arg>${response_body}</arg>
<arg>${ignored_keys}</arg>
<arg>group_by=${group_by}</arg>
<doc>Function exposed as a keyword to compare two dictionaries
:param expected: expected dictionary
:param actual: actual dictionary
:param exclude_regex_paths: list of regex paths of keys to be ignored
:param ignore_core_context_version: whether any core context version is allowed in the results
:param group_by: a key to group the results, useful for lists of results</doc>
<status status="PASS" start="2026-06-24T17:52:24.463426" elapsed="0.000822"/>
</kw>
<kw name="Should Be Empty" owner="BuiltIn">
<msg time="2026-06-24T17:52:24.464663" level="INFO">Length is 0.</msg>
<arg>${comparison_result}</arg>
<arg>msg=${comparison_result.pretty()}</arg>
<doc>Verifies that the given item is empty.</doc>
<status status="PASS" start="2026-06-24T17:52:24.464299" elapsed="0.000381"/>
</kw>
<arg>${created_resource}</arg>
<arg>${response_body}</arg>
<arg>${ignored_keys}</arg>
<status status="PASS" start="2026-06-24T17:52:24.463301" elapsed="0.001399"/>
</kw>
<arg>${temporal_entity_expectation_payload}</arg>
<arg>${response1.json()}</arg>
<arg>${ignored_attributes}</arg>
<status status="PASS" start="2026-06-24T17:52:24.462910" elapsed="0.001806"/>
</kw>
<arg>vehicle-create-temporal-representation.jsonld</arg>
<arg>vehicle-temporal-representation-create.jsonld</arg>
<arg>application/ld+json</arg>
<tag>5_6_11</tag>
<tag>te-create</tag>
<doc>Check that one can create a temporal representation of an entity</doc>
<status status="PASS" start="2026-06-24T17:52:24.408464" elapsed="0.056268"/>
</kw>
<kw name="Delete Temporal Entity" type="TEARDOWN">
<kw name="Delete Temporal Representation Of Entity" owner="TemporalContextInformationProvision">
<kw name="DELETE" owner="RequestsLibrary">
<msg time="2026-06-24T17:52:24.466916" level="INFO">DELETE Request : url=http://localhost:9090/ngsi-ld/v1/temporal/entities/urn:ngsi-ld:Vehicle:1903210338118568 
 path_url=/ngsi-ld/v1/temporal/entities/urn:ngsi-ld:Vehicle:1903210338118568 
 headers={'User-Agent': 'python-requests/2.34.2', 'Accept-Encoding': 'gzip, deflate', 'Accept': '*/*', 'Connection': 'keep-alive', 'Content-Length': '0'} 
 body=None 
 </msg>
<msg time="2026-06-24T17:52:24.466942" level="INFO">DELETE Response : url=http://localhost:9090/ngsi-ld/v1/temporal/entities/urn:ngsi-ld:Vehicle:1903210338118568 
 status=204, reason=No Content 
 headers={} 
 body=None 
 </msg>
<msg time="2026-06-24T17:52:24.466989" level="INFO">${response} = &lt;Response [204]&gt;</msg>
<var>${response}</var>
<arg>url=${url}/${TEMPORAL_ENTITIES_ENDPOINT_PATH}/${temporal_entity_representation_id}</arg>
<arg>expected_status=any</arg>
<doc>Sends a DELETE request.</doc>
<status status="PASS" start="2026-06-24T17:52:24.465044" elapsed="0.001954"/>
</kw>
<kw name="Output" owner="logUtils">
<msg time="2026-06-24T17:52:24.467154" level="INFO">
Delete Temporal Representation Of Entity</msg>
<msg time="2026-06-24T17:52:24.467169" level="INFO">Request -&gt;</msg>
<msg time="2026-06-24T17:52:24.467177" level="INFO">{
    "method": "DELETE",
    "url": "http://localhost:9090/ngsi-ld/v1/temporal/entities/urn:ngsi-ld:Vehicle:1903210338118568",
    "headers": {
        "User-Agent": "python-requests/2.34.2",
        "Accept-Encoding": "gzip, deflate",
        "Accept": "*/*",
        "Connection": "keep-alive",
        "Content-Length": "0"
    },
    "body": null
}</msg>
<msg time="2026-06-24T17:52:24.467186" level="INFO">Response -&gt;</msg>
<msg time="2026-06-24T17:52:24.467192" level="INFO">{
    "url": "http://localhost:9090/ngsi-ld/v1/temporal/entities/urn:ngsi-ld:Vehicle:1903210338118568",
    "headers": {},
    "status_code": 204,
    "reason": "No Content",
    "body": null
}</msg>
<arg>${response}</arg>
<arg>Delete Temporal Representation Of Entity</arg>
<tag>I/O</tag>
<doc>*Request and response are output to terminal and file (in JSON).*
:param response: response to a request
:param description: explains what request is being made
:param console: If false, the JSON is not written to terminal. Default is true.</doc>
<status status="PASS" start="2026-06-24T17:52:24.467058" elapsed="0.000147"/>
</kw>
<return>
<value>${response}</value>
<status status="PASS" start="2026-06-24T17:52:24.467224" elapsed="0.000016"/>
</return>
<arg>${temporal_entity_representation_id}</arg>
<tag>actor_context-producer</tag>
<status status="PASS" start="2026-06-24T17:52:24.464942" elapsed="0.002334"/>
</kw>
<status status="PASS" start="2026-06-24T17:52:24.464822" elapsed="0.002470"/>
</kw>
<status status="PASS" start="2026-06-24T17:52:24.408166" elapsed="0.059140"/>
</test>
<test id="s1-s1-s1-t2" name="007_01_02 Create A Temporal Entity With No Context" line="17">
<kw name="Create Temporal Entity">
<kw name="Generate Random Vehicle Entity Id" owner="Common">
<kw name="Generate Random Id" owner="Common">
<kw name="Generate Random String" owner="String">
<msg time="2026-06-24T17:52:24.467901" level="INFO">${random_id} = 5911500122458700</msg>
<var>${random_id}</var>
<arg>16</arg>
<arg>[NUMBERS]</arg>
<doc>Generates a string with a desired ``length`` from the given ``chars``.</doc>
<status status="PASS" start="2026-06-24T17:52:24.467833" elapsed="0.000079"/>
</kw>
<kw name="Catenate" owner="BuiltIn">
<msg time="2026-06-24T17:52:24.468186" level="INFO">${entity_id} = urn:ngsi-ld:Vehicle:5911500122458700</msg>
<var>${entity_id}</var>
<arg>${id_prefix}${random_id}</arg>
<doc>Catenates the given items together and returns the resulted string.</doc>
<status status="PASS" start="2026-06-24T17:52:24.467951" elapsed="0.000244"/>
</kw>
<return>
<value>${entity_id}</value>
<status status="PASS" start="2026-06-24T17:52:24.468210" elapsed="0.000011"/>
</return>
<msg time="2026-06-24T17:52:24.468257" level="INFO">${entity_id} = urn:ngsi-ld:Vehicle:5911500122458700</msg>
<var>${entity_id}</var>
<arg>${VEHICLE_ID_PREFIX}</arg>
<status status="PASS" start="2026-06-24T17:52:24.467747" elapsed="0.000517"/>
</kw>
<return>
<value>${entity_id}</value>
<status status="PASS" start="2026-06-24T17:52:24.468275" elapsed="0.000008"/>
</return>
<msg time="2026-06-24T17:52:24.468314" level="INFO">${temporal_entity_representation_id} = urn:ngsi-ld:Vehicle:5911500122458700</msg>
<var>${temporal_entity_representation_id}</var>
<status status="PASS" start="2026-06-24T17:52:24.467670" elapsed="0.000650"/>
</kw>
<kw name="Set Test Variable" owner="BuiltIn">
<msg time="2026-06-24T17:52:24.468460" level="INFO">${temporal_entity_representation_id} = urn:ngsi-ld:Vehicle:5911500122458700</msg>
<arg>${temporal_entity_representation_id}</arg>
<doc>Makes a variable available everywhere within the scope of the current test.</doc>
<status status="PASS" start="2026-06-24T17:52:24.468363" elapsed="0.000116"/>
</kw>
<kw name="Create Or Update Temporal Representation Of Entity Selecting Content Type" owner="TemporalContextInformationProvision">
<kw name="Load Json From File" owner="JSONLibrary">
<msg time="2026-06-24T17:52:24.469276" level="INFO">${temporal_entity_representation_payload} = {'id': 'urn:ngsi-ld:Vehicle:randomUUID', 'type': 'Vehicle', 'speed': [{'type': 'Property', 'value': 120, 'observedAt': '2020-09-01T12:03:00Z'}, {'type': 'Property', 'value': 80, 'observedAt': '2020-09...</msg>
<var>${temporal_entity_representation_payload}</var>
<arg>${EXECDIR}/data/temporalEntities/${filename}</arg>
<doc>Load JSON from file.</doc>
<status status="PASS" start="2026-06-24T17:52:24.468983" elapsed="0.000303"/>
</kw>
<kw name="Update Value To Json" owner="JSONLibrary">
<msg time="2026-06-24T17:52:24.475777" level="INFO">${temporal_entity_representation} = {'id': 'urn:ngsi-ld:Vehicle:5911500122458700', 'type': 'Vehicle', 'speed': [{'type': 'Property', 'value': 120, 'observedAt': '2020-09-01T12:03:00Z'}, {'type': 'Property', 'value': 80, 'observedAt': '2...</msg>
<var>${temporal_entity_representation}</var>
<arg>${temporal_entity_representation_payload}</arg>
<arg>$..id</arg>
<arg>${temporal_entity_representation_id}</arg>
<doc>Update value to JSON using JSONPath</doc>
<status status="PASS" start="2026-06-24T17:52:24.469329" elapsed="0.006461"/>
</kw>
<kw name="Create Dictionary" owner="BuiltIn">
<msg time="2026-06-24T17:52:24.476006" level="INFO">&amp;{headers} = { Content-Type=application/json }</msg>
<var>&amp;{headers}</var>
<arg>Content-Type=${content_type}</arg>
<doc>Creates and returns a dictionary based on the given ``items``.</doc>
<status status="PASS" start="2026-06-24T17:52:24.475854" elapsed="0.000162"/>
</kw>
<if>
<branch type="IF" condition="'${accept}'!=''">
<kw name="Set To Dictionary" owner="Collections">
<arg>${headers}</arg>
<arg>Accept</arg>
<arg>${accept}</arg>
<doc>Adds the given ``key_value_pairs`` and/or ``items`` to the ``dictionary``.</doc>
<status status="NOT RUN" start="2026-06-24T17:52:24.476116" elapsed="0.000007"/>
</kw>
<status status="NOT RUN" start="2026-06-24T17:52:24.476047" elapsed="0.000089"/>
</branch>
<status status="PASS" start="2026-06-24T17:52:24.476039" elapsed="0.000105"/>
</if>
<kw name="POST" owner="RequestsLibrary">
<msg time="2026-06-24T17:52:24.480337" level="INFO">POST Request : url=http://localhost:9090/ngsi-ld/v1/temporal/entities/ 
 path_url=/ngsi-ld/v1/temporal/entities/ 
 headers={'User-Agent': 'python-requests/2.34.2', 'Accept-Encoding': 'gzip, deflate', 'Accept': '*/*', 'Connection': 'keep-alive', 'Content-Type': 'application/json', 'Content-Length': '531'} 
 body=b'{"id": "urn:ngsi-ld:Vehicle:5911500122458700", "type": "Vehicle", "speed": [{"type": "Property", "value": 120, "observedAt": "2020-09-01T12:03:00Z"}, {"type": "Property", "value": 80, "observedAt": "2020-09-01T12:05:00Z"}, {"type": "Property", "value": 100, "observedAt": "2020-09-01T12:07:00Z"}], "fuelLevel": [{"type": "Property", "value": 67, "observedAt": "2020-09-01T12:03:00Z"}, {"type": "Property", "value": 53, "observedAt": "2020-09-01T13:05:00Z"}, {"type": "Property", "value": 40, "observedAt": "2020-09-01T14:07:00Z"}]}' 
 </msg>
<msg time="2026-06-24T17:52:24.480367" level="INFO">POST Response : url=http://localhost:9090/ngsi-ld/v1/temporal/entities/ 
 status=201, reason=Created 
 headers={'Location': '/ngsi-ld/v1/temporal/entities/urn:ngsi-ld:Vehicle:5911500122458700', 'content-length': '0'} 
 body=None 
 </msg>
<msg time="2026-06-24T17:52:24.480458" level="INFO">${response} = &lt;Response [201]&gt;</msg>
<var>${response}</var>
<arg>url=${url}/${TEMPORAL_ENTITIES_ENDPOINT_PATH}/</arg>
<arg>json=${temporal_entity_representation}</arg>
<arg>headers=${headers}</arg>
<arg>expected_status=any</arg>
<doc>Sends a POST request.</doc>
<status status="PASS" start="2026-06-24T17:52:24.476181" elapsed="0.004305"/>
</kw>
<kw name="Output" owner="logUtils">
<msg time="2026-06-24T17:52:24.480696" level="INFO">
Create Or Update Temporal Representation Of Entity Selecting Content Type</msg>
<msg time="2026-06-24T17:52:24.480716" level="INFO">Request -&gt;</msg>
<msg time="2026-06-24T17:52:24.480725" level="INFO">{
    "method": "POST",
    "url": "http://localhost:9090/ngsi-ld/v1/temporal/entities/",
    "headers": {
        "User-Agent": "python-requests/2.34.2",
        "Accept-Encoding": "gzip, deflate",
        "Accept": "*/*",
        "Connection": "keep-alive",
        "Content-Type": "application/json",
        "Content-Length": "531"
    },
    "body": {
        "id": "urn:ngsi-ld:Vehicle:5911500122458700",
        "type": "Vehicle",
        "speed": [
            {
                "type": "Property",
                "value": 120,
                "observedAt": "2020-09-01T12:03:00Z"
            },
            {
                "type": "Property",
                "value": 80,
                "observedAt": "2020-09-01T12:05:00Z"
            },
            {
                "type": "Property",
                "value": 100,
                "observedAt": "2020-09-01T12:07:00Z"
            }
        ],
        "fuelLevel": [
            {
                "type": "Property",
                "value": 67,
                "observedAt": "2020-09-01T12:03:00Z"
            },
            {
                "type": "Property",
                "value": 53,
                "observedAt": "2020-09-01T13:05:00Z"
            },
            {
                "type": "Property",
                "value": 40,
                "observedAt": "2020-09-01T14:07:00Z"
            }
        ]
    }
}</msg>
<msg time="2026-06-24T17:52:24.480737" level="INFO">Response -&gt;</msg>
<msg time="2026-06-24T17:52:24.480743" level="INFO">{
    "url": "http://localhost:9090/ngsi-ld/v1/temporal/entities/",
    "headers": {
        "Location": "/ngsi-ld/v1/temporal/entities/urn:ngsi-ld:Vehicle:5911500122458700",
        "content-length": "0"
    },
    "status_code": 201,
    "reason": "Created",
    "body": null
}</msg>
<arg>${response}</arg>
<arg>Create Or Update Temporal Representation Of Entity Selecting Content Type</arg>
<tag>I/O</tag>
<doc>*Request and response are output to terminal and file (in JSON).*
:param response: response to a request
:param description: explains what request is being made
:param console: If false, the JSON is not written to terminal. Default is true.</doc>
<status status="PASS" start="2026-06-24T17:52:24.480563" elapsed="0.000196"/>
</kw>
<return>
<value>${response}</value>
<status status="PASS" start="2026-06-24T17:52:24.480778" elapsed="0.000017"/>
</return>
<msg time="2026-06-24T17:52:24.480840" level="INFO">${response} = &lt;Response [201]&gt;</msg>
<var>${response}</var>
<arg>temporal_entity_representation_id=${temporal_entity_representation_id}</arg>
<arg>filename=${filename}</arg>
<arg>content_type=${content_type}</arg>
<tag>actor_context-producer</tag>
<status status="PASS" start="2026-06-24T17:52:24.468570" elapsed="0.012278"/>
</kw>
<kw name="Check Response Status Code" owner="AssertionUtils">
<kw name="Convert To String" owner="BuiltIn">
<msg time="2026-06-24T17:52:24.481370" level="INFO">${response_status_code} = 201</msg>
<var>${response_status_code}</var>
<arg>${response_status_code}</arg>
<doc>Converts the given item to a Unicode string.</doc>
<status status="PASS" start="2026-06-24T17:52:24.481246" elapsed="0.000134"/>
</kw>
<kw name="Should Be Equal" owner="BuiltIn">
<arg>${expected_status_code}</arg>
<arg>${response_status_code}</arg>
<arg>HTTP status code comparison failed with (expected, actual) -&gt;</arg>
<doc>Fails if the given objects are unequal.</doc>
<status status="PASS" start="2026-06-24T17:52:24.481424" elapsed="0.000130"/>
</kw>
<arg>201</arg>
<arg>${response.status_code}</arg>
<status status="PASS" start="2026-06-24T17:52:24.480911" elapsed="0.000664"/>
</kw>
<kw name="Check Response Body Is Empty" owner="AssertionUtils">
<kw name="Convert To String" owner="BuiltIn">
<msg time="2026-06-24T17:52:24.482011" level="INFO">${response_text} = </msg>
<var>${response_text}</var>
<arg>${response.text}</arg>
<doc>Converts the given item to a Unicode string.</doc>
<status status="PASS" start="2026-06-24T17:52:24.481723" elapsed="0.000296"/>
</kw>
<kw name="Should Be Empty" owner="BuiltIn">
<msg time="2026-06-24T17:52:24.482232" level="INFO">Length is 0.</msg>
<arg>${response_text}</arg>
<doc>Verifies that the given item is empty.</doc>
<status status="PASS" start="2026-06-24T17:52:24.482140" elapsed="0.000106"/>
</kw>
<arg>${response}</arg>
<status status="PASS" start="2026-06-24T17:52:24.481623" elapsed="0.000640"/>
</kw>
<kw name="Load Test Sample" owner="JsonUtils">
<kw name="Load Json From File" owner="JSONLibrary">
<msg time="2026-06-24T17:52:24.482717" level="INFO">${test_sample} = {'id': 'urn:ngsi-ld:Vehicle:randomUUID', 'type': 'Vehicle', 'speed': [{'type': 'Property', 'value': 120, 'observedAt': '2020-09-01T12:03:00Z'}, {'type': 'Property', 'value': 80, 'observedAt': '2020-09...</msg>
<var>${test_sample}</var>
<arg>${EXECDIR}/data/${test_sample_file_path}</arg>
<doc>Load JSON from file.</doc>
<status status="PASS" start="2026-06-24T17:52:24.482443" elapsed="0.000286"/>
</kw>
<if>
<branch type="IF" condition="'${test_sample_id}'!=''">
<kw name="Update Value To Json" owner="JSONLibrary">
<msg time="2026-06-24T17:52:24.489354" level="INFO">${test_sample} = {'id': 'urn:ngsi-ld:Vehicle:5911500122458700', 'type': 'Vehicle', 'speed': [{'type': 'Property', 'value': 120, 'observedAt': '2020-09-01T12:03:00Z'}, {'type': 'Property', 'value': 80, 'observedAt': '2...</msg>
<var>${test_sample}</var>
<arg>${test_sample}</arg>
<arg>$.id</arg>
<arg>${test_sample_id}</arg>
<doc>Update value to JSON using JSONPath</doc>
<status status="PASS" start="2026-06-24T17:52:24.482835" elapsed="0.006531"/>
</kw>
<status status="PASS" start="2026-06-24T17:52:24.482761" elapsed="0.006620"/>
</branch>
<status status="PASS" start="2026-06-24T17:52:24.482753" elapsed="0.006638"/>
</if>
<return>
<value>${test_sample}</value>
<status status="PASS" start="2026-06-24T17:52:24.489404" elapsed="0.000015"/>
</return>
<msg time="2026-06-24T17:52:24.489465" level="INFO">${created_temporal_entity} = {'id': 'urn:ngsi-ld:Vehicle:5911500122458700', 'type': 'Vehicle', 'speed': [{'type': 'Property', 'value': 120, 'observedAt': '2020-09-01T12:03:00Z'}, {'type': 'Property', 'value': 80, 'observedAt': '2...</msg>
<var>${created_temporal_entity}</var>
<arg>temporalEntities/${filename}</arg>
<arg>${temporal_entity_representation_id}</arg>
<status status="PASS" start="2026-06-24T17:52:24.482330" elapsed="0.007159"/>
</kw>
<if>
<branch type="IF" condition="'${content_type}'=='application/json'">
<kw name="Retrieve Temporal Representation Of Entity" owner="TemporalContextInformationConsumption">
<kw name="Get Length" owner="BuiltIn">
<msg time="2026-06-24T17:52:24.492094" level="INFO">Length is 0.</msg>
<msg time="2026-06-24T17:52:24.492125" level="INFO">${attrs_length} = 0</msg>
<var>${attrs_length}</var>
<arg>${attrs}</arg>
<doc>Returns and logs the length of the given item as an integer.</doc>
<status status="PASS" start="2026-06-24T17:52:24.491981" elapsed="0.000153"/>
</kw>
<kw name="Get Length" owner="BuiltIn">
<msg time="2026-06-24T17:52:24.492300" level="INFO">Length is 0.</msg>
<msg time="2026-06-24T17:52:24.492325" level="INFO">${options_length} = 0</msg>
<var>${options_length}</var>
<arg>${options}</arg>
<doc>Returns and logs the length of the given item as an integer.</doc>
<status status="PASS" start="2026-06-24T17:52:24.492181" elapsed="0.000151"/>
</kw>
<kw name="Get Length" owner="BuiltIn">
<msg time="2026-06-24T17:52:24.492460" level="INFO">Length is 0.</msg>
<msg time="2026-06-24T17:52:24.492498" level="INFO">${pick_length} = 0</msg>
<var>${pick_length}</var>
<arg>${pick}</arg>
<doc>Returns and logs the length of the given item as an integer.</doc>
<status status="PASS" start="2026-06-24T17:52:24.492378" elapsed="0.000127"/>
</kw>
<kw name="Get Length" owner="BuiltIn">
<msg time="2026-06-24T17:52:24.492628" level="INFO">Length is 0.</msg>
<msg time="2026-06-24T17:52:24.492655" level="INFO">${omit_length} = 0</msg>
<var>${omit_length}</var>
<arg>${omit}</arg>
<doc>Returns and logs the length of the given item as an integer.</doc>
<status status="PASS" start="2026-06-24T17:52:24.492545" elapsed="0.000118"/>
</kw>
<kw name="Create Dictionary" owner="BuiltIn">
<msg time="2026-06-24T17:52:24.492802" level="INFO">&amp;{headers} = { }</msg>
<var>&amp;{headers}</var>
<doc>Creates and returns a dictionary based on the given ``items``.</doc>
<status status="PASS" start="2026-06-24T17:52:24.492710" elapsed="0.000100"/>
</kw>
<kw name="Create Dictionary" owner="BuiltIn">
<msg time="2026-06-24T17:52:24.492931" level="INFO">&amp;{params} = { }</msg>
<var>&amp;{params}</var>
<doc>Creates and returns a dictionary based on the given ``items``.</doc>
<status status="PASS" start="2026-06-24T17:52:24.492852" elapsed="0.000087"/>
</kw>
<if>
<branch type="IF" condition="'${accept}'!=''">
<kw name="Set To Dictionary" owner="Collections">
<arg>${headers}</arg>
<arg>Accept=${accept}</arg>
<doc>Adds the given ``key_value_pairs`` and/or ``items`` to the ``dictionary``.</doc>
<status status="NOT RUN" start="2026-06-24T17:52:24.493025" elapsed="0.000006"/>
</kw>
<status status="NOT RUN" start="2026-06-24T17:52:24.492962" elapsed="0.000079"/>
</branch>
<status status="PASS" start="2026-06-24T17:52:24.492956" elapsed="0.000092"/>
</if>
<if>
<branch type="IF" condition="'${context}'!=''">
<kw name="Build Context Link" owner="Common">
<var>${context_link}</var>
<arg>${context}</arg>
<status status="NOT RUN" start="2026-06-24T17:52:24.493124" elapsed="0.000006"/>
</kw>
<kw name="Set To Dictionary" owner="Collections">
<arg>${headers}</arg>
<arg>Link=${context_link}</arg>
<doc>Adds the given ``key_value_pairs`` and/or ``items`` to the ``dictionary``.</doc>
<status status="NOT RUN" start="2026-06-24T17:52:24.493162" elapsed="0.000005"/>
</kw>
<status status="NOT RUN" start="2026-06-24T17:52:24.493062" elapsed="0.000113"/>
</branch>
<status status="PASS" start="2026-06-24T17:52:24.493058" elapsed="0.000123"/>
</if>
<if>
<branch type="IF" condition="${attrs_length}&gt;0">
<kw name="Set To Dictionary" owner="Collections">
<arg>${params}</arg>
<arg>attrs=${attrs}</arg>
<doc>Adds the given ``key_value_pairs`` and/or ``items`` to the ``dictionary``.</doc>
<status status="NOT RUN" start="2026-06-24T17:52:24.493244" elapsed="0.000004"/>
</kw>
<status status="NOT RUN" start="2026-06-24T17:52:24.493195" elapsed="0.000061"/>
</branch>
<status status="PASS" start="2026-06-24T17:52:24.493191" elapsed="0.000070"/>
</if>
<if>
<branch type="IF" condition="${options_length}&gt;0">
<kw name="Set To Dictionary" owner="Collections">
<arg>${params}</arg>
<arg>options=${options}</arg>
<doc>Adds the given ``key_value_pairs`` and/or ``items`` to the ``dictionary``.</doc>
<status status="NOT RUN" start="2026-06-24T17:52:24.493320" elapsed="0.000005"/>
</kw>
<status status="NOT RUN" start="2026-06-24T17:52:24.493274" elapsed="0.000060"/>
</branch>
<status status="PASS" start="2026-06-24T17:52:24.493271" elapsed="0.000068"/>
</if>
<if>
<branch type="IF" condition="'${timerel}'!=''">
<kw name="Set To Dictionary" owner="Collections">
<arg>${params}</arg>
<arg>timerel=${timerel}</arg>
<doc>Adds the given ``key_value_pairs`` and/or ``items`` to the ``dictionary``.</doc>
<status status="NOT RUN" start="2026-06-24T17:52:24.493397" elapsed="0.000004"/>
</kw>
<status status="NOT RUN" start="2026-06-24T17:52:24.493352" elapsed="0.000057"/>
</branch>
<status status="PASS" start="2026-06-24T17:52:24.493348" elapsed="0.000067"/>
</if>
<if>
<branch type="IF" condition="'${timeAt}'!=''">
<kw name="Set To Dictionary" owner="Collections">
<arg>${params}</arg>
<arg>timeAt=${timeAt}</arg>
<doc>Adds the given ``key_value_pairs`` and/or ``items`` to the ``dictionary``.</doc>
<status status="NOT RUN" start="2026-06-24T17:52:24.493483" elapsed="0.000007"/>
</kw>
<status status="NOT RUN" start="2026-06-24T17:52:24.493427" elapsed="0.000076"/>
</branch>
<status status="PASS" start="2026-06-24T17:52:24.493424" elapsed="0.000087"/>
</if>
<if>
<branch type="IF" condition="'${endTimeAt}'!=''">
<kw name="Set To Dictionary" owner="Collections">
<arg>${params}</arg>
<arg>endTimeAt=${endTimeAt}</arg>
<doc>Adds the given ``key_value_pairs`` and/or ``items`` to the ``dictionary``.</doc>
<status status="NOT RUN" start="2026-06-24T17:52:24.493591" elapsed="0.000005"/>
</kw>
<status status="NOT RUN" start="2026-06-24T17:52:24.493535" elapsed="0.000193"/>
</branch>
<status status="PASS" start="2026-06-24T17:52:24.493529" elapsed="0.000208"/>
</if>
<if>
<branch type="IF" condition="'${lastN}'!=''">
<kw name="Set To Dictionary" owner="Collections">
<arg>${params}</arg>
<arg>lastN=${lastN}</arg>
<doc>Adds the given ``key_value_pairs`` and/or ``items`` to the ``dictionary``.</doc>
<status status="NOT RUN" start="2026-06-24T17:52:24.493810" elapsed="0.000005"/>
</kw>
<status status="NOT RUN" start="2026-06-24T17:52:24.493753" elapsed="0.000072"/>
</branch>
<status status="PASS" start="2026-06-24T17:52:24.493748" elapsed="0.000082"/>
</if>
<if>
<branch type="IF" condition="'${aggrMethods}'!=''">
<kw name="Set To Dictionary" owner="Collections">
<arg>${params}</arg>
<arg>aggrMethods=${aggrMethods}</arg>
<doc>Adds the given ``key_value_pairs`` and/or ``items`` to the ``dictionary``.</doc>
<status status="NOT RUN" start="2026-06-24T17:52:24.493888" elapsed="0.000005"/>
</kw>
<status status="NOT RUN" start="2026-06-24T17:52:24.493842" elapsed="0.000060"/>
</branch>
<status status="PASS" start="2026-06-24T17:52:24.493839" elapsed="0.000069"/>
</if>
<if>
<branch type="IF" condition="'${aggrPeriodDuration}'!=''">
<kw name="Set To Dictionary" owner="Collections">
<arg>${params}</arg>
<arg>aggrPeriodDuration=${aggrPeriodDuration}</arg>
<doc>Adds the given ``key_value_pairs`` and/or ``items`` to the ``dictionary``.</doc>
<status status="NOT RUN" start="2026-06-24T17:52:24.493965" elapsed="0.000004"/>
</kw>
<status status="NOT RUN" start="2026-06-24T17:52:24.493920" elapsed="0.000058"/>
</branch>
<status status="PASS" start="2026-06-24T17:52:24.493917" elapsed="0.000066"/>
</if>
<if>
<branch type="IF" condition="'${timeproperty}'!=''">
<kw name="Set To Dictionary" owner="Collections">
<arg>${params}</arg>
<arg>timeproperty=${timeproperty}</arg>
<doc>Adds the given ``key_value_pairs`` and/or ``items`` to the ``dictionary``.</doc>
<status status="NOT RUN" start="2026-06-24T17:52:24.494040" elapsed="0.000005"/>
</kw>
<status status="NOT RUN" start="2026-06-24T17:52:24.493995" elapsed="0.000059"/>
</branch>
<status status="PASS" start="2026-06-24T17:52:24.493991" elapsed="0.000069"/>
</if>
<if>
<branch type="IF" condition="${pick_length}&gt;0">
<kw name="Set To Dictionary" owner="Collections">
<arg>${params}</arg>
<arg>pick=${pick}</arg>
<doc>Adds the given ``key_value_pairs`` and/or ``items`` to the ``dictionary``.</doc>
<status status="NOT RUN" start="2026-06-24T17:52:24.494116" elapsed="0.000005"/>
</kw>
<status status="NOT RUN" start="2026-06-24T17:52:24.494072" elapsed="0.000058"/>
</branch>
<status status="PASS" start="2026-06-24T17:52:24.494068" elapsed="0.000068"/>
</if>
<if>
<branch type="IF" condition="${omit_length}&gt;0">
<kw name="Set To Dictionary" owner="Collections">
<arg>${params}</arg>
<arg>omit=${omit}</arg>
<doc>Adds the given ``key_value_pairs`` and/or ``items`` to the ``dictionary``.</doc>
<status status="NOT RUN" start="2026-06-24T17:52:24.494194" elapsed="0.000004"/>
</kw>
<status status="NOT RUN" start="2026-06-24T17:52:24.494149" elapsed="0.000058"/>
</branch>
<status status="PASS" start="2026-06-24T17:52:24.494145" elapsed="0.000067"/>
</if>
<kw name="GET" owner="RequestsLibrary">
<msg time="2026-06-24T17:52:24.497163" level="INFO">GET Request : url=http://localhost:9090/ngsi-ld/v1/temporal/entities/urn:ngsi-ld:Vehicle:5911500122458700 
 path_url=/ngsi-ld/v1/temporal/entities/urn:ngsi-ld:Vehicle:5911500122458700 
 headers={'User-Agent': 'python-requests/2.34.2', 'Accept-Encoding': 'gzip, deflate', 'Accept': '*/*', 'Connection': 'keep-alive'} 
 body=None 
 </msg>
<msg time="2026-06-24T17:52:24.497190" level="INFO">GET Response : url=http://localhost:9090/ngsi-ld/v1/temporal/entities/urn:ngsi-ld:Vehicle:5911500122458700 
 status=200, reason=OK 
 headers={'content-length': '1143', 'Content-Type': 'application/json', 'Link': '&lt;https://uri.etsi.org/ngsi-ld/v1/ngsi-ld-core-context-v1.9.jsonld&gt;; rel="http://www.w3.org/ns/json-ld#context"; type="application/ld+json"'} 
 body={
  "id" : "urn:ngsi-ld:Vehicle:5911500122458700",
  "type" : "Vehicle",
  "fuelLevel" : [ {
    "type" : "Property",
    "value" : 67,
    "observedAt" : "2020-09-01T12:03:00Z",
    "instanceId" : "urn:ngsi-ld:Instance:6f93a2ca-3c1d-497a-9648-ac25fac8a16c"
  }, {
    "type" : "Property",
    "value" : 53,
    "observedAt" : "2020-09-01T13:05:00Z",
    "instanceId" : "urn:ngsi-ld:Instance:d7841c65-6228-4231-8ef3-41bc8c26550e"
  }, {
    "type" : "Property",
    "value" : 40,
    "observedAt" : "2020-09-01T14:07:00Z",
    "instanceId" : "urn:ngsi-ld:Instance:b20fada8-f826-4630-ac5a-eadd3a2c4285"
  } ],
  "speed" : [ {
    "type" : "Property",
    "value" : 120,
    "observedAt" : "2020-09-01T12:03:00Z",
    "instanceId" : "urn:ngsi-ld:Instance:e93a739a-a0f3-4dc3-b7d1-1278fa0dc197"
  }, {
    "type" : "Property",
    "value" : 80,
    "observedAt" : "2020-09-01T12:05:00Z",
    "instanceId" : "urn:ngsi-ld:Instance:e69fa639-6025-451c-9623-0bffadf1a46b"
  }, {
    "type" : "Property",
    "value" : 100,
    "observedAt" : "2020-09-01T12:07:00Z",
    "instanceId" : "urn:ngsi-ld:Instance:398ebb13-7831-4ae2-b4f1-78eb49dd48ab"
  } ]
} 
 </msg>
<msg time="2026-06-24T17:52:24.497232" level="INFO">${response} = &lt;Response [200]&gt;</msg>
<var>${response}</var>
<arg>url=${temporal_api_url}/${TEMPORAL_ENTITIES_ENDPOINT_PATH}/${temporal_entity_representation_id}</arg>
<arg>headers=${headers}</arg>
<arg>params=${params}</arg>
<arg>expected_status=any</arg>
<doc>Sends a GET request.</doc>
<status status="PASS" start="2026-06-24T17:52:24.494243" elapsed="0.002996"/>
</kw>
<kw name="Output" owner="logUtils">
<msg time="2026-06-24T17:52:24.497390" level="INFO">
Retrieve Temporal Representation Of Entity</msg>
<msg time="2026-06-24T17:52:24.497414" level="INFO">Request -&gt;</msg>
<msg time="2026-06-24T17:52:24.497431" level="INFO">{
    "method": "GET",
    "url": "http://localhost:9090/ngsi-ld/v1/temporal/entities/urn:ngsi-ld:Vehicle:5911500122458700",
    "headers": {
        "User-Agent": "python-requests/2.34.2",
        "Accept-Encoding": "gzip, deflate",
        "Accept": "*/*",
        "Connection": "keep-alive"
    },
    "body": null
}</msg>
<msg time="2026-06-24T17:52:24.497441" level="INFO">Response -&gt;</msg>
<msg time="2026-06-24T17:52:24.497449" level="INFO">{
    "url": "http://localhost:9090/ngsi-ld/v1/temporal/entities/urn:ngsi-ld:Vehicle:5911500122458700",
    "headers": {
        "content-length": "1143",
        "Content-Type": "application/json",
        "Link": "&lt;https://uri.etsi.org/ngsi-ld/v1/ngsi-ld-core-context-v1.9.jsonld&gt;; rel=\"http://www.w3.org/ns/json-ld#context\"; type=\"application/ld+json\""
    },
    "status_code": 200,
    "reason": "OK",
    "body": {
        "id": "urn:ngsi-ld:Vehicle:5911500122458700",
        "type": "Vehicle",
        "fuelLevel": [
            {
                "type": "Property",
                "value": 67,
                "observedAt": "2020-09-01T12:03:00Z",
                "instanceId": "urn:ngsi-ld:Instance:6f93a2ca-3c1d-497a-9648-ac25fac8a16c"
            },
            {
                "type": "Property",
                "value": 53,
                "observedAt": "2020-09-01T13:05:00Z",
                "instanceId": "urn:ngsi-ld:Instance:d7841c65-6228-4231-8ef3-41bc8c26550e"
            },
            {
                "type": "Property",
                "value": 40,
                "observedAt": "2020-09-01T14:07:00Z",
                "instanceId": "urn:ngsi-ld:Instance:b20fada8-f826-4630-ac5a-eadd3a2c4285"
            }
        ],
        "speed": [
            {
                "type": "Property",
                "value": 120,
                "observedAt": "2020-09-01T12:03:00Z",
                "instanceId": "urn:ngsi-ld:Instance:e93a739a-a0f3-4dc3-b7d1-1278fa0dc197"
            },
            {
                "type": "Property",
                "value": 80,
                "observedAt": "2020-09-01T12:05:00Z",
                "instanceId": "urn:ngsi-ld:Instance:e69fa639-6025-451c-9623-0bffadf1a46b"
            },
            {
                "type": "Property",
                "value": 100,
                "observedAt": "2020-09-01T12:07:00Z",
                "instanceId": "urn:ngsi-ld:Instance:398ebb13-7831-4ae2-b4f1-78eb49dd48ab"
            }
        ]
    }
}</msg>
<arg>${response}</arg>
<arg>Retrieve Temporal Representation Of Entity</arg>
<tag>I/O</tag>
<doc>*Request and response are output to terminal and file (in JSON).*
:param response: response to a request
:param description: explains what request is being made
:param console: If false, the JSON is not written to terminal. Default is true.</doc>
<status status="PASS" start="2026-06-24T17:52:24.497293" elapsed="0.000301"/>
</kw>
<return>
<value>${response}</value>
<status status="PASS" start="2026-06-24T17:52:24.497621" elapsed="0.000021"/>
</return>
<msg time="2026-06-24T17:52:24.497702" level="INFO">${response1} = &lt;Response [200]&gt;</msg>
<var>${response1}</var>
<arg>temporal_entity_representation_id=${temporal_entity_representation_id}</arg>
<tag>actor_context-consumer</tag>
<status status="PASS" start="2026-06-24T17:52:24.489757" elapsed="0.007954"/>
</kw>
<status status="PASS" start="2026-06-24T17:52:24.489518" elapsed="0.008204"/>
</branch>
<status status="PASS" start="2026-06-24T17:52:24.489512" elapsed="0.008218"/>
</if>
<if>
<branch type="IF" condition="'${content_type}'=='application/ld+json'">
<kw name="Retrieve Temporal Representation Of Entity" owner="TemporalContextInformationConsumption">
<var>${response1}</var>
<arg>temporal_entity_representation_id=${temporal_entity_representation_id}</arg>
<arg>context=${ngsild_test_suite_context}</arg>
<tag>actor_context-consumer</tag>
<status status="NOT RUN" start="2026-06-24T17:52:24.498099" elapsed="0.000011"/>
</kw>
<status status="NOT RUN" start="2026-06-24T17:52:24.497750" elapsed="0.000374"/>
</branch>
<status status="PASS" start="2026-06-24T17:52:24.497745" elapsed="0.000386"/>
</if>
<kw name="Create List" owner="BuiltIn">
<msg time="2026-06-24T17:52:24.498273" level="INFO">${ignored_attributes} = ['instanceId', '@context']</msg>
<var>${ignored_attributes}</var>
<arg>instanceId</arg>
<arg>@context</arg>
<doc>Returns a list containing given items.</doc>
<status status="PASS" start="2026-06-24T17:52:24.498170" elapsed="0.000112"/>
</kw>
<kw name="Load Test Sample" owner="JsonUtils">
<kw name="Load Json From File" owner="JSONLibrary">
<msg time="2026-06-24T17:52:24.498921" level="INFO">${test_sample} = {'id': 'urn:ngsi-ld:Vehicle:randomUUID', 'type': 'Vehicle', 'speed': [{'type': 'Property', 'value': 120, 'observedAt': '2020-09-01T12:03:00Z'}, {'type': 'Property', 'value': 80, 'observedAt': '2020-09...</msg>
<var>${test_sample}</var>
<arg>${EXECDIR}/data/${test_sample_file_path}</arg>
<doc>Load JSON from file.</doc>
<status status="PASS" start="2026-06-24T17:52:24.498470" elapsed="0.000464"/>
</kw>
<if>
<branch type="IF" condition="'${test_sample_id}'!=''">
<kw name="Update Value To Json" owner="JSONLibrary">
<msg time="2026-06-24T17:52:24.505563" level="INFO">${test_sample} = {'id': 'urn:ngsi-ld:Vehicle:5911500122458700', 'type': 'Vehicle', 'speed': [{'type': 'Property', 'value': 120, 'observedAt': '2020-09-01T12:03:00Z'}, {'type': 'Property', 'value': 80, 'observedAt': '2...</msg>
<var>${test_sample}</var>
<arg>${test_sample}</arg>
<arg>$.id</arg>
<arg>${test_sample_id}</arg>
<doc>Update value to JSON using JSONPath</doc>
<status status="PASS" start="2026-06-24T17:52:24.499036" elapsed="0.006542"/>
</kw>
<status status="PASS" start="2026-06-24T17:52:24.498966" elapsed="0.006632"/>
</branch>
<status status="PASS" start="2026-06-24T17:52:24.498958" elapsed="0.006649"/>
</if>
<return>
<value>${test_sample}</value>
<status status="PASS" start="2026-06-24T17:52:24.505622" elapsed="0.000016"/>
</return>
<msg time="2026-06-24T17:52:24.505690" level="INFO">${temporal_entity_expectation_payload} = {'id': 'urn:ngsi-ld:Vehicle:5911500122458700', 'type': 'Vehicle', 'speed': [{'type': 'Property', 'value': 120, 'observedAt': '2020-09-01T12:03:00Z'}, {'type': 'Property', 'value': 80, 'observedAt': '2...</msg>
<var>${temporal_entity_expectation_payload}</var>
<arg>temporalEntities/expectations/${expectation_filename}</arg>
<arg>${temporal_entity_representation_id}</arg>
<status status="PASS" start="2026-06-24T17:52:24.498344" elapsed="0.007354"/>
</kw>
<kw name="Check Created Resource Set To" owner="AssertionUtils">
<kw name="Check Resource Set To" owner="AssertionUtils">
<kw name="Compare Dictionaries Ignoring Keys" owner="assertionUtils">
<msg time="2026-06-24T17:52:24.507024" level="INFO">${comparison_result} = {}</msg>
<var>${comparison_result}</var>
<arg>${expected_resource}</arg>
<arg>${response_body}</arg>
<arg>${ignored_keys}</arg>
<arg>group_by=${group_by}</arg>
<doc>Function exposed as a keyword to compare two dictionaries
:param expected: expected dictionary
:param actual: actual dictionary
:param exclude_regex_paths: list of regex paths of keys to be ignored
:param ignore_core_context_version: whether any core context version is allowed in the results
:param group_by: a key to group the results, useful for lists of results</doc>
<status status="PASS" start="2026-06-24T17:52:24.506303" elapsed="0.000733"/>
</kw>
<kw name="Should Be Empty" owner="BuiltIn">
<msg time="2026-06-24T17:52:24.507543" level="INFO">Length is 0.</msg>
<arg>${comparison_result}</arg>
<arg>msg=${comparison_result.pretty()}</arg>
<doc>Verifies that the given item is empty.</doc>
<status status="PASS" start="2026-06-24T17:52:24.507093" elapsed="0.000472"/>
</kw>
<arg>${created_resource}</arg>
<arg>${response_body}</arg>
<arg>${ignored_keys}</arg>
<status status="PASS" start="2026-06-24T17:52:24.506157" elapsed="0.001433"/>
</kw>
<arg>${temporal_entity_expectation_payload}</arg>
<arg>${response1.json()}</arg>
<arg>${ignored_attributes}</arg>
<status status="PASS" start="2026-06-24T17:52:24.505765" elapsed="0.001842"/>
</kw>
<arg>vehicle-create-temporal-representation-without-context.jsonld</arg>
<arg>vehicle-temporal-representation-create-with-no-context.jsonld</arg>
<arg>application/json</arg>
<tag>5_6_11</tag>
<tag>te-create</tag>
<doc>Check that one can create a temporal representation of an entity</doc>
<status status="PASS" start="2026-06-24T17:52:24.467565" elapsed="0.040056"/>
</kw>
<kw name="Delete Temporal Entity" type="TEARDOWN">
<kw name="Delete Temporal Representation Of Entity" owner="TemporalContextInformationProvision">
<kw name="DELETE" owner="RequestsLibrary">
<msg time="2026-06-24T17:52:24.510196" level="INFO">DELETE Request : url=http://localhost:9090/ngsi-ld/v1/temporal/entities/urn:ngsi-ld:Vehicle:5911500122458700 
 path_url=/ngsi-ld/v1/temporal/entities/urn:ngsi-ld:Vehicle:5911500122458700 
 headers={'User-Agent': 'python-requests/2.34.2', 'Accept-Encoding': 'gzip, deflate', 'Accept': '*/*', 'Connection': 'keep-alive', 'Content-Length': '0'} 
 body=None 
 </msg>
<msg time="2026-06-24T17:52:24.510216" level="INFO">DELETE Response : url=http://localhost:9090/ngsi-ld/v1/temporal/entities/urn:ngsi-ld:Vehicle:5911500122458700 
 status=204, reason=No Content 
 headers={} 
 body=None 
 </msg>
<msg time="2026-06-24T17:52:24.510255" level="INFO">${response} = &lt;Response [204]&gt;</msg>
<var>${response}</var>
<arg>url=${url}/${TEMPORAL_ENTITIES_ENDPOINT_PATH}/${temporal_entity_representation_id}</arg>
<arg>expected_status=any</arg>
<doc>Sends a DELETE request.</doc>
<status status="PASS" start="2026-06-24T17:52:24.507916" elapsed="0.002347"/>
</kw>
<kw name="Output" owner="logUtils">
<msg time="2026-06-24T17:52:24.510403" level="INFO">
Delete Temporal Representation Of Entity</msg>
<msg time="2026-06-24T17:52:24.510419" level="INFO">Request -&gt;</msg>
<msg time="2026-06-24T17:52:24.510427" level="INFO">{
    "method": "DELETE",
    "url": "http://localhost:9090/ngsi-ld/v1/temporal/entities/urn:ngsi-ld:Vehicle:5911500122458700",
    "headers": {
        "User-Agent": "python-requests/2.34.2",
        "Accept-Encoding": "gzip, deflate",
        "Accept": "*/*",
        "Connection": "keep-alive",
        "Content-Length": "0"
    },
    "body": null
}</msg>
<msg time="2026-06-24T17:52:24.510435" level="INFO">Response -&gt;</msg>
<msg time="2026-06-24T17:52:24.510442" level="INFO">{
    "url": "http://localhost:9090/ngsi-ld/v1/temporal/entities/urn:ngsi-ld:Vehicle:5911500122458700",
    "headers": {},
    "status_code": 204,
    "reason": "No Content",
    "body": null
}</msg>
<arg>${response}</arg>
<arg>Delete Temporal Representation Of Entity</arg>
<tag>I/O</tag>
<doc>*Request and response are output to terminal and file (in JSON).*
:param response: response to a request
:param description: explains what request is being made
:param console: If false, the JSON is not written to terminal. Default is true.</doc>
<status status="PASS" start="2026-06-24T17:52:24.510314" elapsed="0.000141"/>
</kw>
<return>
<value>${response}</value>
<status status="PASS" start="2026-06-24T17:52:24.510487" elapsed="0.000021"/>
</return>
<arg>${temporal_entity_representation_id}</arg>
<tag>actor_context-producer</tag>
<status status="PASS" start="2026-06-24T17:52:24.507820" elapsed="0.002724"/>
</kw>
<status status="PASS" start="2026-06-24T17:52:24.507707" elapsed="0.002854"/>
</kw>
<status status="PASS" start="2026-06-24T17:52:24.467381" elapsed="0.043194"/>
</test>
<doc>Check that one can create a temporal representation of an entity</doc>
<status status="PASS" start="2026-06-24T17:52:24.243417" elapsed="0.267329"/>
</suite>
<suite id="s1-s1-s2" name="007 02" source="/workspace/ngsi-ld-test-suite/TP/NGSI-LD/ContextInformation/Provision/TemporalEntity/CreateTemporalRepresentationOfEntity/007_02.robot">
<test id="s1-s1-s2-t1" name="007_02_01 Create A Temporal Entity With An Invalid Json" line="16">
<kw name="Create Temporal Entity From File">
<kw name="Create Temporal Representation Of Entity Selecting Content Type" owner="TemporalContextInformationProvision">
<kw name="Get File" owner="OperatingSystem">
<msg time="2026-06-24T17:52:24.516637" level="INFO" html="true">Getting file '&lt;a href="file:///workspace/ngsi-ld-test-suite/data/temporalEntities/vehicle-temporal-representation-invalid-json.jsonld"&gt;/workspace/ngsi-ld-test-suite/data/temporalEntities/vehicle-temporal-representation-invalid-json.jsonld&lt;/a&gt;'.</msg>
<msg time="2026-06-24T17:52:24.516989" level="INFO">${file_content} = {
   "id":"urn:ngsi-ld:Vehicle:8313926113148778",,
   "type":"Vehicle",
   "brandName":[
      {
         "type":"Property",
         "value":"BMW"
      }
   ],
   "speed":[
      {
         "type":"...</msg>
<var>${file_content}</var>
<arg>${EXECDIR}/data/temporalEntities/${filename}</arg>
<doc>Returns the contents of a specified file.</doc>
<status status="PASS" start="2026-06-24T17:52:24.516205" elapsed="0.000801"/>
</kw>
<kw name="Create Dictionary" owner="BuiltIn">
<msg time="2026-06-24T17:52:24.517256" level="INFO">&amp;{headers} = { Content-Type=application/ld+json }</msg>
<var>&amp;{headers}</var>
<arg>Content-Type=${content_type}</arg>
<doc>Creates and returns a dictionary based on the given ``items``.</doc>
<status status="PASS" start="2026-06-24T17:52:24.517077" elapsed="0.000190"/>
</kw>
<kw name="POST" owner="RequestsLibrary">
<msg time="2026-06-24T17:52:24.519945" level="INFO">POST Request : url=http://localhost:9090/ngsi-ld/v1/temporal/entities 
 path_url=/ngsi-ld/v1/temporal/entities 
 headers={'User-Agent': 'python-requests/2.34.2', 'Accept-Encoding': 'gzip, deflate', 'Accept': '*/*', 'Connection': 'keep-alive', 'Content-Type': 'application/ld+json', 'Content-Length': '965'} 
 body={
   "id":"urn:ngsi-ld:Vehicle:8313926113148778",,
   "type":"Vehicle",
   "brandName":[
      {
         "type":"Property",
         "value":"BMW"
      }
   ],
   "speed":[
      {
         "type":"Property",
         "value":120,
         "observedAt":"2020-09-01T12:03:00Z"
      },
      {
         "type":"Property",
         "value":80,
         "observedAt":"2020-09-01T12:05:00Z"
      },
      {
         "type":"Property",
         "value":100,
         "observedAt":"2020-09-01T12:07:00Z"
      }
   ],
   "fuelLevel":[
      {
         "type":"Property",
         "value":67,
         "observedAt":"2020-09-01T12:03:00Z"
      },
      {
         "type":"Property",
         "value":53,
         "observedAt":"2020-09-01T13:05:00Z"
      },
      {
         "type":"Property",
         "value":40,
         "observedAt":"2020-09-01T14:07:00Z"
      }
   ],
   "@context":[
      "https://uri.etsi.org/ngsi-ld/v1/ngsi-ld-core-context-v1.8.jsonld"
   ]
} 
 </msg>
<msg time="2026-06-24T17:52:24.519980" level="INFO">POST Response : url=http://localhost:9090/ngsi-ld/v1/temporal/entities 
 status=400, reason=Bad Request 
 headers={'content-length': '160', 'Content-Type': 'application/json'} 
 body={"type":"https://uri.etsi.org/ngsi-ld/errors/InvalidRequest","title":"Invalid request.","detail":"There is an error in the provided json document","status":400} 
 </msg>
<msg time="2026-06-24T17:52:24.520083" level="INFO">${response} = &lt;Response [400]&gt;</msg>
<var>${response}</var>
<arg>url=${url}/${TEMPORAL_ENTITIES_ENDPOINT_PATH}</arg>
<arg>data=${file_content}</arg>
<arg>headers=${headers}</arg>
<arg>expected_status=any</arg>
<doc>Sends a POST request.</doc>
<status status="PASS" start="2026-06-24T17:52:24.517317" elapsed="0.002780"/>
</kw>
<kw name="Output" owner="logUtils">
<msg time="2026-06-24T17:52:24.520312" level="INFO">
Create Temporal Representation Of Entity Selecting Content Type</msg>
<msg time="2026-06-24T17:52:24.520331" level="INFO">Request -&gt;</msg>
<msg time="2026-06-24T17:52:24.520338" level="INFO">{
    "method": "POST",
    "url": "http://localhost:9090/ngsi-ld/v1/temporal/entities",
    "headers": {
        "User-Agent": "python-requests/2.34.2",
        "Accept-Encoding": "gzip, deflate",
        "Accept": "*/*",
        "Connection": "keep-alive",
        "Content-Type": "application/ld+json",
        "Content-Length": "965"
    },
    "body": "{\n   \"id\":\"urn:ngsi-ld:Vehicle:8313926113148778\",,\n   \"type\":\"Vehicle\",\n   \"brandName\":[\n      {\n         \"type\":\"Property\",\n         \"value\":\"BMW\"\n      }\n   ],\n   \"speed\":[\n      {\n         \"type\":\"Property\",\n         \"value\":120,\n         \"observedAt\":\"2020-09-01T12:03:00Z\"\n      },\n      {\n         \"type\":\"Property\",\n         \"value\":80,\n         \"observedAt\":\"2020-09-01T12:05:00Z\"\n      },\n      {\n         \"type\":\"Property\",\n         \"value\":100,\n         \"observedAt\":\"2020-09-01T12:07:00Z\"\n      }\n   ],\n   \"fuelLevel\":[\n      {\n         \"type\":\"Property\",\n         \"value\":67,\n         \"observedAt\":\"2020-09-01T12:03:00Z\"\n      },\n      {\n         \"type\":\"Property\",\n         \"value\":53,\n         \"observedAt\":\"2020-09-01T13:05:00Z\"\n      },\n      {\n         \"type\":\"Property\",\n         \"value\":40,\n         \"observedAt\":\"2020-09-01T14:07:00Z\"\n      }\n   ],\n   \"@context\":[\n      \"https://uri.etsi.org/ngsi-ld/v1/ngsi-ld-core-context-v1.8.jsonld\"\n   ]\n}"
}</msg>
<msg time="2026-06-24T17:52:24.520521" level="INFO">Response -&gt;</msg>
<msg time="2026-06-24T17:52:24.520541" level="INFO">{
    "url": "http://localhost:9090/ngsi-ld/v1/temporal/entities",
    "headers": {
        "content-length": "160",
        "Content-Type": "application/json"
    },
    "status_code": 400,
    "reason": "Bad Request",
    "body": {
        "type": "https://uri.etsi.org/ngsi-ld/errors/InvalidRequest",
        "title": "Invalid request.",
[...]
<if>
<branch type="IF" condition="${attrs_length}&gt;0">
<kw name="Set To Dictionary" owner="Collections">
<arg>${params}</arg>
<arg>attrs=${attrs}</arg>
<doc>Adds the given ``key_value_pairs`` and/or ``items`` to the ``dictionary``.</doc>
<status status="NOT RUN" start="2026-06-24T17:52:24.732584" elapsed="0.000006"/>
</kw>
<status status="NOT RUN" start="2026-06-24T17:52:24.732528" elapsed="0.000072"/>
</branch>
<status status="PASS" start="2026-06-24T17:52:24.732523" elapsed="0.000082"/>
</if>
<if>
<branch type="IF" condition="${options_length}&gt;0">
<kw name="Set To Dictionary" owner="Collections">
<arg>${params}</arg>
<arg>options=${options}</arg>
<doc>Adds the given ``key_value_pairs`` and/or ``items`` to the ``dictionary``.</doc>
<status status="NOT RUN" start="2026-06-24T17:52:24.732666" elapsed="0.000005"/>
</kw>
<status status="NOT RUN" start="2026-06-24T17:52:24.732619" elapsed="0.000062"/>
</branch>
<status status="PASS" start="2026-06-24T17:52:24.732615" elapsed="0.000072"/>
</if>
<if>
<branch type="IF" condition="'${timerel}'!=''">
<kw name="Set To Dictionary" owner="Collections">
<arg>${params}</arg>
<arg>timerel=${timerel}</arg>
<doc>Adds the given ``key_value_pairs`` and/or ``items`` to the ``dictionary``.</doc>
<status status="NOT RUN" start="2026-06-24T17:52:24.732749" elapsed="0.000004"/>
</kw>
<status status="NOT RUN" start="2026-06-24T17:52:24.732701" elapsed="0.000061"/>
</branch>
<status status="PASS" start="2026-06-24T17:52:24.732697" elapsed="0.000071"/>
</if>
<if>
<branch type="IF" condition="'${timeAt}'!=''">
<kw name="Set To Dictionary" owner="Collections">
<arg>${params}</arg>
<arg>timeAt=${timeAt}</arg>
<doc>Adds the given ``key_value_pairs`` and/or ``items`` to the ``dictionary``.</doc>
<status status="NOT RUN" start="2026-06-24T17:52:24.732828" elapsed="0.000006"/>
</kw>
<status status="NOT RUN" start="2026-06-24T17:52:24.732781" elapsed="0.000207"/>
</branch>
<status status="PASS" start="2026-06-24T17:52:24.732777" elapsed="0.000221"/>
</if>
<if>
<branch type="IF" condition="'${endTimeAt}'!=''">
<kw name="Set To Dictionary" owner="Collections">
<arg>${params}</arg>
<arg>endTimeAt=${endTimeAt}</arg>
<doc>Adds the given ``key_value_pairs`` and/or ``items`` to the ``dictionary``.</doc>
<status status="NOT RUN" start="2026-06-24T17:52:24.733079" elapsed="0.000006"/>
</kw>
<status status="NOT RUN" start="2026-06-24T17:52:24.733016" elapsed="0.000079"/>
</branch>
<status status="PASS" start="2026-06-24T17:52:24.733011" elapsed="0.000090"/>
</if>
<if>
<branch type="IF" condition="'${lastN}'!=''">
<kw name="Set To Dictionary" owner="Collections">
<arg>${params}</arg>
<arg>lastN=${lastN}</arg>
<doc>Adds the given ``key_value_pairs`` and/or ``items`` to the ``dictionary``.</doc>
<status status="NOT RUN" start="2026-06-24T17:52:24.733166" elapsed="0.000005"/>
</kw>
<status status="NOT RUN" start="2026-06-24T17:52:24.733117" elapsed="0.000064"/>
</branch>
<status status="PASS" start="2026-06-24T17:52:24.733112" elapsed="0.000075"/>
</if>
<if>
<branch type="IF" condition="'${aggrMethods}'!=''">
<kw name="Set To Dictionary" owner="Collections">
<arg>${params}</arg>
<arg>aggrMethods=${aggrMethods}</arg>
<doc>Adds the given ``key_value_pairs`` and/or ``items`` to the ``dictionary``.</doc>
<status status="NOT RUN" start="2026-06-24T17:52:24.733252" elapsed="0.000004"/>
</kw>
<status status="NOT RUN" start="2026-06-24T17:52:24.733201" elapsed="0.000064"/>
</branch>
<status status="PASS" start="2026-06-24T17:52:24.733197" elapsed="0.000074"/>
</if>
<if>
<branch type="IF" condition="'${aggrPeriodDuration}'!=''">
<kw name="Set To Dictionary" owner="Collections">
<arg>${params}</arg>
<arg>aggrPeriodDuration=${aggrPeriodDuration}</arg>
<doc>Adds the given ``key_value_pairs`` and/or ``items`` to the ``dictionary``.</doc>
<status status="NOT RUN" start="2026-06-24T17:52:24.733332" elapsed="0.000005"/>
</kw>
<status status="NOT RUN" start="2026-06-24T17:52:24.733284" elapsed="0.000063"/>
</branch>
<status status="PASS" start="2026-06-24T17:52:24.733280" elapsed="0.000073"/>
</if>
<if>
<branch type="IF" condition="'${timeproperty}'!=''">
<kw name="Set To Dictionary" owner="Collections">
<arg>${params}</arg>
<arg>timeproperty=${timeproperty}</arg>
<doc>Adds the given ``key_value_pairs`` and/or ``items`` to the ``dictionary``.</doc>
<status status="NOT RUN" start="2026-06-24T17:52:24.733416" elapsed="0.000005"/>
</kw>
<status status="NOT RUN" start="2026-06-24T17:52:24.733366" elapsed="0.000063"/>
</branch>
<status status="PASS" start="2026-06-24T17:52:24.733363" elapsed="0.000072"/>
</if>
<if>
<branch type="IF" condition="${pick_length}&gt;0">
<kw name="Set To Dictionary" owner="Collections">
<arg>${params}</arg>
<arg>pick=${pick}</arg>
<doc>Adds the given ``key_value_pairs`` and/or ``items`` to the ``dictionary``.</doc>
<status status="NOT RUN" start="2026-06-24T17:52:24.733522" elapsed="0.000008"/>
</kw>
<status status="NOT RUN" start="2026-06-24T17:52:24.733449" elapsed="0.000094"/>
</branch>
<status status="PASS" start="2026-06-24T17:52:24.733445" elapsed="0.000106"/>
</if>
<if>
<branch type="IF" condition="${omit_length}&gt;0">
<kw name="Set To Dictionary" owner="Collections">
<arg>${params}</arg>
<arg>omit=${omit}</arg>
<doc>Adds the given ``key_value_pairs`` and/or ``items`` to the ``dictionary``.</doc>
<status status="NOT RUN" start="2026-06-24T17:52:24.733619" elapsed="0.000005"/>
</kw>
<status status="NOT RUN" start="2026-06-24T17:52:24.733569" elapsed="0.000071"/>
</branch>
<status status="PASS" start="2026-06-24T17:52:24.733565" elapsed="0.000082"/>
</if>
<kw name="GET" owner="RequestsLibrary">
<msg time="2026-06-24T17:52:24.737947" level="INFO">GET Request : url=http://localhost:9090/ngsi-ld/v1/temporal/entities/urn:ngsi-ld:Vehicle:8358601806127037 
 path_url=/ngsi-ld/v1/temporal/entities/urn:ngsi-ld:Vehicle:8358601806127037 
 headers={'User-Agent': 'python-requests/2.34.2', 'Accept-Encoding': 'gzip, deflate', 'Accept': 'application/ld+json', 'Connection': 'keep-alive', 'Link': '&lt;https://forge.etsi.org/rep/cim/ngsi-ld-test-suite/-/raw/develop/resources/jsonld-contexts/ngsi-ld-test-suite-compound.jsonld&gt;; rel="http://www.w3.org/ns/json-ld#context"; type="application/ld+json"'} 
 body=None 
 </msg>
<msg time="2026-06-24T17:52:24.738341" level="INFO">GET Response : url=http://localhost:9090/ngsi-ld/v1/temporal/entities/urn:ngsi-ld:Vehicle:8358601806127037 
 status=200, reason=OK 
 headers={'content-length': '1514', 'Content-Type': 'application/ld+json'} 
 body={
  "id" : "urn:ngsi-ld:Vehicle:8358601806127037",
  "type" : "Vehicle",
  "fuelLevel" : [ {
    "type" : "Property",
    "value" : 67,
    "observedAt" : "2020-09-01T12:03:00Z",
    "instanceId" : "urn:ngsi-ld:Instance:807bf33f-b3b0-44f5-a77b-2f45b0cc0529"
  }, {
    "type" : "Property",
    "value" : 53,
    "observedAt" : "2020-09-01T13:05:00Z",
    "instanceId" : "urn:ngsi-ld:Instance:d92ea967-6836-4784-9dea-9ae02d99e63f"
  }, {
    "type" : "Property",
    "value" : 40,
    "observedAt" : "2020-09-01T14:07:00Z",
    "instanceId" : "urn:ngsi-ld:Instance:8a0ce750-2da9-496f-93d0-82076caea526"
  }, {
    "type" : "Property",
    "value" : 40,
    "observedAt" : "2020-09-01T14:07:00Z",
    "datasetId" : "urn:ngsi-ld:Vehicle:12345-fuel",
    "instanceId" : "urn:ngsi-ld:Instance:381289bc-9721-4d16-b04a-bc5823ff46cc"
  } ],
  "speed" : [ {
    "type" : "Property",
    "value" : 121,
    "observedAt" : "2020-09-01T12:03:00Z",
    "instanceId" : "urn:ngsi-ld:Instance:f9df0cdb-71db-40bc-9aa4-b5c4a6c1b1ee"
  }, {
    "type" : "Property",
    "value" : 80,
    "observedAt" : "2020-09-01T12:05:00Z",
    "instanceId" : "urn:ngsi-ld:Instance:69db3060-13b3-4013-9aae-0aa96d4ef68e"
  }, {
    "type" : "Property",
    "value" : 100,
    "observedAt" : "2020-09-01T12:07:00Z",
    "instanceId" : "urn:ngsi-ld:Instance:144a1d19-828f-41db-ade3-5bdcc444ec66"
  } ],
  "@context" : [ "https://forge.etsi.org/rep/cim/ngsi-ld-test-suite/-/raw/develop/resources/jsonld-contexts/ngsi-ld-test-suite-compound.jsonld" ]
} 
 </msg>
<msg time="2026-06-24T17:52:24.738385" level="INFO">${response} = &lt;Response [200]&gt;</msg>
<var>${response}</var>
<arg>url=${temporal_api_url}/${TEMPORAL_ENTITIES_ENDPOINT_PATH}/${temporal_entity_representation_id}</arg>
<arg>headers=${headers}</arg>
<arg>params=${params}</arg>
<arg>expected_status=any</arg>
<doc>Sends a GET request.</doc>
<status status="PASS" start="2026-06-24T17:52:24.733691" elapsed="0.004701"/>
</kw>
<kw name="Output" owner="logUtils">
<msg time="2026-06-24T17:52:24.738698" level="INFO">
Retrieve Temporal Representation Of Entity</msg>
<msg time="2026-06-24T17:52:24.738715" level="INFO">Request -&gt;</msg>
<msg time="2026-06-24T17:52:24.738723" level="INFO">{
    "method": "GET",
    "url": "http://localhost:9090/ngsi-ld/v1/temporal/entities/urn:ngsi-ld:Vehicle:8358601806127037",
    "headers": {
        "User-Agent": "python-requests/2.34.2",
        "Accept-Encoding": "gzip, deflate",
        "Accept": "application/ld+json",
        "Connection": "keep-alive",
        "Link": "&lt;https://forge.etsi.org/rep/cim/ngsi-ld-test-suite/-/raw/develop/resources/jsonld-contexts/ngsi-ld-test-suite-compound.jsonld&gt;; rel=\"http://www.w3.org/ns/json-ld#context\"; type=\"application/ld+json\""
    },
    "body": null
}</msg>
<msg time="2026-06-24T17:52:24.738732" level="INFO">Response -&gt;</msg>
<msg time="2026-06-24T17:52:24.738738" level="INFO">{
    "url": "http://localhost:9090/ngsi-ld/v1/temporal/entities/urn:ngsi-ld:Vehicle:8358601806127037",
    "headers": {
        "content-length": "1514",
        "Content-Type": "application/ld+json"
    },
    "status_code": 200,
    "reason": "OK",
    "body": {
        "id": "urn:ngsi-ld:Vehicle:8358601806127037",
        "type": "Vehicle",
        "fuelLevel": [
            {
                "type": "Property",
                "value": 67,
                "observedAt": "2020-09-01T12:03:00Z",
                "instanceId": "urn:ngsi-ld:Instance:807bf33f-b3b0-44f5-a77b-2f45b0cc0529"
            },
            {
                "type": "Property",
                "value": 53,
                "observedAt": "2020-09-01T13:05:00Z",
                "instanceId": "urn:ngsi-ld:Instance:d92ea967-6836-4784-9dea-9ae02d99e63f"
            },
            {
                "type": "Property",
                "value": 40,
                "observedAt": "2020-09-01T14:07:00Z",
                "instanceId": "urn:ngsi-ld:Instance:8a0ce750-2da9-496f-93d0-82076caea526"
            },
            {
                "type": "Property",
                "value": 40,
                "observedAt": "2020-09-01T14:07:00Z",
                "datasetId": "urn:ngsi-ld:Vehicle:12345-fuel",
                "instanceId": "urn:ngsi-ld:Instance:381289bc-9721-4d16-b04a-bc5823ff46cc"
            }
        ],
        "speed": [
            {
                "type": "Property",
                "value": 121,
                "observedAt": "2020-09-01T12:03:00Z",
                "instanceId": "urn:ngsi-ld:Instance:f9df0cdb-71db-40bc-9aa4-b5c4a6c1b1ee"
            },
            {
                "type": "Property",
                "value": 80,
                "observedAt": "2020-09-01T12:05:00Z",
                "instanceId": "urn:ngsi-ld:Instance:69db3060-13b3-4013-9aae-0aa96d4ef68e"
            },
            {
                "type": "Property",
                "value": 100,
                "observedAt": "2020-09-01T12:07:00Z",
                "instanceId": "urn:ngsi-ld:Instance:144a1d19-828f-41db-ade3-5bdcc444ec66"
            }
        ],
        "@context": [
            "https://forge.etsi.org/rep/cim/ngsi-ld-test-suite/-/raw/develop/resources/jsonld-contexts/ngsi-ld-test-suite-compound.jsonld"
        ]
    }
}</msg>
<arg>${response}</arg>
<arg>Retrieve Temporal Representation Of Entity</arg>
<tag>I/O</tag>
<doc>*Request and response are output to terminal and file (in JSON).*
:param response: response to a request
:param description: explains what request is being made
:param console: If false, the JSON is not written to terminal. Default is true.</doc>
<status status="PASS" start="2026-06-24T17:52:24.738441" elapsed="0.000466"/>
</kw>
<return>
<value>${response}</value>
<status status="PASS" start="2026-06-24T17:52:24.738931" elapsed="0.000014"/>
</return>
<msg time="2026-06-24T17:52:24.738995" level="INFO">${response2} = &lt;Response [200]&gt;</msg>
<var>${response2}</var>
<arg>temporal_entity_representation_id=${temporal_entity_representation_id}</arg>
<arg>context=${ngsild_test_suite_context}</arg>
<arg>accept=${CONTENT_TYPE_LD_JSON}</arg>
<tag>actor_context-consumer</tag>
<status status="PASS" start="2026-06-24T17:52:24.729195" elapsed="0.009809"/>
</kw>
<kw name="Create List" owner="BuiltIn">
<msg time="2026-06-24T17:52:24.739150" level="INFO">${ignored_attributes} = ['instanceId', '@context']</msg>
<var>${ignored_attributes}</var>
<arg>instanceId</arg>
<arg>@context</arg>
<doc>Returns a list containing given items.</doc>
<status status="PASS" start="2026-06-24T17:52:24.739053" elapsed="0.000106"/>
</kw>
<kw name="Check Updated Resource Set To" owner="AssertionUtils">
<kw name="Check Resource Set To" owner="AssertionUtils">
<kw name="Compare Dictionaries Ignoring Keys" owner="assertionUtils">
<msg time="2026-06-24T17:52:24.740468" level="INFO">${comparison_result} = {}</msg>
<var>${comparison_result}</var>
<arg>${expected_resource}</arg>
<arg>${response_body}</arg>
<arg>${ignored_keys}</arg>
<arg>group_by=${group_by}</arg>
<doc>Function exposed as a keyword to compare two dictionaries
:param expected: expected dictionary
:param actual: actual dictionary
:param exclude_regex_paths: list of regex paths of keys to be ignored
:param ignore_core_context_version: whether any core context version is allowed in the results
:param group_by: a key to group the results, useful for lists of results</doc>
<status status="PASS" start="2026-06-24T17:52:24.739741" elapsed="0.000744"/>
</kw>
<kw name="Should Be Empty" owner="BuiltIn">
<msg time="2026-06-24T17:52:24.740853" level="INFO">Length is 0.</msg>
<arg>${comparison_result}</arg>
<arg>msg=${comparison_result.pretty()}</arg>
<doc>Verifies that the given item is empty.</doc>
<status status="PASS" start="2026-06-24T17:52:24.740533" elapsed="0.000336"/>
</kw>
<arg>${updated_resource}</arg>
<arg>${response_body}</arg>
<arg>${ignored_keys}</arg>
<status status="PASS" start="2026-06-24T17:52:24.739623" elapsed="0.001265"/>
</kw>
<arg>updated_resource=${temporal_entity_expectation_payload}</arg>
<arg>response_body=${response2.json()}</arg>
<arg>ignored_keys=${ignored_attributes}</arg>
<status status="PASS" start="2026-06-24T17:52:24.739214" elapsed="0.001690"/>
</kw>
<doc>Check that one can update a temporal representation of an entity with simple temporal properties</doc>
<tag>5_6_11</tag>
<tag>te-update</tag>
<status status="PASS" start="2026-06-24T17:52:24.705211" elapsed="0.035729"/>
</test>
<kw name="Delete Temporal Entity" type="TEARDOWN">
<kw name="Delete Temporal Representation Of Entity" owner="TemporalContextInformationProvision">
<kw name="DELETE" owner="RequestsLibrary">
<msg time="2026-06-24T17:52:24.742626" level="INFO">DELETE Request : url=http://localhost:9090/ngsi-ld/v1/temporal/entities/urn:ngsi-ld:Vehicle:8358601806127037 
 path_url=/ngsi-ld/v1/temporal/entities/urn:ngsi-ld:Vehicle:8358601806127037 
 headers={'User-Agent': 'python-requests/2.34.2', 'Accept-Encoding': 'gzip, deflate', 'Accept': '*/*', 'Connection': 'keep-alive', 'Content-Length': '0'} 
 body=None 
 </msg>
<msg time="2026-06-24T17:52:24.742645" level="INFO">DELETE Response : url=http://localhost:9090/ngsi-ld/v1/temporal/entities/urn:ngsi-ld:Vehicle:8358601806127037 
 status=204, reason=No Content 
 headers={} 
 body=None 
 </msg>
<msg time="2026-06-24T17:52:24.742677" level="INFO">${response} = &lt;Response [204]&gt;</msg>
<var>${response}</var>
<arg>url=${url}/${TEMPORAL_ENTITIES_ENDPOINT_PATH}/${temporal_entity_representation_id}</arg>
<arg>expected_status=any</arg>
<doc>Sends a DELETE request.</doc>
<status status="PASS" start="2026-06-24T17:52:24.741239" elapsed="0.001445"/>
</kw>
<kw name="Output" owner="logUtils">
<msg time="2026-06-24T17:52:24.742808" level="INFO">
Delete Temporal Representation Of Entity</msg>
<msg time="2026-06-24T17:52:24.742822" level="INFO">Request -&gt;</msg>
<msg time="2026-06-24T17:52:24.742829" level="INFO">{
    "method": "DELETE",
    "url": "http://localhost:9090/ngsi-ld/v1/temporal/entities/urn:ngsi-ld:Vehicle:8358601806127037",
    "headers": {
        "User-Agent": "python-requests/2.34.2",
        "Accept-Encoding": "gzip, deflate",
        "Accept": "*/*",
        "Connection": "keep-alive",
        "Content-Length": "0"
    },
    "body": null
}</msg>
<msg time="2026-06-24T17:52:24.742837" level="INFO">Response -&gt;</msg>
<msg time="2026-06-24T17:52:24.742843" level="INFO">{
    "url": "http://localhost:9090/ngsi-ld/v1/temporal/entities/urn:ngsi-ld:Vehicle:8358601806127037",
    "headers": {},
    "status_code": 204,
    "reason": "No Content",
    "body": null
}</msg>
<arg>${response}</arg>
<arg>Delete Temporal Representation Of Entity</arg>
<tag>I/O</tag>
<doc>*Request and response are output to terminal and file (in JSON).*
:param response: response to a request
:param description: explains what request is being made
:param console: If false, the JSON is not written to terminal. Default is true.</doc>
<status status="PASS" start="2026-06-24T17:52:24.742729" elapsed="0.000127"/>
</kw>
<return>
<value>${response}</value>
<status status="PASS" start="2026-06-24T17:52:24.742871" elapsed="0.000012"/>
</return>
<arg>${temporal_entity_representation_id}</arg>
<tag>actor_context-producer</tag>
<status status="PASS" start="2026-06-24T17:52:24.741163" elapsed="0.001852"/>
</kw>
<status status="PASS" start="2026-06-24T17:52:24.741064" elapsed="0.001971"/>
</kw>
<doc>Check that one can update a temporal representation of an entity with simple temporal properties</doc>
<status status="PASS" start="2026-06-24T17:52:24.684671" elapsed="0.058372"/>
</suite>
<status status="PASS" start="2026-06-24T17:52:24.684247" elapsed="0.059003"/>
</suite>
<status status="PASS" start="2026-06-24T17:52:24.228846" elapsed="0.514542"/>
</suite>
<statistics>
<total>
<stat pass="11" fail="0" skip="0">All Tests</stat>
</total>
<tag>
<stat pass="1" fail="0" skip="0">5_6_11</stat>
<stat pass="2" fail="0" skip="0">5_6_16</stat>
<stat pass="2" fail="0" skip="0">te-delete</stat>
<stat pass="1" fail="0" skip="0">te-update</stat>
</tag>
<suite>
<stat name="TemporalEntity" id="s1" pass="11" fail="0" skip="0">TemporalEntity</stat>
<stat name="CreateTemporalRepresentationOfEntity" id="s1-s1" pass="6" fail="0" skip="0">TemporalEntity.CreateTemporalRepresentationOfEntity</stat>
<stat name="007 01" id="s1-s1-s1" pass="2" fail="0" skip="0">TemporalEntity.CreateTemporalRepresentationOfEntity.007 01</stat>
<stat name="007 02" id="s1-s1-s2" pass="2" fail="0" skip="0">TemporalEntity.CreateTemporalRepresentationOfEntity.007 02</stat>
<stat name="007 03" id="s1-s1-s3" pass="2" fail="0" skip="0">TemporalEntity.CreateTemporalRepresentationOfEntity.007 03</stat>
<stat name="DeleteTemporalRepresentationOfEntity" id="s1-s2" pass="4" fail="0" skip="0">TemporalEntity.DeleteTemporalRepresentationOfEntity</stat>
<stat name="009 01" id="s1-s2-s1" pass="1" fail="0" skip="0">TemporalEntity.DeleteTemporalRepresentationOfEntity.009 01</stat>
<stat name="009 02" id="s1-s2-s2" pass="2" fail="0" skip="0">TemporalEntity.DeleteTemporalRepresentationOfEntity.009 02</stat>
<stat name="009 03" id="s1-s2-s3" pass="1" fail="0" skip="0">TemporalEntity.DeleteTemporalRepresentationOfEntity.009 03</stat>
<stat name="UpdateTemporalRepresentationOfEntity" id="s1-s3" pass="1" fail="0" skip="0">TemporalEntity.UpdateTemporalRepresentationOfEntity</stat>
<stat name="008 01" id="s1-s3-s1" pass="1" fail="0" skip="0">TemporalEntity.UpdateTemporalRepresentationOfEntity.008 01</stat>
</suite>
</statistics>
<errors>
</errors>
</robot>
