<?xml version="1.0" encoding="UTF-8"?>
<robot generator="Robot 7.4.1 (Python 3.11.2 on linux)" generated="2026-06-25T10:59:22.286952" rpa="false" schemaversion="5">
<suite id="s1" name="ContextSourceRegistrationSubscriptionNotificationBehaviour" source="/workspace/ngsi-ld-test-suite/TP/NGSI-LD/ContextSource/RegistrationSubscription/ContextSourceRegistrationSubscriptionNotificationBehaviour">
<suite id="s1-s1" name="047 01" source="/workspace/ngsi-ld-test-suite/TP/NGSI-LD/ContextSource/RegistrationSubscription/ContextSourceRegistrationSubscriptionNotificationBehaviour/047_01.robot">
<kw name="Setup Initial Context Source Registration" type="SETUP">
<kw name="Start Local Server" owner="NotificationUtils">
<kw name="Start Server" owner="HttpCtrl.Server">
<msg time="2026-06-25T10:59:22.465128" level="INFO">Prepare HTTP server '0.0.0.0:8085' and thread to serve it.</msg>
<arg>${host}</arg>
<arg>${port}</arg>
<doc>Start HTTP server on specific address and port. Server should be closed when it is not required, for example,
when test is over. In case of double call of \`Start Server\`, the previous will be stopped and only then the
next one HTTP server will be started.</doc>
<status status="PASS" start="2026-06-25T10:59:22.465046" elapsed="0.000367"/>
</kw>
<tag>actor_notification-receiver</tag>
<status status="PASS" start="2026-06-25T10:59:22.464719" elapsed="0.000753"/>
</kw>
<kw name="Generate Random CSR Id" owner="Common">
<kw name="Generate Random Id" owner="Common">
<kw name="Generate Random String" owner="String">
<msg time="2026-06-25T10:59:22.465877" level="INFO">${random_id} = 1905370505413871</msg>
<var>${random_id}</var>
<arg>16</arg>
<arg>[NUMBERS]</arg>
<doc>Generates a string with a desired ``length`` from the given ``chars``.</doc>
<status status="PASS" start="2026-06-25T10:59:22.465747" elapsed="0.000142"/>
</kw>
<kw name="Catenate" owner="BuiltIn">
<msg time="2026-06-25T10:59:22.466064" level="INFO">${entity_id} = urn:ngsi-ld:ContextSourceRegistration:1905370505413871</msg>
<var>${entity_id}</var>
<arg>${id_prefix}${random_id}</arg>
<doc>Catenates the given items together and returns the resulted string.</doc>
<status status="PASS" start="2026-06-25T10:59:22.465941" elapsed="0.000134"/>
</kw>
<return>
<value>${entity_id}</value>
<status status="PASS" start="2026-06-25T10:59:22.466097" elapsed="0.000024"/>
</return>
<msg time="2026-06-25T10:59:22.466165" level="INFO">${entity_id} = urn:ngsi-ld:ContextSourceRegistration:1905370505413871</msg>
<var>${entity_id}</var>
<arg>${CSR_ID_PREFIX}</arg>
<status status="PASS" start="2026-06-25T10:59:22.465636" elapsed="0.000537"/>
</kw>
<return>
<value>${entity_id}</value>
<status status="PASS" start="2026-06-25T10:59:22.466186" elapsed="0.000010"/>
</return>
<msg time="2026-06-25T10:59:22.466231" level="INFO">${context_source_registration_id} = urn:ngsi-ld:ContextSourceRegistration:1905370505413871</msg>
<var>${context_source_registration_id}</var>
<status status="PASS" start="2026-06-25T10:59:22.465551" elapsed="0.000688"/>
</kw>
<kw name="Load Test Sample" owner="JsonUtils">
<kw name="Load Json From File" owner="JSONLibrary">
<msg time="2026-06-25T10:59:22.466871" level="INFO">${test_sample} = {'id': 'urn:ngsi-ld:ContextSourceRegistration:randomUUID', 'type': 'ContextSourceRegistration', 'information': [{'entities': [{'id': 'urn:ngsi-ld:Vehicle:A456', 'type': 'Vehicle'}], 'propertyNames': [...</msg>
<var>${test_sample}</var>
<arg>${EXECDIR}/data/${test_sample_file_path}</arg>
<doc>Load JSON from file.</doc>
<status status="PASS" start="2026-06-25T10:59:22.466426" elapsed="0.000456"/>
</kw>
<if>
<branch type="IF" condition="'${test_sample_id}'!=''">
<kw name="Update Value To Json" owner="JSONLibrary">
<msg time="2026-06-25T10:59:22.475638" level="INFO">${test_sample} = {'id': 'urn:ngsi-ld:ContextSourceRegistration:1905370505413871', 'type': 'ContextSourceRegistration', 'information': [{'entities': [{'id': 'urn:ngsi-ld:Vehicle:A456', 'type': 'Vehicle'}], 'propertyNam...</msg>
<var>${test_sample}</var>
<arg>${test_sample}</arg>
<arg>$.id</arg>
<arg>${test_sample_id}</arg>
<doc>Update value to JSON using JSONPath</doc>
<status status="PASS" start="2026-06-25T10:59:22.467018" elapsed="0.008637"/>
</kw>
<status status="PASS" start="2026-06-25T10:59:22.466918" elapsed="0.008756"/>
</branch>
<status status="PASS" start="2026-06-25T10:59:22.466906" elapsed="0.008780"/>
</if>
<return>
<value>${test_sample}</value>
<status status="PASS" start="2026-06-25T10:59:22.475701" elapsed="0.000015"/>
</return>
<msg time="2026-06-25T10:59:22.475782" level="INFO">${context_source_registration_payload} = {'id': 'urn:ngsi-ld:ContextSourceRegistration:1905370505413871', 'type': 'ContextSourceRegistration', 'information': [{'entities': [{'id': 'urn:ngsi-ld:Vehicle:A456', 'type': 'Vehicle'}], 'propertyNam...</msg>
<var>${context_source_registration_payload}</var>
<arg>${context_source_registration_payload_file_path}</arg>
<arg>${context_source_registration_id}</arg>
<status status="PASS" start="2026-06-25T10:59:22.466313" elapsed="0.009479"/>
</kw>
<kw name="Create Context Source Registration" owner="ContextSourceRegistration">
<kw name="Create Dictionary" owner="BuiltIn">
<msg time="2026-06-25T10:59:22.476178" level="INFO">&amp;{headers} = { Content-Type=application/ld+json }</msg>
<var>&amp;{headers}</var>
<arg>Content-Type=application/ld+json</arg>
<doc>Creates and returns a dictionary based on the given ``items``.</doc>
<status status="PASS" start="2026-06-25T10:59:22.475997" elapsed="0.000191"/>
</kw>
<kw name="POST" owner="RequestsLibrary">
<msg time="2026-06-25T10:59:23.099268" level="INFO">POST Request : url=http://localhost:9090/ngsi-ld/v1/csourceRegistrations 
 path_url=/ngsi-ld/v1/csourceRegistrations 
 headers={'User-Agent': 'python-requests/2.34.2', 'Accept-Encoding': 'gzip, deflate', 'Accept': '*/*', 'Connection': 'keep-alive', 'Content-Type': 'application/ld+json', 'Content-Length': '679'} 
 body=b'{"id": "urn:ngsi-ld:ContextSourceRegistration:1905370505413871", "type": "ContextSourceRegistration", "information": [{"entities": [{"id": "urn:ngsi-ld:Vehicle:A456", "type": "Vehicle"}], "propertyNames": ["brandName", "speed"], "relationshipNames": ["isParked"]}, {"entities": [{"idPattern": ".*downtown$", "type": "OffStreetParking"}, {"idPattern": ".*47$", "type": "OffStreetParking"}], "propertyNames": ["availableSpotNumber", "totalSpotNumber"], "relationshipNames": ["isNextToBuilding"]}], "endpoint": "http://my.csource.org:1026", "@context": ["https://forge.etsi.org/rep/cim/ngsi-ld-test-suite/-/raw/develop/resources/jsonld-contexts/ngsi-ld-test-suite-compound.jsonld"]}' 
 </msg>
<msg time="2026-06-25T10:59:23.099329" level="INFO">POST Response : url=http://localhost:9090/ngsi-ld/v1/csourceRegistrations 
 status=201, reason=Created 
 headers={'Location': '/ngsi-ld/v1/csourceRegistrations/urn:ngsi-ld:ContextSourceRegistration:1905370505413871', 'content-length': '0'} 
 body=None 
 </msg>
<msg time="2026-06-25T10:59:23.099402" level="INFO">${response} = &lt;Response [201]&gt;</msg>
<var>${response}</var>
<arg>url=${url}/${CONTEXT_SOURCE_REGISTRATION_ENDPOINT_PATH}</arg>
<arg>json=${context_source_registration_payload}</arg>
<arg>headers=${headers}</arg>
<arg>expected_status=any</arg>
<doc>Sends a POST request.</doc>
<status status="PASS" start="2026-06-25T10:59:22.476232" elapsed="0.623181"/>
</kw>
<kw name="Output" owner="logUtils">
<msg time="2026-06-25T10:59:23.099687" level="INFO">
Create Context Source Registration</msg>
<msg time="2026-06-25T10:59:23.099709" level="INFO">Request -&gt;</msg>
<msg time="2026-06-25T10:59:23.099721" level="INFO">{
    "method": "POST",
    "url": "http://localhost:9090/ngsi-ld/v1/csourceRegistrations",
    "headers": {
        "User-Agent": "python-requests/2.34.2",
        "Accept-Encoding": "gzip, deflate",
        "Accept": "*/*",
        "Connection": "keep-alive",
        "Content-Type": "application/ld+json",
        "Content-Length": "679"
    },
    "body": {
        "id": "urn:ngsi-ld:ContextSourceRegistration:1905370505413871",
        "type": "ContextSourceRegistration",
        "information": [
            {
                "entities": [
                    {
                        "id": "urn:ngsi-ld:Vehicle:A456",
                        "type": "Vehicle"
                    }
                ],
                "propertyNames": [
                    "brandName",
                    "speed"
                ],
                "relationshipNames": [
                    "isParked"
                ]
            },
            {
                "entities": [
                    {
                        "idPattern": ".*downtown$",
                        "type": "OffStreetParking"
                    },
                    {
                        "idPattern": ".*47$",
                        "type": "OffStreetParking"
                    }
                ],
                "propertyNames": [
                    "availableSpotNumber",
                    "totalSpotNumber"
                ],
                "relationshipNames": [
                    "isNextToBuilding"
                ]
            }
        ],
        "endpoint": "http://my.csource.org:1026",
        "@context": [
            "https://forge.etsi.org/rep/cim/ngsi-ld-test-suite/-/raw/develop/resources/jsonld-contexts/ngsi-ld-test-suite-compound.jsonld"
        ]
    }
}</msg>
<msg time="2026-06-25T10:59:23.099834" level="INFO">Response -&gt;</msg>
<msg time="2026-06-25T10:59:23.099845" level="INFO">{
    "url": "http://localhost:9090/ngsi-ld/v1/csourceRegistrations",
    "headers": {
        "Location": "/ngsi-ld/v1/csourceRegistrations/urn:ngsi-ld:ContextSourceRegistration:1905370505413871",
        "content-length": "0"
    },
    "status_code": 201,
    "reason": "Created",
    "body": null
}</msg>
<arg>${response}</arg>
<arg>Create Context Source Registration</arg>
<tag>I/O</tag>
<doc>*Request and response are output to terminal and file (in JSON).*
:param response: response to a request
:param description: explains what request is being made
:param console: If false, the JSON is not written to terminal. Default is true.</doc>
<status status="PASS" start="2026-06-25T10:59:23.099513" elapsed="0.000356"/>
</kw>
<return>
<value>${response}</value>
<status status="PASS" start="2026-06-25T10:59:23.099893" elapsed="0.000024"/>
</return>
<msg time="2026-06-25T10:59:23.099978" level="INFO">${create_response} = &lt;Response [201]&gt;</msg>
<var>${create_response}</var>
<arg>${context_source_registration_payload}</arg>
<tag>actor_context-producer</tag>
<status status="PASS" start="2026-06-25T10:59:22.475879" elapsed="0.624108"/>
</kw>
<kw name="Check Response Status Code" owner="AssertionUtils">
<kw name="Convert To String" owner="BuiltIn">
<msg time="2026-06-25T10:59:23.100629" level="INFO">${response_status_code} = 201</msg>
<var>${response_status_code}</var>
<arg>${response_status_code}</arg>
<doc>Converts the given item to a Unicode string.</doc>
<status status="PASS" start="2026-06-25T10:59:23.100469" elapsed="0.000170"/>
</kw>
<kw name="Should Be Equal" owner="BuiltIn">
<arg>${expected_status_code}</arg>
<arg>${response_status_code}</arg>
<arg>HTTP status code comparison failed with (expected, actual) -&gt;</arg>
<doc>Fails if the given objects are unequal.</doc>
<status status="PASS" start="2026-06-25T10:59:23.100691" elapsed="0.000126"/>
</kw>
<arg>201</arg>
<arg>${create_response.status_code}</arg>
<status status="PASS" start="2026-06-25T10:59:23.100067" elapsed="0.000773"/>
</kw>
<kw name="Set Suite Variable" owner="BuiltIn">
<msg time="2026-06-25T10:59:23.101002" level="INFO">${context_source_registration_id} = urn:ngsi-ld:ContextSourceRegistration:1905370505413871</msg>
<arg>${context_source_registration_id}</arg>
<doc>Makes a variable available everywhere within the scope of the current suite.</doc>
<status status="PASS" start="2026-06-25T10:59:23.100890" elapsed="0.000127"/>
</kw>
<status status="PASS" start="2026-06-25T10:59:22.464468" elapsed="0.636569"/>
</kw>
<test id="s1-s1-t1" name="047_01_01 Receive cSourceNotification Periodically And Initially On Subscription" line="21">
<kw name="Generate Random Subscription Id" owner="Common">
<kw name="Generate Random Id" owner="Common">
<kw name="Generate Random String" owner="String">
<msg time="2026-06-25T10:59:23.101841" level="INFO">${random_id} = 1425163346816215</msg>
<var>${random_id}</var>
<arg>16</arg>
<arg>[NUMBERS]</arg>
<doc>Generates a string with a desired ``length`` from the given ``chars``.</doc>
<status status="PASS" start="2026-06-25T10:59:23.101753" elapsed="0.000101"/>
</kw>
<kw name="Catenate" owner="BuiltIn">
<msg time="2026-06-25T10:59:23.102025" level="INFO">${entity_id} = urn:ngsi-ld:Subscription:1425163346816215</msg>
<var>${entity_id}</var>
<arg>${id_prefix}${random_id}</arg>
<doc>Catenates the given items together and returns the resulted string.</doc>
<status status="PASS" start="2026-06-25T10:59:23.101904" elapsed="0.000131"/>
</kw>
<return>
<value>${entity_id}</value>
<status status="PASS" start="2026-06-25T10:59:23.102053" elapsed="0.000016"/>
</return>
<msg time="2026-06-25T10:59:23.102112" level="INFO">${entity_id} = urn:ngsi-ld:Subscription:1425163346816215</msg>
<var>${entity_id}</var>
<arg>${SUBSCRIPTION_ID_PREFIX}</arg>
<status status="PASS" start="2026-06-25T10:59:23.101631" elapsed="0.000489"/>
</kw>
<return>
<value>${entity_id}</value>
<status status="PASS" start="2026-06-25T10:59:23.102134" elapsed="0.000010"/>
</return>
<msg time="2026-06-25T10:59:23.102181" level="INFO">${subscription_id} = urn:ngsi-ld:Subscription:1425163346816215</msg>
<var>${subscription_id}</var>
<status status="PASS" start="2026-06-25T10:59:23.101261" elapsed="0.000928"/>
</kw>
<kw name="Load Subscription Sample With Reachable Endpoint" owner="JsonUtils">
<kw name="Load Test Sample" owner="JsonUtils">
<kw name="Load Json From File" owner="JSONLibrary">
<msg time="2026-06-25T10:59:23.102898" level="INFO">${test_sample} = {'id': 'urn:ngsi-ld:Subscription:randomUUID', 'type': 'Subscription', 'timeInterval': 10, 'entities': [{'type': 'Building'}], 'notification': {'format': 'keyValues', 'endpoint': {'uri': 'http://localh...</msg>
<var>${test_sample}</var>
<arg>${EXECDIR}/data/${test_sample_file_path}</arg>
<doc>Load JSON from file.</doc>
<status status="PASS" start="2026-06-25T10:59:23.102545" elapsed="0.000364"/>
</kw>
<if>
<branch type="IF" condition="'${test_sample_id}'!=''">
<kw name="Update Value To Json" owner="JSONLibrary">
<msg time="2026-06-25T10:59:23.110160" level="INFO">${test_sample} = {'id': 'urn:ngsi-ld:Subscription:1425163346816215', 'type': 'Subscription', 'timeInterval': 10, 'entities': [{'type': 'Building'}], 'notification': {'format': 'keyValues', 'endpoint': {'uri': 'http://...</msg>
<var>${test_sample}</var>
<arg>${test_sample}</arg>
<arg>$.id</arg>
<arg>${test_sample_id}</arg>
<doc>Update value to JSON using JSONPath</doc>
<status status="PASS" start="2026-06-25T10:59:23.103035" elapsed="0.007145"/>
</kw>
<status status="PASS" start="2026-06-25T10:59:23.102945" elapsed="0.007255"/>
</branch>
<status status="PASS" start="2026-06-25T10:59:23.102935" elapsed="0.007278"/>
</if>
<return>
<value>${test_sample}</value>
<status status="PASS" start="2026-06-25T10:59:23.110229" elapsed="0.000018"/>
</return>
<msg time="2026-06-25T10:59:23.110300" level="INFO">${subscription_payload} = {'id': 'urn:ngsi-ld:Subscription:1425163346816215', 'type': 'Subscription', 'timeInterval': 10, 'entities': [{'type': 'Building'}], 'notification': {'format': 'keyValues', 'endpoint': {'uri': 'http://...</msg>
<var>${subscription_payload}</var>
<arg>${subscription_file_path}</arg>
<arg>${subscription_id}</arg>
<status status="PASS" start="2026-06-25T10:59:23.102429" elapsed="0.007879"/>
</kw>
<kw name="Update Value To Json" owner="JSONLibrary">
<msg time="2026-06-25T10:59:23.117400" level="INFO">${subscription} = {'id': 'urn:ngsi-ld:Subscription:1425163346816215', 'type': 'Subscription', 'timeInterval': 10, 'entities': [{'type': 'Building'}], 'notification': {'format': 'keyValues', 'endpoint': {'uri': 'http://...</msg>
<var>${subscription}</var>
<arg>${subscription_payload}</arg>
<arg>$..notification['endpoint']['uri']</arg>
<arg>${notification_endpoint_uri}</arg>
<doc>Update value to JSON using JSONPath</doc>
<status status="PASS" start="2026-06-25T10:59:23.110383" elapsed="0.007036"/>
</kw>
<return>
<value>${subscription}</value>
<status status="PASS" start="2026-06-25T10:59:23.117448" elapsed="0.000021"/>
</return>
<msg time="2026-06-25T10:59:23.117525" level="INFO">${subscription_payload} = {'id': 'urn:ngsi-ld:Subscription:1425163346816215', 'type': 'Subscription', 'timeInterval': 10, 'entities': [{'type': 'Building'}], 'notification': {'format': 'keyValues', 'endpoint': {'uri': 'http://...</msg>
<var>${subscription_payload}</var>
<arg>${subscription_payload_file_path}</arg>
<arg>${subscription_id}</arg>
<status status="PASS" start="2026-06-25T10:59:23.102251" elapsed="0.015283"/>
</kw>
<kw name="Set Suite Variable" owner="BuiltIn">
<msg time="2026-06-25T10:59:23.117753" level="INFO">${subscription_id} = urn:ngsi-ld:Subscription:1425163346816215</msg>
<arg>${subscription_id}</arg>
<doc>Makes a variable available everywhere within the scope of the current suite.</doc>
<status status="PASS" start="2026-06-25T10:59:23.117606" elapsed="0.000161"/>
</kw>
<kw name="Create Context Source Registration Subscription" owner="ContextSourceRegistrationSubscription">
<kw name="Create Dictionary" owner="BuiltIn">
<msg time="2026-06-25T10:59:23.118355" level="INFO">&amp;{headers} = { Content-Type=application/ld+json }</msg>
<var>&amp;{headers}</var>
<arg>Content-Type=${content_type}</arg>
<doc>Creates and returns a dictionary based on the given ``items``.</doc>
<status status="PASS" start="2026-06-25T10:59:23.118208" elapsed="0.000157"/>
</kw>
<if>
<branch type="IF" condition="'${accept}'!=''">
<kw name="Set To Dictionary" owner="Collections">
<arg>${headers}</arg>
<arg>Accept</arg>
<arg>${accept}</arg>
<doc>Adds the given ``key_value_pairs`` and/or ``items`` to the ``dictionary``.</doc>
<status status="NOT RUN" start="2026-06-25T10:59:23.118492" elapsed="0.000010"/>
</kw>
<status status="NOT RUN" start="2026-06-25T10:59:23.118394" elapsed="0.000122"/>
</branch>
<status status="PASS" start="2026-06-25T10:59:23.118386" elapsed="0.000139"/>
</if>
<kw name="POST" owner="RequestsLibrary">
<msg time="2026-06-25T10:59:23.154559" level="INFO">POST Request : url=http://localhost:9090/ngsi-ld/v1/csourceSubscriptions 
 path_url=/ngsi-ld/v1/csourceSubscriptions 
 headers={'User-Agent': 'python-requests/2.34.2', 'Accept-Encoding': 'gzip, deflate', 'Accept': '*/*', 'Connection': 'keep-alive', 'Content-Type': 'application/ld+json', 'Content-Length': '395'} 
 body=b'{"id": "urn:ngsi-ld:Subscription:1425163346816215", "type": "Subscription", "timeInterval": 10, "entities": [{"type": "Building"}], "notification": {"format": "keyValues", "endpoint": {"uri": "http://0.0.0.0:8085/notify", "accept": "application/json"}}, "@context": ["https://forge.etsi.org/rep/cim/ngsi-ld-test-suite/-/raw/develop/resources/jsonld-contexts/ngsi-ld-test-suite-compound.jsonld"]}' 
 </msg>
<msg time="2026-06-25T10:59:23.154604" level="INFO">POST Response : url=http://localhost:9090/ngsi-ld/v1/csourceSubscriptions 
 status=201, reason=Created 
 headers={'Location': '/ngsi-ld/v1/csourceSubscriptions/urn:ngsi-ld:Subscription:1425163346816215', 'content-length': '0'} 
 body=None 
 </msg>
<msg time="2026-06-25T10:59:23.154673" level="INFO">${response} = &lt;Response [201]&gt;</msg>
<var>${response}</var>
<arg>url=${url}/${CONTEXT_SOURCE_REGISTRATION_SUBSCRIPTION_ENDPOINT_PATH}</arg>
<arg>json=${subscription_payload}</arg>
<arg>headers=${headers}</arg>
<arg>expected_status=any</arg>
<doc>Sends a POST request.</doc>
<status status="PASS" start="2026-06-25T10:59:23.118566" elapsed="0.036118"/>
</kw>
<kw name="Output" owner="logUtils">
<msg time="2026-06-25T10:59:23.154931" level="INFO">
Create Context Source Registration Subscription</msg>
<msg time="2026-06-25T10:59:23.154951" level="INFO">Request -&gt;</msg>
<msg time="2026-06-25T10:59:23.154959" level="INFO">{
    "method": "POST",
    "url": "http://localhost:9090/ngsi-ld/v1/csourceSubscriptions",
    "headers": {
        "User-Agent": "python-requests/2.34.2",
        "Accept-Encoding": "gzip, deflate",
        "Accept": "*/*",
        "Connection": "keep-alive",
        "Content-Type": "application/ld+json",
        "Content-Length": "395"
    },
    "body": {
        "id": "urn:ngsi-ld:Subscription:1425163346816215",
        "type": "Subscription",
        "timeInterval": 10,
        "entities": [
            {
                "type": "Building"
            }
        ],
        "notification": {
            "format": "keyValues",
            "endpoint": {
                "uri": "http://0.0.0.0:8085/notify",
                "accept": "application/json"
            }
        },
        "@context": [
            "https://forge.etsi.org/rep/cim/ngsi-ld-test-suite/-/raw/develop/resources/jsonld-contexts/ngsi-ld-test-suite-compound.jsonld"
        ]
    }
}</msg>
<msg time="2026-06-25T10:59:23.154970" level="INFO">Response -&gt;</msg>
<msg time="2026-06-25T10:59:23.154976" level="INFO">{
    "url": "http://localhost:9090/ngsi-ld/v1/csourceSubscriptions",
    "headers": {
        "Location": "/ngsi-ld/v1/csourceSubscriptions/urn:ngsi-ld:Subscription:1425163346816215",
        "content-length": "0"
    },
    "status_code": 201,
    "reason": "Created",
    "body": null
}</msg>
<arg>${response}</arg>
<arg>Create Context Source Registration Subscription</arg>
<tag>I/O</tag>
<doc>*Request and response are output to terminal and file (in JSON).*
:param response: response to a request
:param description: explains what request is being made
:param console: If false, the JSON is not written to terminal. Default is true.</doc>
<status status="PASS" start="2026-06-25T10:59:23.154780" elapsed="0.000212"/>
</kw>
<return>
<value>${response}</value>
<status status="PASS" start="2026-06-25T10:59:23.155012" elapsed="0.000017"/>
</return>
<msg time="2026-06-25T10:59:23.155077" level="INFO">${response} = &lt;Response [201]&gt;</msg>
<var>${response}</var>
<arg>${subscription_payload}</arg>
<tag>actor_context-subscriber</tag>
<status status="PASS" start="2026-06-25T10:59:23.117866" elapsed="0.037218"/>
</kw>
<kw name="Wait for notification" owner="NotificationUtils">
<kw name="Wait For Request" owner="HttpCtrl.Server">
<msg time="2026-06-25T10:59:38.157601" level="FAIL">Timeout: request was not received.</msg>
<arg>${timeout}</arg>
<doc>Command to server to wait incoming request. This call is blocked until HTTP request arrives. Basically server
receives all requests after \`Start Server\` and places them to internal queue. When test call function
\`Wait For Request\` it checks the queue and if it is not empty returns the first request in the queue. If the
queue is empty then function waits when the server receives request and place it to the queue. There is
default time period '5 seconds' to wait request and this waiting time can be changed. If during wait time the
request is not received then timeout error occurs.</doc>
<status status="FAIL" start="2026-06-25T10:59:23.155463" elapsed="15.006207">Timeout: request was not received.</status>
</kw>
<kw name="Reply By" owner="HttpCtrl.Server">
<arg>200</arg>
<doc>Send response using specified HTTP code and body. This function should be called after \`Wait For Request\`.</doc>
<status status="NOT RUN" start="2026-06-25T10:59:38.162447" elapsed="0.000075"/>
</kw>
<kw name="Get Request Body" owner="HttpCtrl.Server">
<var>${notification_payload}</var>
<doc>Returns body of received request as a string. This function should be called after \`Wait For Request\`,
otherwise None is returned.</doc>
<status status="NOT RUN" start="2026-06-25T10:59:38.162653" elapsed="0.000016"/>
</kw>
<kw name="Get Request Headers" owner="HttpCtrl.Server">
<var>${notification_headers}</var>
<doc>Returns headers of received request as a dictionary. This function should be called after \`Wait For Request\`,
otherwise None is returned.</doc>
<status status="NOT RUN" start="2026-06-25T10:59:38.162754" elapsed="0.000683"/>
</kw>
<kw name="Evaluate" owner="BuiltIn">
<var>${notification}</var>
<arg>json.loads('''${notification_payload}''')</arg>
<arg>json</arg>
<doc>Evaluates the given expression in Python and returns the result.</doc>
<status status="NOT RUN" start="2026-06-25T10:59:38.163588" elapsed="0.000014"/>
</kw>
<kw name="Convert To Dictionary" owner="Collections">
<var>${headers}</var>
<arg>${notification_headers}</arg>
<doc>Converts the given ``item`` to a Python ``dict`` type.</doc>
<status status="NOT RUN" start="2026-06-25T10:59:38.163689" elapsed="0.000011"/>
</kw>
<kw name="Output Notification" owner="logUtils">
<arg>${notification}</arg>
<arg>${notification_headers}</arg>
<arg>Wait for notification</arg>
<tag>I/O</tag>
<doc>*Body and headers of the notification are output to terminal and file (in JSON).*
:param body: body of the notification received
:param headers: headers of the notification received
:param description: explains what request is being made
:param console: If false, the JSON is not written to terminal. Default is true.</doc>
<status status="NOT RUN" start="2026-06-25T10:59:38.163760" elapsed="0.000010"/>
</kw>
<return>
<value>${notification}</value>
<value>${headers}</value>
<status status="NOT RUN" start="2026-06-25T10:59:38.163815" elapsed="0.000030"/>
</return>
<arg>timeout=${15}</arg>
<tag>actor_notification-receiver</tag>
<status status="FAIL" start="2026-06-25T10:59:23.155170" elapsed="15.008839">Timeout: request was not received.</status>
</kw>
<doc>Check that if the created context source registration subscription defines a timeInterval member, a cSourceNotification will be sent periodically, initially on subscription and when the time interval is reached</doc>
<tag>5_11_7</tag>
<tag>csrsub-notification</tag>
<status status="FAIL" start="2026-06-25T10:59:23.101066" elapsed="15.063173">Timeout: request was not received.</status>
</test>
<kw name="Delete Created Context Source Registration And Subscription" type="TEARDOWN">
<kw name="Stop Local Server" owner="NotificationUtils">
<kw name="Stop Server" owner="HttpCtrl.Server">
<msg time="2026-06-25T10:59:38.165374" level="INFO">Push response to the Response Storage: &lt;HttpCtrl.internal_messages.TerminationRequest object at 0xffff99f12f10&gt;</msg>
<msg time="2026-06-25T10:59:38.510051" level="INFO">HTTP server is stopped.</msg>
<doc>Stop HTTP server if it has been started. This function should be called if server has been started.</doc>
<status status="PASS" start="2026-06-25T10:59:38.165213" elapsed="0.344976"/>
</kw>
<tag>actor_notification-receiver</tag>
<status status="PASS" start="2026-06-25T10:59:38.165116" elapsed="0.345145"/>
</kw>
<kw name="Delete Context Source Registration" owner="ContextSourceRegistration">
<kw name="Set Variable If" owner="BuiltIn">
<msg time="2026-06-25T10:59:38.512145" level="INFO">${final_url} = http://localhost:9090/ngsi-ld/v1</msg>
<var>${final_url}</var>
<arg>'${broker_url}' != ''</arg>
<arg>${broker_url}</arg>
<arg>${url}</arg>
<doc>Sets variable based on the given condition.</doc>
<status status="PASS" start="2026-06-25T10:59:38.511656" elapsed="0.000505"/>
</kw>
<kw name="DELETE" owner="RequestsLibrary">
<msg time="2026-06-25T10:59:38.530817" level="INFO">DELETE Request : url=http://localhost:9090/ngsi-ld/v1/csourceRegistrations/urn:ngsi-ld:ContextSourceRegistration:1905370505413871 
 path_url=/ngsi-ld/v1/csourceRegistrations/urn:ngsi-ld:ContextSourceRegistration:1905370505413871 
 headers={'User-Agent': 'python-requests/2.34.2', 'Accept-Encoding': 'gzip, deflate', 'Accept': '*/*', 'Connection': 'keep-alive', 'Content-Length': '0'} 
 body=None 
 </msg>
<msg time="2026-06-25T10:59:38.530871" level="INFO">DELETE Response : url=http://localhost:9090/ngsi-ld/v1/csourceRegistrations/urn:ngsi-ld:ContextSourceRegistration:1905370505413871 
 status=204, reason=No Content 
 headers={} 
 body=None 
 </msg>
<msg time="2026-06-25T10:59:38.530971" level="INFO">${response} = &lt;Response [204]&gt;</msg>
<var>${response}</var>
<arg>url=${final_url}/${CONTEXT_SOURCE_REGISTRATION_ENDPOINT_PATH}/${context_source_registration_id}</arg>
<doc>Sends a DELETE request.</doc>
<status status="PASS" start="2026-06-25T10:59:38.512250" elapsed="0.018740"/>
</kw>
<kw name="Output" owner="logUtils">
<msg time="2026-06-25T10:59:38.531378" level="INFO">
Delete Context Source Registration</msg>
<msg time="2026-06-25T10:59:38.531416" level="INFO">Request -&gt;</msg>
<msg time="2026-06-25T10:59:38.531428" level="INFO">{
    "method": "DELETE",
    "url": "http://localhost:9090/ngsi-ld/v1/csourceRegistrations/urn:ngsi-ld:ContextSourceRegistration:1905370505413871",
    "headers": {
        "User-Agent": "python-requests/2.34.2",
        "Accept-Encoding": "gzip, deflate",
        "Accept": "*/*",
        "Connection": "keep-alive",
        "Content-Length": "0"
    },
    "body": null
}</msg>
<msg time="2026-06-25T10:59:38.531439" level="INFO">Response -&gt;</msg>
<msg time="2026-06-25T10:59:38.531448" level="INFO">{
    "url": "http://localhost:9090/ngsi-ld/v1/csourceRegistrations/urn:ngsi-ld:ContextSourceRegistration:1905370505413871",
    "headers": {},
    "status_code": 204,
    "reason": "No Content",
    "body": null
}</msg>
<arg>${response}</arg>
<arg>Delete Context Source Registration</arg>
<tag>I/O</tag>
<doc>*Request and response are output to terminal and file (in JSON).*
:param response: response to a request
:param description: explains what request is being made
:param console: If false, the JSON is not written to terminal. Default is true.</doc>
<status status="PASS" start="2026-06-25T10:59:38.531119" elapsed="0.000351"/>
</kw>
<return>
<value>${response}</value>
<status status="PASS" start="2026-06-25T10:59:38.531511" elapsed="0.000029"/>
</return>
<arg>${context_source_registration_id}</arg>
<tag>actor_context-producer</tag>
<status status="PASS" start="2026-06-25T10:59:38.510538" elapsed="0.021079"/>
</kw>
<kw name="Delete Context Source Registration Subscription" owner="ContextSourceRegistrationSubscription">
<kw name="DELETE" owner="RequestsLibrary">
<msg time="2026-06-25T10:59:38.540860" level="INFO">DELETE Request : url=http://localhost:9090/ngsi-ld/v1/csourceSubscriptions/urn:ngsi-ld:Subscription:1425163346816215 
 path_url=/ngsi-ld/v1/csourceSubscriptions/urn:ngsi-ld:Subscription:1425163346816215 
 headers={'User-Agent': 'python-requests/2.34.2', 'Accept-Encoding': 'gzip, deflate', 'Accept': '*/*', 'Connection': 'keep-alive', 'Content-Length': '0'} 
 body=None 
 </msg>
<msg time="2026-06-25T10:59:38.540911" level="INFO">DELETE Response : url=http://localhost:9090/ngsi-ld/v1/csourceSubscriptions/urn:ngsi-ld:Subscription:1425163346816215 
 status=204, reason=No Content 
 headers={} 
 body=None 
 </msg>
<msg time="2026-06-25T10:59:38.540992" level="INFO">${response} = &lt;Response [204]&gt;</msg>
<var>${response}</var>
<arg>url=${url}/${CONTEXT_SOURCE_REGISTRATION_SUBSCRIPTION_ENDPOINT_PATH}/${subscription_id}</arg>
<doc>Sends a DELETE request.</doc>
<status status="PASS" start="2026-06-25T10:59:38.531899" elapsed="0.009105"/>
</kw>
<kw name="Output" owner="logUtils">
<msg time="2026-06-25T10:59:38.541275" level="INFO">
Delete Context Source Registration Subscription</msg>
<msg time="2026-06-25T10:59:38.541299" level="INFO">Request -&gt;</msg>
<msg time="2026-06-25T10:59:38.541309" level="INFO">{
    "method": "DELETE",
    "url": "http://localhost:9090/ngsi-ld/v1/csourceSubscriptions/urn:ngsi-ld:Subscription:1425163346816215",
    "headers": {
        "User-Agent": "python-requests/2.34.2",
        "Accept-Encoding": "gzip, deflate",
        "Accept": "*/*",
        "Connection": "keep-alive",
        "Content-Length": "0"
    },
    "body": null
}</msg>
<msg time="2026-06-25T10:59:38.541337" level="INFO">Response -&gt;</msg>
<msg time="2026-06-25T10:59:38.541345" level="INFO">{
    "url": "http://localhost:9090/ngsi-ld/v1/csourceSubscriptions/urn:ngsi-ld:Subscription:1425163346816215",
    "headers": {},
    "status_code": 204,
    "reason": "No Content",
    "body": null
}</msg>
<arg>${response}</arg>
<arg>Delete Context Source Registration Subscription</arg>
<tag>I/O</tag>
<doc>*Request and response are output to terminal and file (in JSON).*
:param response: response to a request
:param description: explains what request is being made
:param console: If false, the JSON is not written to terminal. Default is true.</doc>
<status status="PASS" start="2026-06-25T10:59:38.541124" elapsed="0.000426"/>
</kw>
<return>
<value>${response}</value>
<status status="PASS" start="2026-06-25T10:59:38.541585" elapsed="0.000023"/>
</return>
<arg>${subscription_id}</arg>
<tag>actor_context-subscriber</tag>
<status status="PASS" start="2026-06-25T10:59:38.531754" elapsed="0.009904"/>
</kw>
<status status="PASS" start="2026-06-25T10:59:38.164882" elapsed="0.376797"/>
</kw>
<doc>Check that if the created context source registration subscription defines a timeInterval member, a cSourceNotification will be sent periodically, initially on subscription and when the time interval is reached</doc>
<status status="FAIL" start="2026-06-25T10:59:22.303454" elapsed="16.238239"/>
</suite>
<suite id="s1-s2" name="047 02" source="/workspace/ngsi-ld-test-suite/TP/NGSI-LD/ContextSource/RegistrationSubscription/ContextSourceRegistrationSubscriptionNotificationBehaviour/047_02.robot">
<test id="s1-s2-t1" name="047_02_01 Receive cSourceNotification Initially On Subscription And Whenever There Is A Change Of A Matching Context Source Registration" line="22">
<kw name="Create Initial Context Source Registration and Context Source Registration Subscription" type="SETUP">
<kw name="Start Local Server" owner="NotificationUtils">
<kw name="Start Server" owner="HttpCtrl.Server">
<msg time="2026-06-25T10:59:38.550201" level="INFO">Prepare HTTP server '0.0.0.0:8085' and thread to serve it.</msg>
<arg>${host}</arg>
<arg>${port}</arg>
<doc>Start HTTP server on specific address and port. Server should be closed when it is not required, for example,
when test is over. In case of double call of \`Start Server\`, the previous will be stopped and only then the
next one HTTP server will be started.</doc>
<status status="PASS" start="2026-06-25T10:59:38.550127" elapsed="0.000415"/>
</kw>
<tag>actor_notification-receiver</tag>
<status status="PASS" start="2026-06-25T10:59:38.549986" elapsed="0.000600"/>
</kw>
<kw name="Generate Random CSR Id" owner="Common">
<kw name="Generate Random Id" owner="Common">
<kw name="Generate Random String" owner="String">
<msg time="2026-06-25T10:59:38.551222" level="INFO">${random_id} = 2193535310947609</msg>
<var>${random_id}</var>
<arg>16</arg>
<arg>[NUMBERS]</arg>
<doc>Generates a string with a desired ``length`` from the given ``chars``.</doc>
<status status="PASS" start="2026-06-25T10:59:38.551004" elapsed="0.000236"/>
</kw>
<kw name="Catenate" owner="BuiltIn">
<msg time="2026-06-25T10:59:38.551543" level="INFO">${entity_id} = urn:ngsi-ld:ContextSourceRegistration:2193535310947609</msg>
<var>${entity_id}</var>
<arg>${id_prefix}${random_id}</arg>
<doc>Catenates the given items together and returns the resulted string.</doc>
<status status="PASS" start="2026-06-25T10:59:38.551307" elapsed="0.000255"/>
</kw>
<return>
<value>${entity_id}</value>
<status status="PASS" start="2026-06-25T10:59:38.551589" elapsed="0.000024"/>
</return>
<msg time="2026-06-25T10:59:38.551672" level="INFO">${entity_id} = urn:ngsi-ld:ContextSourceRegistration:2193535310947609</msg>
<var>${entity_id}</var>
<arg>${CSR_ID_PREFIX}</arg>
<status status="PASS" start="2026-06-25T10:59:38.550841" elapsed="0.000840"/>
</kw>
<return>
<value>${entity_id}</value>
<status status="PASS" start="2026-06-25T10:59:38.551697" elapsed="0.000010"/>
</return>
<msg time="2026-06-25T10:59:38.551750" level="INFO">${context_source_registration_id} = urn:ngsi-ld:ContextSourceRegistration:2193535310947609</msg>
<var>${context_source_registration_id}</var>
<status status="PASS" start="2026-06-25T10:59:38.550673" elapsed="0.001085"/>
</kw>
<kw name="Generate Random Subscription Id" owner="Common">
<kw name="Generate Random Id" owner="Common">
<kw name="Generate Random String" owner="String">
<msg time="2026-06-25T10:59:38.552103" level="INFO">${random_id} = 5908739599835329</msg>
<var>${random_id}</var>
<arg>16</arg>
<arg>[NUMBERS]</arg>
<doc>Generates a string with a desired ``length`` from the given ``chars``.</doc>
<status status="PASS" start="2026-06-25T10:59:38.552034" elapsed="0.000077"/>
</kw>
<kw name="Catenate" owner="BuiltIn">
<msg time="2026-06-25T10:59:38.552251" level="INFO">${entity_id} = urn:ngsi-ld:Subscription:5908739599835329</msg>
<var>${entity_id}</var>
<arg>${id_prefix}${random_id}</arg>
<doc>Catenates the given items together and returns the resulted string.</doc>
<status status="PASS" start="2026-06-25T10:59:38.552152" elapsed="0.000107"/>
</kw>
<return>
<value>${entity_id}</value>
<status status="PASS" start="2026-06-25T10:59:38.552273" elapsed="0.000010"/>
</return>
<msg time="2026-06-25T10:59:38.552335" level="INFO">${entity_id} = urn:ngsi-ld:Subscription:5908739599835329</msg>
<var>${entity_id}</var>
<arg>${SUBSCRIPTION_ID_PREFIX}</arg>
<status status="PASS" start="2026-06-25T10:59:38.551934" elapsed="0.000410"/>
</kw>
<return>
<value>${entity_id}</value>
<status status="PASS" start="2026-06-25T10:59:38.552358" elapsed="0.000009"/>
</return>
<msg time="2026-06-25T10:59:38.552405" level="INFO">${subscription_id} = urn:ngsi-ld:Subscription:5908739599835329</msg>
<var>${subscription_id}</var>
<status status="PASS" start="2026-06-25T10:59:38.551829" elapsed="0.000584"/>
</kw>
<kw name="Set Suite Variable" owner="BuiltIn">
<msg time="2026-06-25T10:59:38.552596" level="INFO">${context_source_registration_id} = urn:ngsi-ld:ContextSourceRegistration:2193535310947609</msg>
<arg>${context_source_registration_id}</arg>
<doc>Makes a variable available everywhere within the scope of the current suite.</doc>
<status status="PASS" start="2026-06-25T10:59:38.552476" elapsed="0.000134"/>
</kw>
<kw name="Set Suite Variable" owner="BuiltIn">
<msg time="2026-06-25T10:59:38.552747" level="INFO">${subscription_id} = urn:ngsi-ld:Subscription:5908739599835329</msg>
<arg>${subscription_id}</arg>
<doc>Makes a variable available everywhere within the scope of the current suite.</doc>
<status status="PASS" start="2026-06-25T10:59:38.552656" elapsed="0.000103"/>
</kw>
<kw name="Load Test Sample" owner="JsonUtils">
<kw name="Load Json From File" owner="JSONLibrary">
<msg time="2026-06-25T10:59:38.553590" level="INFO">${test_sample} = {'id': 'urn:ngsi-ld:ContextSourceRegistration:randomUUID', 'type': 'ContextSourceRegistration', 'information': [{'entities': [{'id': 'urn:ngsi-ld:Vehicle:A456', 'type': 'Vehicle'}], 'propertyNames': [...</msg>
<var>${test_sample}</var>
<arg>${EXECDIR}/data/${test_sample_file_path}</arg>
<doc>Load JSON from file.</doc>
<status status="PASS" start="2026-06-25T10:59:38.553145" elapsed="0.000461"/>
</kw>
<if>
<branch type="IF" condition="'${test_sample_id}'!=''">
<kw name="Update Value To Json" owner="JSONLibrary">
<msg time="2026-06-25T10:59:38.561996" level="INFO">${test_sample} = {'id': 'urn:ngsi-ld:ContextSourceRegistration:2193535310947609', 'type': 'ContextSourceRegistration', 'information': [{'entities': [{'id': 'urn:ngsi-ld:Vehicle:A456', 'type': 'Vehicle'}], 'propertyNam...</msg>
<var>${test_sample}</var>
<arg>${test_sample}</arg>
<arg>$.id</arg>
<arg>${test_sample_id}</arg>
<doc>Update value to JSON using JSONPath</doc>
<status status="PASS" start="2026-06-25T10:59:38.553771" elapsed="0.008240"/>
</kw>
<status status="PASS" start="2026-06-25T10:59:38.553655" elapsed="0.008375"/>
</branch>
<status status="PASS" start="2026-06-25T10:59:38.553641" elapsed="0.008403"/>
</if>
<return>
<value>${test_sample}</value>
<status status="PASS" start="2026-06-25T10:59:38.562060" elapsed="0.000014"/>
</return>
<msg time="2026-06-25T10:59:38.562129" level="INFO">${context_source_registration_payload} = {'id': 'urn:ngsi-ld:ContextSourceRegistration:2193535310947609', 'type': 'ContextSourceRegistration', 'information': [{'entities': [{'id': 'urn:ngsi-ld:Vehicle:A456', 'type': 'Vehicle'}], 'propertyNam...</msg>
<var>${context_source_registration_payload}</var>
<arg>${context_source_registration_payload_file_path}</arg>
<arg>${context_source_registration_id}</arg>
<status status="PASS" start="2026-06-25T10:59:38.553014" elapsed="0.009237"/>
</kw>
<kw name="Create Context Source Registration" owner="ContextSourceRegistration">
<kw name="Create Dictionary" owner="BuiltIn">
<msg time="2026-06-25T10:59:38.562636" level="INFO">&amp;{headers} = { Content-Type=application/ld+json }</msg>
<var>&amp;{headers}</var>
<arg>Content-Type=application/ld+json</arg>
<doc>Creates and returns a dictionary based on the given ``items``.</doc>
<status status="PASS" start="2026-06-25T10:59:38.562484" elapsed="0.000162"/>
</kw>
<kw name="POST" owner="RequestsLibrary">
<msg time="2026-06-25T10:59:38.590112" level="INFO">POST Request : url=http://localhost:9090/ngsi-ld/v1/csourceRegistrations 
 path_url=/ngsi-ld/v1/csourceRegistrations 
 headers={'User-Agent': 'python-requests/2.34.2', 'Accept-Encoding': 'gzip, deflate', 'Accept': '*/*', 'Connection': 'keep-alive', 'Content-Type': 'application/ld+json', 'Content-Length': '679'} 
 body=b'{"id": "urn:ngsi-ld:ContextSourceRegistration:2193535310947609", "type": "ContextSourceRegistration", "information": [{"entities": [{"id": "urn:ngsi-ld:Vehicle:A456", "type": "Vehicle"}], "propertyNames": ["brandName", "speed"], "relationshipNames": ["isParked"]}, {"entities": [{"idPattern": ".*downtown$", "type": "OffStreetParking"}, {"idPattern": ".*47$", "type": "OffStreetParking"}], "propertyNames": ["availableSpotNumber", "totalSpotNumber"], "relationshipNames": ["isNextToBuilding"]}], "endpoint": "http://my.csource.org:1026", "@context": ["https://forge.etsi.org/rep/cim/ngsi-ld-test-suite/-/raw/develop/resources/jsonld-contexts/ngsi-ld-test-suite-compound.jsonld"]}' 
 </msg>
<msg time="2026-06-25T10:59:38.590157" level="INFO">POST Response : url=http://localhost:9090/ngsi-ld/v1/csourceRegistrations 
 status=201, reason=Created 
 headers={'Location': '/ngsi-ld/v1/csourceRegistrations/urn:ngsi-ld:ContextSourceRegistration:2193535310947609', 'content-length': '0'} 
 body=None 
 </msg>
<msg time="2026-06-25T10:59:38.590301" level="INFO">${response} = &lt;Response [201]&gt;</msg>
<var>${response}</var>
<arg>url=${url}/${CONTEXT_SOURCE_REGISTRATION_ENDPOINT_PATH}</arg>
<arg>json=${context_source_registration_payload}</arg>
<arg>headers=${headers}</arg>
<arg>expected_status=any</arg>
<doc>Sends a POST request.</doc>
<status status="PASS" start="2026-06-25T10:59:38.562702" elapsed="0.027620"/>
</kw>
<kw name="Output" owner="logUtils">
<msg time="2026-06-25T10:59:38.590659" level="INFO">
Create Context Source Registration</msg>
<msg time="2026-06-25T10:59:38.590685" level="INFO">Request -&gt;</msg>
<msg time="2026-06-25T10:59:38.590694" level="INFO">{
    "method": "POST",
    "url": "http://localhost:9090/ngsi-ld/v1/csourceRegistrations",
    "headers": {
        "User-Agent": "python-requests/2.34.2",
        "Accept-Encoding": "gzip, deflate",
        "Accept": "*/*",
        "Connection": "keep-alive",
        "Content-Type": "application/ld+json",
        "Content-Length": "679"
    },
    "body": {
        "id": "urn:ngsi-ld:ContextSourceRegistration:2193535310947609",
        "type": "ContextSourceRegistration",
        "information": [
            {
                "entities": [
                    {
                        "id": "urn:ngsi-ld:Vehicle:A456",
                        "type": "Vehicle"
                    }
                ],
                "propertyNames": [
                    "brandName",
                    "speed"
                ],
                "relationshipNames": [
                    "isParked"
                ]
            },
            {
                "entities": [
                    {
                        "idPattern": ".*downtown$",
                        "type": "OffStreetParking"
                    },
                    {
                        "idPattern": ".*47$",
                        "type": "OffStreetParking"
                    }
                ],
                "propertyNames": [
                    "availableSpotNumber",
                    "totalSpotNumber"
                ],
                "relationshipNames": [
                    "isNextToBuilding"
                ]
            }
        ],
        "endpoint": "http://my.csource.org:1026",
        "@context": [
            "https://forge.etsi.org/rep/cim/ngsi-ld-test-suite/-/raw/develop/resources/jsonld-contexts/ngsi-ld-test-suite-compound.jsonld"
        ]
    }
}</msg>
<msg time="2026-06-25T10:59:38.590708" level="INFO">Response -&gt;</msg>
<msg time="2026-06-25T10:59:38.590714" level="INFO">{
    "url": "http://localhost:9090/ngsi-ld/v1/csourceRegistrations",
    "headers": {
        "Location": "/ngsi-ld/v1/csourceRegistrations/urn:ngsi-ld:ContextSourceRegistration:2193535310947609",
        "content-length": "0"
    },
    "status_code": 201,
    "reason": "Created",
    "body": null
}</msg>
<arg>${response}</arg>
<arg>Create Context Source Registration</arg>
<tag>I/O</tag>
<doc>*Request and response are output to terminal and file (in JSON).*
:param response: response to a request
:param description: explains what request is being made
:param console: If false, the JSON is not written to terminal. Default is true.</doc>
<status status="PASS" start="2026-06-25T10:59:38.590451" elapsed="0.000281"/>
</kw>
<return>
<value>${response}</value>
<status status="PASS" start="2026-06-25T10:59:38.590754" elapsed="0.000019"/>
</return>
<msg time="2026-06-25T10:59:38.590826" level="INFO">${create_csr_response} = &lt;Response [201]&gt;</msg>
<var>${create_csr_response}</var>
<arg>${context_source_registration_payload}</arg>
<tag>actor_context-producer</tag>
<status status="PASS" start="2026-06-25T10:59:38.562360" elapsed="0.028474"/>
</kw>
<kw name="Check Response Status Code" owner="AssertionUtils">
<kw name="Convert To String" owner="BuiltIn">
<msg time="2026-06-25T10:59:38.591424" level="INFO">${response_status_code} = 201</msg>
<var>${response_status_code}</var>
<arg>${response_status_code}</arg>
<doc>Converts the given item to a Unicode string.</doc>
<status status="PASS" start="2026-06-25T10:59:38.591273" elapsed="0.000162"/>
</kw>
<kw name="Should Be Equal" owner="BuiltIn">
<arg>${expected_status_code}</arg>
<arg>${response_status_code}</arg>
<arg>HTTP status code comparison failed with (expected, actual) -&gt;</arg>
<doc>Fails if the given objects are unequal.</doc>
<status status="PASS" start="2026-06-25T10:59:38.591484" elapsed="0.000126"/>
</kw>
<arg>201</arg>
<arg>${create_csr_response.status_code}</arg>
<status status="PASS" start="2026-06-25T10:59:38.590904" elapsed="0.000729"/>
</kw>
<kw name="Load Subscription Sample With Reachable Endpoint" owner="JsonUtils">
<kw name="Load Test Sample" owner="JsonUtils">
<kw name="Load Json From File" owner="JSONLibrary">
<msg time="2026-06-25T10:59:38.592406" level="INFO">${test_sample} = {'id': 'urn:ngsi-ld:Subscription:randomUUID', 'type': 'Subscription', 'entities': [{'type': 'Building'}], 'notification': {'format': 'keyValues', 'endpoint': {'uri': 'http://localhost:1111/notify', 'a...</msg>
<var>${test_sample}</var>
<arg>${EXECDIR}/data/${test_sample_file_path}</arg>
<doc>Load JSON from file.</doc>
<status status="PASS" start="2026-06-25T10:59:38.591975" elapsed="0.000443"/>
</kw>
<if>
<branch type="IF" condition="'${test_sample_id}'!=''">
<kw name="Update Value To Json" owner="JSONLibrary">
<msg time="2026-06-25T10:59:38.599132" level="INFO">${test_sample} = {'id': 'urn:ngsi-ld:Subscription:5908739599835329', 'type': 'Subscription', 'entities': [{'type': 'Building'}], 'notification': {'format': 'keyValues', 'endpoint': {'uri': 'http://localhost:1111/notif...</msg>
<var>${test_sample}</var>
<arg>${test_sample}</arg>
<arg>$.id</arg>
<arg>${test_sample_id}</arg>
<doc>Update value to JSON using JSONPath</doc>
<status status="PASS" start="2026-06-25T10:59:38.592538" elapsed="0.006609"/>
</kw>
<status status="PASS" start="2026-06-25T10:59:38.592454" elapsed="0.006887"/>
</branch>
<status status="PASS" start="2026-06-25T10:59:38.592443" elapsed="0.006921"/>
</if>
<return>
<value>${test_sample}</value>
<status status="PASS" start="2026-06-25T10:59:38.599384" elapsed="0.000019"/>
</return>
<msg time="2026-06-25T10:59:38.599470" level="INFO">${subscription_payload} = {'id': 'urn:ngsi-ld:Subscription:5908739599835329', 'type': 'Subscription', 'entities': [{'type': 'Building'}], 'notification': {'format': 'keyValues', 'endpoint': {'uri': 'http://localhost:1111/notif...</msg>
<var>${subscription_payload}</var>
<arg>${subscription_file_path}</arg>
<arg>${subscription_id}</arg>
<status status="PASS" start="2026-06-25T10:59:38.591860" elapsed="0.007621"/>
</kw>
<kw name="Update Value To Json" owner="JSONLibrary">
<msg time="2026-06-25T10:59:38.606288" level="INFO">${subscription} = {'id': 'urn:ngsi-ld:Subscription:5908739599835329', 'type': 'Subscription', 'entities': [{'type': 'Building'}], 'notification': {'format': 'keyValues', 'endpoint': {'uri': 'http://0.0.0.0:8085/notify'...</msg>
<var>${subscription}</var>
<arg>${subscription_payload}</arg>
<arg>$..notification['endpoint']['uri']</arg>
<arg>${notification_endpoint_uri}</arg>
<doc>Update value to JSON using JSONPath</doc>
<status status="PASS" start="2026-06-25T10:59:38.599539" elapsed="0.006764"/>
</kw>
<return>
<value>${subscription}</value>
<status status="PASS" start="2026-06-25T10:59:38.606341" elapsed="0.000018"/>
</return>
<msg time="2026-06-25T10:59:38.606422" level="INFO">${subscription_payload} = {'id': 'urn:ngsi-ld:Subscription:5908739599835329', 'type': 'Subscription', 'entities': [{'type': 'Building'}], 'notification': {'format': 'keyValues', 'endpoint': {'uri': 'http://0.0.0.0:8085/notify'...</msg>
<var>${subscription_payload}</var>
<arg>${subscription_payload_file_path}</arg>
<arg>${subscription_id}</arg>
<status status="PASS" start="2026-06-25T10:59:38.591695" elapsed="0.014735"/>
</kw>
<kw name="Create Context Source Registration Subscription" owner="ContextSourceRegistrationSubscription">
<kw name="Create Dictionary" owner="BuiltIn">
<msg time="2026-06-25T10:59:38.607129" level="INFO">&amp;{headers} = { Content-Type=application/ld+json }</msg>
<var>&amp;{headers}</var>
<arg>Content-Type=${content_type}</arg>
<doc>Creates and returns a dictionary based on the given ``items``.</doc>
<status status="PASS" start="2026-06-25T10:59:38.606921" elapsed="0.000220"/>
</kw>
<if>
<branch type="IF" condition="'${accept}'!=''">
<kw name="Set To Dictionary" owner="Collections">
<arg>${headers}</arg>
<arg>Accept</arg>
<arg>${accept}</arg>
<doc>Adds the given ``key_value_pairs`` and/or ``items`` to the ``dictionary``.</doc>
<status status="NOT RUN" start="2026-06-25T10:59:38.607258" elapsed="0.000007"/>
</kw>
<status status="NOT RUN" start="2026-06-25T10:59:38.607174" elapsed="0.000104"/>
</branch>
<status status="PASS" start="2026-06-25T10:59:38.607164" elapsed="0.000122"/>
</if>
<kw name="POST" owner="RequestsLibrary">
<msg time="2026-06-25T10:59:38.633015" level="INFO">POST Request : url=http://localhost:9090/ngsi-ld/v1/csourceSubscriptions 
 path_url=/ngsi-ld/v1/csourceSubscriptions 
 headers={'User-Agent': 'python-requests/2.34.2', 'Accept-Encoding': 'gzip, deflate', 'Accept': '*/*', 'Connection': 'keep-alive', 'Content-Type': 'application/ld+json', 'Content-Length': '375'} 
 body=b'{"id": "urn:ngsi-ld:Subscription:5908739599835329", "type": "Subscription", "entities": [{"type": "Building"}], "notification": {"format": "keyValues", "endpoint": {"uri": "http://0.0.0.0:8085/notify", "accept": "application/json"}}, "@context": ["https://forge.etsi.org/rep/cim/ngsi-ld-test-suite/-/raw/develop/resources/jsonld-contexts/ngsi-ld-test-suite-compound.jsonld"]}' 
 </msg>
<msg time="2026-06-25T10:59:38.633060" level="INFO">POST Response : url=http://localhost:9090/ngsi-ld/v1/csourceSubscriptions 
 status=201, reason=Created 
 headers={'Location': '/ngsi-ld/v1/csourceSubscriptions/urn:ngsi-ld:Subscription:5908739599835329', 'content-length': '0'} 
 body=None 
 </msg>
<msg time="2026-06-25T10:59:38.633129" level="INFO">${response} = &lt;Response [201]&gt;</msg>
<var>${response}</var>
<arg>url=${url}/${CONTEXT_SOURCE_REGISTRATION_SUBSCRIPTION_ENDPOINT_PATH}</arg>
<arg>json=${subscription_payload}</arg>
<arg>headers=${headers}</arg>
<arg>expected_status=any</arg>
<doc>Sends a POST request.</doc>
<status status="PASS" start="2026-06-25T10:59:38.607337" elapsed="0.025803"/>
</kw>
<kw name="Output" owner="logUtils">
<msg time="2026-06-25T10:59:38.633410" level="INFO">
Create Context Source Registration Subscription</msg>
<msg time="2026-06-25T10:59:38.633432" level="INFO">Request -&gt;</msg>
<msg time="2026-06-25T10:59:38.633441" level="INFO">{
    "method": "POST",
    "url": "http://localhost:9090/ngsi-ld/v1/csourceSubscriptions",
    "headers": {
        "User-Agent": "python-requests/2.34.2",
        "Accept-Encoding": "gzip, deflate",
        "Accept": "*/*",
        "Connection": "keep-alive",
        "Content-Type": "application/ld+json",
        "Content-Length": "375"
    },
    "body": {
        "id": "urn:ngsi-ld:Subscription:5908739599835329",
        "type": "Subscription",
        "entities": [
            {
                "type": "Building"
            }
        ],
        "notification": {
            "format": "keyValues",
            "endpoint": {
                "uri": "http://0.0.0.0:8085/notify",
                "accept": "application/json"
            }
        },
        "@context": [
            "https://forge.etsi.org/rep/cim/ngsi-ld-test-suite/-/raw/develop/resources/jsonld-contexts/ngsi-ld-test-suite-compound.jsonld"
        ]
    }
}</msg>
<msg time="2026-06-25T10:59:38.633452" level="INFO">Response -&gt;</msg>
<msg time="2026-06-25T10:59:38.633459" level="INFO">{
    "url": "http://localhost:9090/ngsi-ld/v1/csourceSubscriptions",
    "headers": {
        "Location": "/ngsi-ld/v1/csourceSubscriptions/urn:ngsi-ld:Subscription:5908739599835329",
        "content-length": "0"
    },
    "status_code": 201,
    "reason": "Created",
    "body": null
}</msg>
<arg>${response}</arg>
<arg>Create Context Source Registration Subscription</arg>
<tag>I/O</tag>
<doc>*Request and response are output to terminal and file (in JSON).*
:param response: response to a request
:param description: explains what request is being made
:param console: If false, the JSON is not written to terminal. Default is true.</doc>
<status status="PASS" start="2026-06-25T10:59:38.633241" elapsed="0.000235"/>
</kw>
<return>
<value>${response}</value>
<status status="PASS" start="2026-06-25T10:59:38.633498" elapsed="0.000021"/>
</return>
<msg time="2026-06-25T10:59:38.633579" level="INFO">${create_csrsub_response} = &lt;Response [201]&gt;</msg>
<var>${create_csrsub_response}</var>
<arg>${subscription_payload}</arg>
<tag>actor_context-subscriber</tag>
<status status="PASS" start="2026-06-25T10:59:38.606551" elapsed="0.027037"/>
</kw>
<kw name="Check Response Status Code" owner="AssertionUtils">
<kw name="Convert To String" owner="BuiltIn">
<msg time="2026-06-25T10:59:38.634162" level="INFO">${response_status_code} = 201</msg>
<var>${response_status_code}</var>
<arg>${response_status_code}</arg>
<doc>Converts the given item to a Unicode string.</doc>
<status status="PASS" start="2026-06-25T10:59:38.634038" elapsed="0.000135"/>
</kw>
<kw name="Should Be Equal" owner="BuiltIn">
<arg>${expected_status_code}</arg>
<arg>${response_status_code}</arg>
<arg>HTTP status code comparison failed with (expected, actual) -&gt;</arg>
<doc>Fails if the given objects are unequal.</doc>
<status status="PASS" start="2026-06-25T10:59:38.634219" elapsed="0.000124"/>
</kw>
<arg>201</arg>
<arg>${create_csrsub_response.status_code}</arg>
<status status="PASS" start="2026-06-25T10:59:38.633663" elapsed="0.000701"/>
</kw>
<kw name="Create List" owner="BuiltIn">
<msg time="2026-06-25T10:59:38.634512" level="INFO">@{expected_context_source_registration_ids} = [ urn:ngsi-ld:ContextSourceRegistration:2193535310947609 ]</msg>
<var>@{expected_context_source_registration_ids}</var>
<arg>${context_source_registration_id}</arg>
<doc>Returns a list containing given items.</doc>
<status status="PASS" start="2026-06-25T10:59:38.634405" elapsed="0.000116"/>
</kw>
<kw name="Set Suite Variable" owner="BuiltIn">
<msg time="2026-06-25T10:59:38.634924" level="INFO">${expected_context_source_registration_ids} = ['urn:ngsi-ld:ContextSourceRegistration:2193535310947609']</msg>
<arg>${expected_context_source_registration_ids}</arg>
<doc>Makes a variable available everywhere within the scope of the current suite.</doc>
<status status="PASS" start="2026-06-25T10:59:38.634767" elapsed="0.000174"/>
</kw>
<kw name="Wait for CSource notification and validate it" owner="NotificationUtils">
<kw name="Wait For Request" owner="HttpCtrl.Server">
<msg time="2026-06-25T10:59:43.636973" level="FAIL">Timeout: request was not received.</msg>
<arg>${timeout}</arg>
<doc>Command to server to wait incoming request. This call is blocked until HTTP request arrives. Basically server
receives all requests after \`Start Server\` and places them to internal queue. When test call function
\`Wait For Request\` it checks the queue and if it is not empty returns the first request in the queue. If the
queue is empty then function waits when the server receives request and place it to the queue. There is
default time period '5 seconds' to wait request and this waiting time can be changed. If during wait time the
request is not received then timeout error occurs.</doc>
<status status="FAIL" start="2026-06-25T10:59:38.635566" elapsed="5.001716">Timeout: request was not received.</status>
</kw>
<kw name="Reply By" owner="HttpCtrl.Server">
<arg>200</arg>
<doc>Send response using specified HTTP code and body. This function should be called after \`Wait For Request\`.</doc>
<status status="NOT RUN" start="2026-06-25T10:59:43.637510" elapsed="0.000025"/>
</kw>
<kw name="Get Request Body" owner="HttpCtrl.Server">
<var>${notification_payload}</var>
<doc>Returns body of received request as a string. This function should be called after \`Wait For Request\`,
otherwise None is returned.</doc>
<status status="NOT RUN" start="2026-06-25T10:59:43.637609" elapsed="0.000012"/>
</kw>
<kw name="Get Request Headers" owner="HttpCtrl.Server">
<var>${notification_headers}</var>
<doc>Returns headers of received request as a dictionary. This function should be called after \`Wait For Request\`,
otherwise None is returned.</doc>
<status status="NOT RUN" start="2026-06-25T10:59:43.637678" elapsed="0.000015"/>
</kw>
<kw name="Evaluate" owner="BuiltIn">
<var>${notification}</var>
<arg>json.loads('''${notification_payload}''')</arg>
<arg>json</arg>
<doc>Evaluates the given expression in Python and returns the result.</doc>
<status status="NOT RUN" start="2026-06-25T10:59:43.637751" elapsed="0.000010"/>
</kw>
<kw name="Get Length" owner="BuiltIn">
<var>${notification_data_length}</var>
<arg>${notification}[data]</arg>
<doc>Returns and logs the length of the given item as an integer.</doc>
<status status="NOT RUN" start="2026-06-25T10:59:43.637811" elapsed="0.000006"/>
</kw>
<kw name="Get Length" owner="BuiltIn">
<var>${expected_notification_data_entities_length}</var>
<arg>${expected_notification_data_entities}</arg>
<doc>Returns and logs the length of the given item as an integer.</doc>
<status status="NOT RUN" start="2026-06-25T10:59:43.637854" elapsed="0.000005"/>
</kw>
<kw name="Get Length" owner="BuiltIn">
<var>${expected_notification_data_length}</var>
<arg>${expected_context_source_registration_ids}</arg>
<doc>Returns and logs the length of the given item as an integer.</doc>
<status status="NOT RUN" start="2026-06-25T10:59:43.637896" elapsed="0.000005"/>
</kw>
<kw name="Output Notification" owner="logUtils">
<arg>${notification}</arg>
<arg>${notification_headers}</arg>
<arg>Wait for notification</arg>
<tag>I/O</tag>
<doc>*Body and headers of the notification are output to terminal and file (in JSON).*
:param body: body of the notification received
:param headers: headers of the notification received
:param description: explains what request is being made
:param console: If false, the JSON is not written to terminal. Default is true.</doc>
<status status="NOT RUN" start="2026-06-25T10:59:43.637939" elapsed="0.000006"/>
</kw>
<kw name="Should Be Equal" owner="BuiltIn">
<arg>${notification}[type]</arg>
<arg>${notification_type}</arg>
<doc>Fails if the given objects are unequal.</doc>
<status status="NOT RUN" start="2026-06-25T10:59:43.637986" elapsed="0.000005"/>
</kw>
<kw name="Should Be Equal" owner="BuiltIn">
<arg>${notification}[subscriptionId]</arg>
<arg>${expected_subscription_id}</arg>
<doc>Fails if the given objects are unequal.</doc>
<status status="NOT RUN" start="2026-06-25T10:59:43.638025" elapsed="0.000005"/>
</kw>
<kw name="Parse Ngsild Date" owner="dateTimeUtils">
<var>${notified_at_date}</var>
<arg>${notification}[notifiedAt]</arg>
<doc>Function used in checks to assert if a received date is compliant with the NGSI-LD format
:param date_string: string to check for date</doc>
<status status="NOT RUN" start="2026-06-25T10:59:43.638073" elapsed="0.000009"/>
</kw>
<kw name="Should Not Be Equal" owner="BuiltIn">
<arg>${notified_at_date}</arg>
<arg>${None}</arg>
<doc>Fails if the given objects are equal.</doc>
<status status="NOT RUN" start="2026-06-25T10:59:43.638126" elapsed="0.000005"/>
</kw>
<kw name="Set Variable" owner="BuiltIn">
<var>${index}</var>
<arg>0</arg>
<doc>Returns the given values which can then be assigned to a variables.</doc>
<status status="NOT RUN" start="2026-06-25T10:59:43.638168" elapsed="0.000005"/>
</kw>
<for flavor="IN">
<iter>
<kw name="List Should Contain Value" owner="Collections">
<arg>${expected_context_source_registration_ids}</arg>
<arg>${notification}[data][${index}][id]</arg>
<doc>Fails if the ``value`` is not found from ``list``.</doc>
<status status="NOT RUN" start="2026-06-25T10:59:43.638359" elapsed="0.000016"/>
</kw>
<kw name="Evaluate" owner="BuiltIn">
<var>${index}</var>
<arg>${index} + 1</arg>
<doc>Evaluates the given expression in Python and returns the result.</doc>
<status status="NOT RUN" start="2026-06-25T10:59:43.638430" elapsed="0.000006"/>
</kw>
<var name="${expected_context_source_registration_id}"/>
<status status="NOT RUN" start="2026-06-25T10:59:43.638283" elapsed="0.000162"/>
</iter>
<var>${expected_context_source_registration_id}</var>
<value>@{expected_context_source_registration_ids}</value>
<status status="NOT RUN" start="2026-06-25T10:59:43.638221" elapsed="0.000237"/>
</for>
<kw name="Should Be Equal" owner="BuiltIn">
<arg>'${notification_data_length}'</arg>
<arg>'${expected_notification_data_length}'</arg>
<doc>Fails if the given objects are unequal.</doc>
<status status="NOT RUN" start="2026-06-25T10:59:43.638501" elapsed="0.000006"/>
</kw>
<kw name="Should Be Equal" owner="BuiltIn">
<arg>${notification}[triggerReason]</arg>
<arg>${expected_trigger_reason}</arg>
<doc>Fails if the given objects are unequal.</doc>
<status status="NOT RUN" start="2026-06-25T10:59:43.638545" elapsed="0.000006"/>
</kw>
<if>
<branch type="IF" condition="${expected_notification_data_entities_length}&gt;0">
<kw name="Check Notification Data Entities" owner="NotificationUtils">
<arg>${notification}[data][0][information]</arg>
<arg>${expected_notification_data_entities}</arg>
<status status="NOT RUN" start="2026-06-25T10:59:43.638723" elapsed="0.000014"/>
</kw>
<status status="NOT RUN" start="2026-06-25T10:59:43.638582" elapsed="0.000170"/>
</branch>
<status status="NOT RUN" start="2026-06-25T10:59:43.638573" elapsed="0.000188"/>
</if>
<arg>expected_subscription_id=${subscription_id}</arg>
<arg>expected_context_source_registration_ids=${expected_context_source_registration_ids}</arg>
<arg>expected_trigger_reason=newlyMatching</arg>
<tag>actor_notification-receiver</tag>
<status status="FAIL" start="2026-06-25T10:59:38.635065" elapsed="5.003755">Timeout: request was not received.</status>
</kw>
<status status="FAIL" start="2026-06-25T10:59:38.549850" elapsed="5.089014">Timeout: request was not received.</status>
</kw>
<kw name="Delete Created Context Source Registration And Context Source Registration Subscription" type="TEARDOWN">
<kw name="Stop Local Server" owner="NotificationUtils">
<kw name="Stop Server" owner="HttpCtrl.Server">
<msg time="2026-06-25T10:59:43.639681" level="INFO">Push response to the Response Storage: &lt;HttpCtrl.internal_messages.TerminationRequest object at 0xffff99418250&gt;</msg>
<msg time="2026-06-25T10:59:44.063097" level="INFO">HTTP server is stopped.</msg>
<doc>Stop HTTP server if it has been started. This function should be called if server has been started.</doc>
<status status="PASS" start="2026-06-25T10:59:43.639633" elapsed="0.423626"/>
</kw>
<tag>actor_notification-receiver</tag>
<status status="PASS" start="2026-06-25T10:59:43.639530" elapsed="0.423886"/>
</kw>
<kw name="Delete Context Source Registration" owner="ContextSourceRegistration">
<kw name="Set Variable If" owner="BuiltIn">
<msg time="2026-06-25T10:59:44.065334" level="INFO">${final_url} = http://localhost:9090/ngsi-ld/v1</msg>
<var>${final_url}</var>
<arg>'${broker_url}' != ''</arg>
<arg>${broker_url}</arg>
<arg>${url}</arg>
<doc>Sets variable based on the given condition.</doc>
<status status="PASS" start="2026-06-25T10:59:44.064761" elapsed="0.000603"/>
</kw>
<kw name="DELETE" owner="RequestsLibrary">
<msg time="2026-06-25T10:59:44.086793" level="INFO">DELETE Request : url=http://localhost:9090/ngsi-ld/v1/csourceRegistrations/urn:ngsi-ld:ContextSourceRegistration:2193535310947609 
 path_url=/ngsi-ld/v1/csourceRegistrations/urn:ngsi-ld:ContextSourceRegistration:2193535310947609 
 headers={'User-Agent': 'python-requests/2.34.2', 'Accept-Encoding': 'gzip, deflate', 'Accept': '*/*', 'Connection': 'keep-alive', 'Content-Length': '0'} 
 body=None 
 </msg>
<msg time="2026-06-25T10:59:44.086846" level="INFO">DELETE Response : url=http://localhost:9090/ngsi-ld/v1/csourceRegistrations/urn:ngsi-ld:ContextSourceRegistration:2193535310947609 
 status=204, reason=No Content 
 headers={} 
 body=None 
 </msg>
<msg time="2026-06-25T10:59:44.086934" level="INFO">${response} = &lt;Response [204]&gt;</msg>
<var>${response}</var>
<arg>url=${final_url}/${CONTEXT_SOURCE_REGISTRATION_ENDPOINT_PATH}/${context_source_registration_id}</arg>
<doc>Sends a DELETE request.</doc>
<status status="PASS" start="2026-06-25T10:59:44.065494" elapsed="0.021454"/>
</kw>
<kw name="Output" owner="logUtils">
<msg time="2026-06-25T10:59:44.087249" level="INFO">
Delete Context Source Registration</msg>
<msg time="2026-06-25T10:59:44.087283" level="INFO">Request -&gt;</msg>
<msg time="2026-06-25T10:59:44.087298" level="INFO">{
    "method": "DELETE",
    "url": "http://localhost:9090/ngsi-ld/v1/csourceRegistrations/urn:ngsi-ld:ContextSourceRegistration:2193535310947609",
    "headers": {
        "User-Agent": "python-requests/2.34.2",
        "Accept-Encoding": "gzip, deflate",
        "Accept": "*/*",
        "Connection": "keep-alive",
        "Content-Length": "0"
    },
    "body": null
}</msg>
<msg time="2026-06-25T10:59:44.087329" level="INFO">Response -&gt;</msg>
<msg time="2026-06-25T10:59:44.087343" level="INFO">{
    "url": "http://localhost:9090/ngsi-ld/v1/csourceRegistrations/urn:ngsi-ld:ContextSourceRegistration:2193535310947609",
    "headers": {},
    "status_code": 204,
    "reason": "No Content",
    "body": null
}</msg>
<arg>${response}</arg>
<arg>Delete Context Source Registration</arg>
<tag>I/O</tag>
<doc>*Request and response are output to terminal and file (in JSON).*
:param response: response to a request
:param description: explains what request is being made
:param console: If false, the JSON is not written to terminal. Default is true.</doc>
<status status="PASS" start="2026-06-25T10:59:44.087071" elapsed="0.000298"/>
</kw>
<return>
<value>${response}</value>
<status status="PASS" start="2026-06-25T10:59:44.087409" elapsed="0.000031"/>
</return>
<arg>${context_source_registration_id}</arg>
<tag>actor_context-producer</tag>
<status status="PASS" start="2026-06-25T10:59:44.063740" elapsed="0.023768"/>
</kw>
<kw name="Delete Context Source Registration Subscription" owner="ContextSourceRegistrationSubscription">
<kw name="DELETE" owner="RequestsLibrary">
<msg time="2026-06-25T10:59:44.091445" level="INFO">DELETE Request : url=http://localhost:9090/ngsi-ld/v1/csourceSubscriptions/urn:ngsi-ld:Subscription:5908739599835329 
 path_url=/ngsi-ld/v1/csourceSubscriptions/urn:ngsi-ld:Subscription:5908739599835329 
 headers={'User-Agent': 'python-requests/2.34.2', 'Accept-Encoding': 'gzip, deflate', 'Accept': '*/*', 'Connection': 'keep-alive', 'Content-Length': '0'} 
 body=None 
 </msg>
<msg time="2026-06-25T10:59:44.091488" level="INFO">DELETE Response : url=http://localhost:9090/ngsi-ld/v1/csourceSubscriptions/urn:ngsi-ld:Subscription:5908739599835329 
 status=204, reason=No Content 
 headers={} 
 body=None 
 </msg>
<msg time="2026-06-25T10:59:44.091553" level="INFO">${response} = &lt;Response [204]&gt;</msg>
<var>${response}</var>
<arg>url=${url}/${CONTEXT_SOURCE_REGISTRATION_SUBSCRIPTION_ENDPOINT_PATH}/${subscription_id}</arg>
<doc>Sends a DELETE request.</doc>
<status status="PASS" start="2026-06-25T10:59:44.087821" elapsed="0.003744"/>
</kw>
<kw name="Output" owner="logUtils">
<msg time="2026-06-25T10:59:44.091777" level="INFO">
Delete Context Source Registration Subscription</msg>
<msg time="2026-06-25T10:59:44.091797" level="INFO">Request -&gt;</msg>
<msg time="2026-06-25T10:59:44.091809" level="INFO">{
    "method": "DELETE",
    "url": "http://localhost:9090/ngsi-ld/v1/csourceSubscriptions/urn:ngsi-ld:Subscription:5908739599835329",
    "headers": {
        "User-Agent": "python-requests/2.34.2",
        "Accept-Encoding": "gzip, deflate",
        "Accept": "*/*",
        "Connection": "keep-alive",
        "Content-Length": "0"
    },
    "body": null
}</msg>
<msg time="2026-06-25T10:59:44.091821" level="INFO">Response -&gt;</msg>
<msg time="2026-06-25T10:59:44.091830" level="INFO">{
    "url": "http://localhost:9090/ngsi-ld/v1/csourceSubscriptions/urn:ngsi-ld:Subscription:5908739599835329",
    "headers": {},
    "status_code": 204,
    "reason": "No Content",
    "body": null
}</msg>
<arg>${response}</arg>
<arg>Delete Context Source Registration Subscription</arg>
<tag>I/O</tag>
<doc>*Request and response are output to terminal and file (in JSON).*
:param response: response to a request
:param description: explains what request is being made
:param console: If false, the JSON is not written to terminal. Default is true.</doc>
<status status="PASS" start="2026-06-25T10:59:44.091652" elapsed="0.000197"/>
</kw>
<return>
<value>${response}</value>
<status status="PASS" start="2026-06-25T10:59:44.091878" elapsed="0.000032"/>
</return>
<arg>${subscription_id}</arg>
<tag>actor_context-subscriber</tag>
<status status="PASS" start="2026-06-25T10:59:44.087641" elapsed="0.004332"/>
</kw>
<status status="PASS" start="2026-06-25T10:59:43.639009" elapsed="0.452995"/>
</kw>
<doc>Check that if the created context source registration subscription does not define a timeInterval member, a cSourceNotification, with the appropriate trigger reason in the "triggerReason" member, will be sent initially on subscription and whenever there is a change of a matching Context Source Registration</doc>
<tag>5_11_7</tag>
<tag>csrsub-notification</tag>
<status status="FAIL" start="2026-06-25T10:59:38.549555" elapsed="5.542472">Setup failed:
Timeout: request was not received.</status>
</test>
<doc>Check that if the created context source registration subscription does not define a timeInterval member, a cSourceNotification, with the appropriate trigger reason in the "triggerReason" member, will be sent initially on subscription and whenever there is a change of a matching Context Source Registration</doc>
<status status="FAIL" start="2026-06-25T10:59:38.542071" elapsed="5.550170"/>
</suite>
<suite id="s1-s3" name="047 03" source="/workspace/ngsi-ld-test-suite/TP/NGSI-LD/ContextSource/RegistrationSubscription/ContextSourceRegistrationSubscriptionNotificationBehaviour/047_03.robot">
<test id="s1-s3-t1" name="047_03_01 Receive cSourceNotification With Relevant Information" line="21">
<kw name="Setup Initial Context Source Registration Subscription" type="SETUP">
<kw name="Start Local Server" owner="NotificationUtils">
<kw name="Start Server" owner="HttpCtrl.Server">
<msg time="2026-06-25T10:59:44.101871" level="INFO">Prepare HTTP server '0.0.0.0:8085' and thread to serve it.</msg>
<arg>${host}</arg>
<arg>${port}</arg>
<doc>Start HTTP server on specific address and port. Server should be closed when it is not required, for example,
when test is over. In case of double call of \`Start Server\`, the previous will be stopped and only then the
next one HTTP server will be started.</doc>
<status status="PASS" start="2026-06-25T10:59:44.101809" elapsed="0.000354"/>
</kw>
<tag>actor_notification-receiver</tag>
<status status="PASS" start="2026-06-25T10:59:44.101673" elapsed="0.000523"/>
</kw>
<kw name="Generate Random Subscription Id" owner="Common">
<kw name="Generate Random Id" owner="Common">
<kw name="Generate Random String" owner="String">
<msg time="2026-06-25T10:59:44.102616" level="INFO">${random_id} = 5125551146678950</msg>
<var>${random_id}</var>
<arg>16</arg>
<arg>[NUMBERS]</arg>
<doc>Generates a string with a desired ``length`` from the given ``chars``.</doc>
<status status="PASS" start="2026-06-25T10:59:44.102527" elapsed="0.000100"/>
</kw>
<kw name="Catenate" owner="BuiltIn">
<msg time="2026-06-25T10:59:44.102808" level="INFO">${entity_id} = urn:ngsi-ld:Subscription:5125551146678950</msg>
<var>${entity_id}</var>
<arg>${id_prefix}${random_id}</arg>
<doc>Catenates the given items together and returns the resulted string.</doc>
<status status="PASS" start="2026-06-25T10:59:44.102679" elapsed="0.000139"/>
</kw>
<return>
<value>${entity_id}</value>
<status status="PASS" start="2026-06-25T10:59:44.102838" elapsed="0.000016"/>
</return>
<msg time="2026-06-25T10:59:44.102901" level="INFO">${entity_id} = urn:ngsi-ld:Subscription:5125551146678950</msg>
<var>${entity_id}</var>
<arg>${SUBSCRIPTION_ID_PREFIX}</arg>
<status status="PASS" start="2026-06-25T10:59:44.102410" elapsed="0.000500"/>
</kw>
<return>
<value>${entity_id}</value>
<status status="PASS" start="2026-06-25T10:59:44.102925" elapsed="0.000009"/>
</return>
<msg time="2026-06-25T10:59:44.102975" level="INFO">${subscription_id} = urn:ngsi-ld:Subscription:5125551146678950</msg>
<var>${subscription_id}</var>
<status status="PASS" start="2026-06-25T10:59:44.102272" elapsed="0.000712"/>
</kw>
<kw name="Load Subscription Sample With Reachable Endpoint" owner="JsonUtils">
<kw name="Load Test Sample" owner="JsonUtils">
<kw name="Load Json From File" owner="JSONLibrary">
<msg time="2026-06-25T10:59:44.103661" level="INFO">${test_sample} = {'id': 'urn:ngsi-ld:Subscription:randomUUID', 'type': 'Subscription', 'entities': [{'type': 'Building'}], 'notification': {'format': 'keyValues', 'endpoint': {'uri': 'http://localhost:1111/notify', 'a...</msg>
<var>${test_sample}</var>
<arg>${EXECDIR}/data/${test_sample_file_path}</arg>
<doc>Load JSON from file.</doc>
<status status="PASS" start="2026-06-25T10:59:44.103394" elapsed="0.000280"/>
</kw>
<if>
<branch type="IF" condition="'${test_sample_id}'!=''">
<kw name="Update Value To Json" owner="JSONLibrary">
<msg time="2026-06-25T10:59:44.112916" level="INFO">${test_sample} = {'id': 'urn:ngsi-ld:Subscription:5125551146678950', 'type': 'Subscription', 'entities': [{'type': 'Building'}], 'notification': {'format': 'keyValues', 'endpoint': {'uri': 'http://localhost:1111/notif...</msg>
<var>${test_sample}</var>
<arg>${test_sample}</arg>
<arg>$.id</arg>
<arg>${test_sample_id}</arg>
<doc>Update value to JSON using JSONPath</doc>
<status status="PASS" start="2026-06-25T10:59:44.103823" elapsed="0.009119"/>
</kw>
<status status="PASS" start="2026-06-25T10:59:44.103713" elapsed="0.009258"/>
</branch>
<status status="PASS" start="2026-06-25T10:59:44.103701" elapsed="0.009287"/>
</if>
<return>
<value>${test_sample}</value>
<status status="PASS" start="2026-06-25T10:59:44.113010" elapsed="0.000020"/>
</return>
<msg time="2026-06-25T10:59:44.113098" level="INFO">${subscription_payload} = {'id': 'urn:ngsi-ld:Subscription:5125551146678950', 'type': 'Subscription', 'entities': [{'type': 'Building'}], 'notification': {'format': 'keyValues', 'endpoint': {'uri': 'http://localhost:1111/notif...</msg>
<var>${subscription_payload}</var>
<arg>${subscription_file_path}</arg>
<arg>${subscription_id}</arg>
<status status="PASS" start="2026-06-25T10:59:44.103230" elapsed="0.009877"/>
</kw>
<kw name="Update Value To Json" owner="JSONLibrary">
<msg time="2026-06-25T10:59:44.121177" level="INFO">${subscription} = {'id': 'urn:ngsi-ld:Subscription:5125551146678950', 'type': 'Subscription', 'entities': [{'type': 'Building'}], 'notification': {'format': 'keyValues', 'endpoint': {'uri': 'http://0.0.0.0:8085/notify'...</msg>
<var>${subscription}</var>
<arg>${subscription_payload}</arg>
<arg>$..notification['endpoint']['uri']</arg>
<arg>${notification_endpoint_uri}</arg>
<doc>Update value to JSON using JSONPath</doc>
<status status="PASS" start="2026-06-25T10:59:44.113191" elapsed="0.008008"/>
</kw>
<return>
<value>${subscription}</value>
<status status="PASS" start="2026-06-25T10:59:44.121233" elapsed="0.000022"/>
</return>
<msg time="2026-06-25T10:59:44.121333" level="INFO">${subscription_payload} = {'id': 'urn:ngsi-ld:Subscription:5125551146678950', 'type': 'Subscription', 'entities': [{'type': 'Building'}], 'notification': {'format': 'keyValues', 'endpoint': {'uri': 'http://0.0.0.0:8085/notify'...</msg>
<var>${subscription_payload}</var>
<arg>${subscription_payload_file_path}</arg>
<arg>${subscription_id}</arg>
<status status="PASS" start="2026-06-25T10:59:44.103046" elapsed="0.018297"/>
</kw>
<kw name="Create Context Source Registration Subscription" owner="ContextSourceRegistrationSubscription">
<kw name="Create Dictionary" owner="BuiltIn">
<msg time="2026-06-25T10:59:44.122039" level="INFO">&amp;{headers} = { Content-Type=application/ld+json }</msg>
<var>&amp;{headers}</var>
<arg>Content-Type=${content_type}</arg>
<doc>Creates and returns a dictionary based on the given ``items``.</doc>
<status status="PASS" start="2026-06-25T10:59:44.121863" elapsed="0.000186"/>
</kw>
<if>
<branch type="IF" condition="'${accept}'!=''">
<kw name="Set To Dictionary" owner="Collections">
<arg>${headers}</arg>
<arg>Accept</arg>
<arg>${accept}</arg>
<doc>Adds the given ``key_value_pairs`` and/or ``items`` to the ``dictionary``.</doc>
<status status="NOT RUN" start="2026-06-25T10:59:44.122164" elapsed="0.000007"/>
</kw>
<status status="NOT RUN" start="2026-06-25T10:59:44.122080" elapsed="0.000103"/>
</branch>
<status status="PASS" start="2026-06-25T10:59:44.122071" elapsed="0.000120"/>
</if>
<kw name="POST" owner="RequestsLibrary">
<msg time="2026-06-25T10:59:44.140479" level="INFO">POST Request : url=http://localhost:9090/ngsi-ld/v1/csourceSubscriptions 
 path_url=/ngsi-ld/v1/csourceSubscriptions 
 headers={'User-Agent': 'python-requests/2.34.2', 'Accept-Encoding': 'gzip, deflate', 'Accept': '*/*', 'Connection': 'keep-alive', 'Content-Type': 'application/ld+json', 'Content-Length': '375'} 
[...]
<status status="NOT RUN" start="2026-06-25T11:01:12.374476" elapsed="0.000086"/>
</kw>
<kw name="Get Request Body" owner="HttpCtrl.Server">
<var>${notification_payload}</var>
<doc>Returns body of received request as a string. This function should be called after \`Wait For Request\`,
otherwise None is returned.</doc>
<status status="NOT RUN" start="2026-06-25T11:01:12.374811" elapsed="0.000030"/>
</kw>
<kw name="Get Request Headers" owner="HttpCtrl.Server">
<var>${notification_headers}</var>
<doc>Returns headers of received request as a dictionary. This function should be called after \`Wait For Request\`,
otherwise None is returned.</doc>
<status status="NOT RUN" start="2026-06-25T11:01:12.375024" elapsed="0.000029"/>
</kw>
<kw name="Evaluate" owner="BuiltIn">
<var>${notification}</var>
<arg>json.loads('''${notification_payload}''')</arg>
<arg>json</arg>
<doc>Evaluates the given expression in Python and returns the result.</doc>
<status status="NOT RUN" start="2026-06-25T11:01:12.376258" elapsed="0.000040"/>
</kw>
<kw name="Get Length" owner="BuiltIn">
<var>${notification_data_length}</var>
<arg>${notification}[data]</arg>
<doc>Returns and logs the length of the given item as an integer.</doc>
<status status="NOT RUN" start="2026-06-25T11:01:12.376483" elapsed="0.000025"/>
</kw>
<kw name="Get Length" owner="BuiltIn">
<var>${expected_notification_data_entities_length}</var>
<arg>${expected_notification_data_entities}</arg>
<doc>Returns and logs the length of the given item as an integer.</doc>
<status status="NOT RUN" start="2026-06-25T11:01:12.376633" elapsed="0.000018"/>
</kw>
<kw name="Get Length" owner="BuiltIn">
<var>${expected_notification_data_length}</var>
<arg>${expected_context_source_registration_ids}</arg>
<doc>Returns and logs the length of the given item as an integer.</doc>
<status status="NOT RUN" start="2026-06-25T11:01:12.376775" elapsed="0.000017"/>
</kw>
<kw name="Output Notification" owner="logUtils">
<arg>${notification}</arg>
<arg>${notification_headers}</arg>
<arg>Wait for notification</arg>
<tag>I/O</tag>
<doc>*Body and headers of the notification are output to terminal and file (in JSON).*
:param body: body of the notification received
:param headers: headers of the notification received
:param description: explains what request is being made
:param console: If false, the JSON is not written to terminal. Default is true.</doc>
<status status="NOT RUN" start="2026-06-25T11:01:12.376914" elapsed="0.000017"/>
</kw>
<kw name="Should Be Equal" owner="BuiltIn">
<arg>${notification}[type]</arg>
<arg>${notification_type}</arg>
<doc>Fails if the given objects are unequal.</doc>
<status status="NOT RUN" start="2026-06-25T11:01:12.377060" elapsed="0.000016"/>
</kw>
<kw name="Should Be Equal" owner="BuiltIn">
<arg>${notification}[subscriptionId]</arg>
<arg>${expected_subscription_id}</arg>
<doc>Fails if the given objects are unequal.</doc>
<status status="NOT RUN" start="2026-06-25T11:01:12.377220" elapsed="0.000018"/>
</kw>
<kw name="Parse Ngsild Date" owner="dateTimeUtils">
<var>${notified_at_date}</var>
<arg>${notification}[notifiedAt]</arg>
<doc>Function used in checks to assert if a received date is compliant with the NGSI-LD format
:param date_string: string to check for date</doc>
<status status="NOT RUN" start="2026-06-25T11:01:12.377348" elapsed="0.000016"/>
</kw>
<kw name="Should Not Be Equal" owner="BuiltIn">
<arg>${notified_at_date}</arg>
<arg>${None}</arg>
<doc>Fails if the given objects are equal.</doc>
<status status="NOT RUN" start="2026-06-25T11:01:12.377476" elapsed="0.000016"/>
</kw>
<kw name="Set Variable" owner="BuiltIn">
<var>${index}</var>
<arg>0</arg>
<doc>Returns the given values which can then be assigned to a variables.</doc>
<status status="NOT RUN" start="2026-06-25T11:01:12.377607" elapsed="0.000015"/>
</kw>
<for flavor="IN">
<iter>
<kw name="List Should Contain Value" owner="Collections">
<arg>${expected_context_source_registration_ids}</arg>
<arg>${notification}[data][${index}][id]</arg>
<doc>Fails if the ``value`` is not found from ``list``.</doc>
<status status="NOT RUN" start="2026-06-25T11:01:12.377953" elapsed="0.000022"/>
</kw>
<kw name="Evaluate" owner="BuiltIn">
<var>${index}</var>
<arg>${index} + 1</arg>
<doc>Evaluates the given expression in Python and returns the result.</doc>
<status status="NOT RUN" start="2026-06-25T11:01:12.378134" elapsed="0.000018"/>
</kw>
<var name="${expected_context_source_registration_id}"/>
<status status="NOT RUN" start="2026-06-25T11:01:12.377842" elapsed="0.000342"/>
</iter>
<var>${expected_context_source_registration_id}</var>
<value>@{expected_context_source_registration_ids}</value>
<status status="NOT RUN" start="2026-06-25T11:01:12.377704" elapsed="0.000517"/>
</for>
<kw name="Should Be Equal" owner="BuiltIn">
<arg>'${notification_data_length}'</arg>
<arg>'${expected_notification_data_length}'</arg>
<doc>Fails if the given objects are unequal.</doc>
<status status="NOT RUN" start="2026-06-25T11:01:12.378345" elapsed="0.000016"/>
</kw>
<kw name="Should Be Equal" owner="BuiltIn">
<arg>${notification}[triggerReason]</arg>
<arg>${expected_trigger_reason}</arg>
<doc>Fails if the given objects are unequal.</doc>
<status status="NOT RUN" start="2026-06-25T11:01:12.378467" elapsed="0.000016"/>
</kw>
<if>
<branch type="IF" condition="${expected_notification_data_entities_length}&gt;0">
<kw name="Check Notification Data Entities" owner="NotificationUtils">
<arg>${notification}[data][0][information]</arg>
<arg>${expected_notification_data_entities}</arg>
<status status="NOT RUN" start="2026-06-25T11:01:12.378989" elapsed="0.000034"/>
</kw>
<status status="NOT RUN" start="2026-06-25T11:01:12.378592" elapsed="0.000466"/>
</branch>
<status status="NOT RUN" start="2026-06-25T11:01:12.378559" elapsed="0.000558"/>
</if>
<arg>expected_subscription_id=${subscription_id}</arg>
<arg>expected_context_source_registration_ids=${notification_csr_ids}</arg>
<arg>expected_trigger_reason=newlyMatching</arg>
<tag>actor_notification-receiver</tag>
<status status="FAIL" start="2026-06-25T11:01:07.370692" elapsed="5.008618">Timeout: request was not received.</status>
</kw>
<arg>csourceSubscriptions/fragments/subscription-vehicle-and-bus-entities.json</arg>
<arg>${first_context_source_registration_id}</arg>
<arg>${second_context_source_registration_id}</arg>
<doc>Check if one updates a context source registration subscription, a CsourceNotification will be sent with all currently matching context source registrations</doc>
<status status="FAIL" start="2026-06-25T11:01:07.355743" elapsed="5.023676">Timeout: request was not received.</status>
</kw>
<kw name="Delete Created Context Source Registrations And Context Source Registration Subscription" type="TEARDOWN">
<kw name="Stop Local Server" owner="NotificationUtils">
<kw name="Stop Server" owner="HttpCtrl.Server">
<msg time="2026-06-25T11:01:12.380781" level="INFO">Push response to the Response Storage: &lt;HttpCtrl.internal_messages.TerminationRequest object at 0xffff9948c810&gt;</msg>
<msg time="2026-06-25T11:01:12.765789" level="INFO">HTTP server is stopped.</msg>
<doc>Stop HTTP server if it has been started. This function should be called if server has been started.</doc>
<status status="PASS" start="2026-06-25T11:01:12.380652" elapsed="0.385674"/>
</kw>
<tag>actor_notification-receiver</tag>
<status status="PASS" start="2026-06-25T11:01:12.380356" elapsed="0.386306"/>
</kw>
<kw name="Delete Context Source Registration Subscription" owner="ContextSourceRegistrationSubscription">
<kw name="DELETE" owner="RequestsLibrary">
<msg time="2026-06-25T11:01:12.779056" level="INFO">DELETE Request : url=http://localhost:9090/ngsi-ld/v1/csourceSubscriptions/urn:ngsi-ld:Subscription:4583591404659368 
 path_url=/ngsi-ld/v1/csourceSubscriptions/urn:ngsi-ld:Subscription:4583591404659368 
 headers={'User-Agent': 'python-requests/2.34.2', 'Accept-Encoding': 'gzip, deflate', 'Accept': '*/*', 'Connection': 'keep-alive', 'Content-Length': '0'} 
 body=None 
 </msg>
<msg time="2026-06-25T11:01:12.779181" level="INFO">DELETE Response : url=http://localhost:9090/ngsi-ld/v1/csourceSubscriptions/urn:ngsi-ld:Subscription:4583591404659368 
 status=204, reason=No Content 
 headers={} 
 body=None 
 </msg>
<msg time="2026-06-25T11:01:12.779339" level="INFO">${response} = &lt;Response [204]&gt;</msg>
<var>${response}</var>
<arg>url=${url}/${CONTEXT_SOURCE_REGISTRATION_SUBSCRIPTION_ENDPOINT_PATH}/${subscription_id}</arg>
<doc>Sends a DELETE request.</doc>
<status status="PASS" start="2026-06-25T11:01:12.768831" elapsed="0.010533"/>
</kw>
<kw name="Output" owner="logUtils">
<msg time="2026-06-25T11:01:12.780005" level="INFO">
Delete Context Source Registration Subscription</msg>
<msg time="2026-06-25T11:01:12.780068" level="INFO">Request -&gt;</msg>
<msg time="2026-06-25T11:01:12.780138" level="INFO">{
    "method": "DELETE",
    "url": "http://localhost:9090/ngsi-ld/v1/csourceSubscriptions/urn:ngsi-ld:Subscription:4583591404659368",
    "headers": {
        "User-Agent": "python-requests/2.34.2",
        "Accept-Encoding": "gzip, deflate",
        "Accept": "*/*",
        "Connection": "keep-alive",
        "Content-Length": "0"
    },
    "body": null
}</msg>
<msg time="2026-06-25T11:01:12.780806" level="INFO">Response -&gt;</msg>
<msg time="2026-06-25T11:01:12.780841" level="INFO">{
    "url": "http://localhost:9090/ngsi-ld/v1/csourceSubscriptions/urn:ngsi-ld:Subscription:4583591404659368",
    "headers": {},
    "status_code": 204,
    "reason": "No Content",
    "body": null
}</msg>
<arg>${response}</arg>
<arg>Delete Context Source Registration Subscription</arg>
<tag>I/O</tag>
<doc>*Request and response are output to terminal and file (in JSON).*
:param response: response to a request
:param description: explains what request is being made
:param console: If false, the JSON is not written to terminal. Default is true.</doc>
<status status="PASS" start="2026-06-25T11:01:12.779639" elapsed="0.001252"/>
</kw>
<return>
<value>${response}</value>
<status status="PASS" start="2026-06-25T11:01:12.780967" elapsed="0.000071"/>
</return>
<arg>${subscription_id}</arg>
<tag>actor_context-subscriber</tag>
<status status="PASS" start="2026-06-25T11:01:12.767755" elapsed="0.013443"/>
</kw>
<kw name="Delete Context Source Registration" owner="ContextSourceRegistration">
<kw name="Set Variable If" owner="BuiltIn">
<msg time="2026-06-25T11:01:12.783702" level="INFO">${final_url} = http://localhost:9090/ngsi-ld/v1</msg>
<var>${final_url}</var>
<arg>'${broker_url}' != ''</arg>
<arg>${broker_url}</arg>
<arg>${url}</arg>
<doc>Sets variable based on the given condition.</doc>
<status status="PASS" start="2026-06-25T11:01:12.783158" elapsed="0.000580"/>
</kw>
<kw name="DELETE" owner="RequestsLibrary">
<msg time="2026-06-25T11:01:12.792793" level="INFO">DELETE Request : url=http://localhost:9090/ngsi-ld/v1/csourceRegistrations/urn:ngsi-ld:ContextSourceRegistration:9036115241174813 
 path_url=/ngsi-ld/v1/csourceRegistrations/urn:ngsi-ld:ContextSourceRegistration:9036115241174813 
 headers={'User-Agent': 'python-requests/2.34.2', 'Accept-Encoding': 'gzip, deflate', 'Accept': '*/*', 'Connection': 'keep-alive', 'Content-Length': '0'} 
 body=None 
 </msg>
<msg time="2026-06-25T11:01:12.792866" level="INFO">DELETE Response : url=http://localhost:9090/ngsi-ld/v1/csourceRegistrations/urn:ngsi-ld:ContextSourceRegistration:9036115241174813 
 status=204, reason=No Content 
 headers={} 
 body=None 
 </msg>
<msg time="2026-06-25T11:01:12.793058" level="INFO">${response} = &lt;Response [204]&gt;</msg>
<var>${response}</var>
<arg>url=${final_url}/${CONTEXT_SOURCE_REGISTRATION_ENDPOINT_PATH}/${context_source_registration_id}</arg>
<doc>Sends a DELETE request.</doc>
<status status="PASS" start="2026-06-25T11:01:12.783904" elapsed="0.009178"/>
</kw>
<kw name="Output" owner="logUtils">
<msg time="2026-06-25T11:01:12.793501" level="INFO">
Delete Context Source Registration</msg>
<msg time="2026-06-25T11:01:12.793541" level="INFO">Request -&gt;</msg>
<msg time="2026-06-25T11:01:12.793559" level="INFO">{
    "method": "DELETE",
    "url": "http://localhost:9090/ngsi-ld/v1/csourceRegistrations/urn:ngsi-ld:ContextSourceRegistration:9036115241174813",
    "headers": {
        "User-Agent": "python-requests/2.34.2",
        "Accept-Encoding": "gzip, deflate",
        "Accept": "*/*",
        "Connection": "keep-alive",
        "Content-Length": "0"
    },
    "body": null
}</msg>
<msg time="2026-06-25T11:01:12.793576" level="INFO">Response -&gt;</msg>
<msg time="2026-06-25T11:01:12.793589" level="INFO">{
    "url": "http://localhost:9090/ngsi-ld/v1/csourceRegistrations/urn:ngsi-ld:ContextSourceRegistration:9036115241174813",
    "headers": {},
    "status_code": 204,
    "reason": "No Content",
    "body": null
}</msg>
<arg>${response}</arg>
<arg>Delete Context Source Registration</arg>
<tag>I/O</tag>
<doc>*Request and response are output to terminal and file (in JSON).*
:param response: response to a request
:param description: explains what request is being made
:param console: If false, the JSON is not written to terminal. Default is true.</doc>
<status status="PASS" start="2026-06-25T11:01:12.793268" elapsed="0.000353"/>
</kw>
<return>
<value>${response}</value>
<status status="PASS" start="2026-06-25T11:01:12.793662" elapsed="0.000039"/>
</return>
<arg>${first_context_source_registration_id}</arg>
<tag>actor_context-producer</tag>
<status status="PASS" start="2026-06-25T11:01:12.781493" elapsed="0.012285"/>
</kw>
<kw name="Delete Context Source Registration" owner="ContextSourceRegistration">
<kw name="Set Variable If" owner="BuiltIn">
<msg time="2026-06-25T11:01:12.794983" level="INFO">${final_url} = http://localhost:9090/ngsi-ld/v1</msg>
<var>${final_url}</var>
<arg>'${broker_url}' != ''</arg>
<arg>${broker_url}</arg>
<arg>${url}</arg>
<doc>Sets variable based on the given condition.</doc>
<status status="PASS" start="2026-06-25T11:01:12.794682" elapsed="0.000320"/>
</kw>
<kw name="DELETE" owner="RequestsLibrary">
<msg time="2026-06-25T11:01:12.800139" level="INFO">DELETE Request : url=http://localhost:9090/ngsi-ld/v1/csourceRegistrations/urn:ngsi-ld:ContextSourceRegistration:3085836000467625 
 path_url=/ngsi-ld/v1/csourceRegistrations/urn:ngsi-ld:ContextSourceRegistration:3085836000467625 
 headers={'User-Agent': 'python-requests/2.34.2', 'Accept-Encoding': 'gzip, deflate', 'Accept': '*/*', 'Connection': 'keep-alive', 'Content-Length': '0'} 
 body=None 
 </msg>
<msg time="2026-06-25T11:01:12.800200" level="INFO">DELETE Response : url=http://localhost:9090/ngsi-ld/v1/csourceRegistrations/urn:ngsi-ld:ContextSourceRegistration:3085836000467625 
 status=204, reason=No Content 
 headers={} 
 body=None 
 </msg>
<msg time="2026-06-25T11:01:12.800295" level="INFO">${response} = &lt;Response [204]&gt;</msg>
<var>${response}</var>
<arg>url=${final_url}/${CONTEXT_SOURCE_REGISTRATION_ENDPOINT_PATH}/${context_source_registration_id}</arg>
<doc>Sends a DELETE request.</doc>
<status status="PASS" start="2026-06-25T11:01:12.795112" elapsed="0.005201"/>
</kw>
<kw name="Output" owner="logUtils">
<msg time="2026-06-25T11:01:12.800703" level="INFO">
Delete Context Source Registration</msg>
<msg time="2026-06-25T11:01:12.800736" level="INFO">Request -&gt;</msg>
<msg time="2026-06-25T11:01:12.800751" level="INFO">{
    "method": "DELETE",
    "url": "http://localhost:9090/ngsi-ld/v1/csourceRegistrations/urn:ngsi-ld:ContextSourceRegistration:3085836000467625",
    "headers": {
        "User-Agent": "python-requests/2.34.2",
        "Accept-Encoding": "gzip, deflate",
        "Accept": "*/*",
        "Connection": "keep-alive",
        "Content-Length": "0"
    },
    "body": null
}</msg>
<msg time="2026-06-25T11:01:12.800767" level="INFO">Response -&gt;</msg>
<msg time="2026-06-25T11:01:12.800779" level="INFO">{
    "url": "http://localhost:9090/ngsi-ld/v1/csourceRegistrations/urn:ngsi-ld:ContextSourceRegistration:3085836000467625",
    "headers": {},
    "status_code": 204,
    "reason": "No Content",
    "body": null
}</msg>
<arg>${response}</arg>
<arg>Delete Context Source Registration</arg>
<tag>I/O</tag>
<doc>*Request and response are output to terminal and file (in JSON).*
:param response: response to a request
:param description: explains what request is being made
:param console: If false, the JSON is not written to terminal. Default is true.</doc>
<status status="PASS" start="2026-06-25T11:01:12.800495" elapsed="0.000311"/>
</kw>
<return>
<value>${response}</value>
<status status="PASS" start="2026-06-25T11:01:12.800845" elapsed="0.000029"/>
</return>
<arg>${second_context_source_registration_id}</arg>
<tag>actor_context-producer</tag>
<status status="PASS" start="2026-06-25T11:01:12.793981" elapsed="0.006962"/>
</kw>
<status status="PASS" start="2026-06-25T11:01:12.379847" elapsed="0.421130"/>
</kw>
<tag>5_11_7</tag>
<tag>csrsub-notification</tag>
<status status="FAIL" start="2026-06-25T11:01:07.242562" elapsed="5.558450">Timeout: request was not received.</status>
</test>
<doc>Check if one updates a context source registration subscription, a CsourceNotification will be sent with all currently matching context source registrations</doc>
<status status="FAIL" start="2026-06-25T11:00:41.026167" elapsed="31.775355"/>
</suite>
<status status="FAIL" start="2026-06-25T10:59:22.287360" elapsed="110.514656"/>
</suite>
<statistics>
<total>
<stat pass="7" fail="13" skip="0">All Tests</stat>
</total>
<tag>
<stat pass="7" fail="13" skip="0">5_11_7</stat>
<stat pass="7" fail="13" skip="0">csrsub-notification</stat>
</tag>
<suite>
<stat name="ContextSourceRegistrationSubscriptionNotificationBehaviour" id="s1" pass="7" fail="13" skip="0">ContextSourceRegistrationSubscriptionNotificationBehaviour</stat>
<stat name="047 01" id="s1-s1" pass="0" fail="1" skip="0">ContextSourceRegistrationSubscriptionNotificationBehaviour.047 01</stat>
<stat name="047 02" id="s1-s2" pass="0" fail="1" skip="0">ContextSourceRegistrationSubscriptionNotificationBehaviour.047 02</stat>
<stat name="047 03" id="s1-s3" pass="0" fail="1" skip="0">ContextSourceRegistrationSubscriptionNotificationBehaviour.047 03</stat>
<stat name="047 04" id="s1-s4" pass="0" fail="1" skip="0">ContextSourceRegistrationSubscriptionNotificationBehaviour.047 04</stat>
<stat name="047 05" id="s1-s5" pass="0" fail="1" skip="0">ContextSourceRegistrationSubscriptionNotificationBehaviour.047 05</stat>
<stat name="047 06" id="s1-s6" pass="0" fail="1" skip="0">ContextSourceRegistrationSubscriptionNotificationBehaviour.047 06</stat>
<stat name="047 07" id="s1-s7" pass="2" fail="0" skip="0">ContextSourceRegistrationSubscriptionNotificationBehaviour.047 07</stat>
<stat name="047 08" id="s1-s8" pass="0" fail="1" skip="0">ContextSourceRegistrationSubscriptionNotificationBehaviour.047 08</stat>
<stat name="047 09" id="s1-s9" pass="0" fail="1" skip="0">ContextSourceRegistrationSubscriptionNotificationBehaviour.047 09</stat>
<stat name="047 10" id="s1-s10" pass="1" fail="0" skip="0">ContextSourceRegistrationSubscriptionNotificationBehaviour.047 10</stat>
<stat name="047 11" id="s1-s11" pass="2" fail="0" skip="0">ContextSourceRegistrationSubscriptionNotificationBehaviour.047 11</stat>
<stat name="047 12" id="s1-s12" pass="0" fail="1" skip="0">ContextSourceRegistrationSubscriptionNotificationBehaviour.047 12</stat>
<stat name="047 13" id="s1-s13" pass="1" fail="0" skip="0">ContextSourceRegistrationSubscriptionNotificationBehaviour.047 13</stat>
<stat name="047 14" id="s1-s14" pass="0" fail="1" skip="0">ContextSourceRegistrationSubscriptionNotificationBehaviour.047 14</stat>
<stat name="047 15" id="s1-s15" pass="0" fail="1" skip="0">ContextSourceRegistrationSubscriptionNotificationBehaviour.047 15</stat>
<stat name="047 16" id="s1-s16" pass="1" fail="2" skip="0">ContextSourceRegistrationSubscriptionNotificationBehaviour.047 16</stat>
</suite>
</statistics>
<errors>
</errors>
</robot>
