<?xml version="1.0" encoding="UTF-8"?>
<robot generator="Robot 7.4.1 (Python 3.11.2 on linux)" generated="2026-06-24T17:51:00.619164" rpa="false" schemaversion="5">
<suite id="s1" name="Discovery" source="/workspace/ngsi-ld-test-suite/TP/NGSI-LD/ContextInformation/Consumption/Discovery">
<suite id="s1-s1" name="RetrieveAvailableAttributeInformation" source="/workspace/ngsi-ld-test-suite/TP/NGSI-LD/ContextInformation/Consumption/Discovery/RetrieveAvailableAttributeInformation">
<suite id="s1-s1-s1" name="027 01" source="/workspace/ngsi-ld-test-suite/TP/NGSI-LD/ContextInformation/Consumption/Discovery/RetrieveAvailableAttributeInformation/027_01.robot">
<kw name="Setup Initial Entity" type="SETUP">
<kw name="Generate Random Building Entity Id" owner="Common">
<kw name="Generate Random Id" owner="Common">
<kw name="Generate Random String" owner="String">
<msg time="2026-06-24T17:51:00.789916" level="INFO">${random_id} = 8689958007919005</msg>
<var>${random_id}</var>
<arg>16</arg>
<arg>[NUMBERS]</arg>
<doc>Generates a string with a desired ``length`` from the given ``chars``.</doc>
<status status="PASS" start="2026-06-24T17:51:00.789766" elapsed="0.000165"/>
</kw>
<kw name="Catenate" owner="BuiltIn">
<msg time="2026-06-24T17:51:00.790113" level="INFO">${entity_id} = urn:ngsi-ld:Building:8689958007919005</msg>
<var>${entity_id}</var>
<arg>${id_prefix}${random_id}</arg>
<doc>Catenates the given items together and returns the resulted string.</doc>
<status status="PASS" start="2026-06-24T17:51:00.789988" elapsed="0.000138"/>
</kw>
<return>
<value>${entity_id}</value>
<status status="PASS" start="2026-06-24T17:51:00.790148" elapsed="0.000029"/>
</return>
<msg time="2026-06-24T17:51:00.790228" level="INFO">${entity_id} = urn:ngsi-ld:Building:8689958007919005</msg>
<var>${entity_id}</var>
<arg>${BUILDING_ID_PREFIX}</arg>
<status status="PASS" start="2026-06-24T17:51:00.789495" elapsed="0.000742"/>
</kw>
<return>
<value>${entity_id}</value>
<status status="PASS" start="2026-06-24T17:51:00.790252" elapsed="0.000010"/>
</return>
<msg time="2026-06-24T17:51:00.790295" level="INFO">${entity_id} = urn:ngsi-ld:Building:8689958007919005</msg>
<var>${entity_id}</var>
<status status="PASS" start="2026-06-24T17:51:00.789396" elapsed="0.000906"/>
</kw>
<kw name="Create Entity Selecting Content Type" owner="ContextInformationProvision">
<kw name="Load Json From File" owner="JSONLibrary">
<msg time="2026-06-24T17:51:00.791152" level="INFO">${entity_payload} = {'id': 'RandomUuidToBeReplaced', 'type': 'Building', 'name': {'type': 'Property', 'value': 'Eiffel Tower'}, 'subCategory': {'type': 'Property', 'value': 'tourism'}, 'airQualityLevel': {'type': 'Proper...</msg>
<var>${entity_payload}</var>
<arg>${EXECDIR}/data/entities/${filename}</arg>
<doc>Load JSON from file.</doc>
<status status="PASS" start="2026-06-24T17:51:00.790793" elapsed="0.000378"/>
</kw>
<kw name="Update Value To Json" owner="JSONLibrary">
<msg time="2026-06-24T17:51:00.798565" level="INFO">${entity} = {'id': 'urn:ngsi-ld:Building:8689958007919005', 'type': 'Building', 'name': {'type': 'Property', 'value': 'Eiffel Tower'}, 'subCategory': {'type': 'Property', 'value': 'tourism'}, 'airQualityLevel': {...</msg>
<var>${entity}</var>
<arg>${entity_payload}</arg>
<arg>$.id</arg>
<arg>${entity_id}</arg>
<doc>Update value to JSON using JSONPath</doc>
<status status="PASS" start="2026-06-24T17:51:00.791239" elapsed="0.007341"/>
</kw>
<kw name="Create Dictionary" owner="BuiltIn">
<msg time="2026-06-24T17:51:00.798796" level="INFO">&amp;{headers} = { Content-Type=application/json }</msg>
<var>&amp;{headers}</var>
<arg>Content-Type=${content_type}</arg>
<doc>Creates and returns a dictionary based on the given ``items``.</doc>
<status status="PASS" start="2026-06-24T17:51:00.798645" elapsed="0.000161"/>
</kw>
<if>
<branch type="IF" condition="'${accept}'!='${EMPTY}'">
<kw name="Set To Dictionary" owner="Collections">
<arg>${headers}</arg>
<arg>Accept=${accept}</arg>
<doc>Adds the given ``key_value_pairs`` and/or ``items`` to the ``dictionary``.</doc>
<status status="NOT RUN" start="2026-06-24T17:51:00.799087" elapsed="0.000007"/>
</kw>
<status status="NOT RUN" start="2026-06-24T17:51:00.798839" elapsed="0.000268"/>
</branch>
<status status="PASS" start="2026-06-24T17:51:00.798829" elapsed="0.000286"/>
</if>
<if>
<branch type="IF" condition="'${context}'!='${EMPTY}'">
<kw name="Build Context Link" owner="Common">
<return>
<value>&lt;${context}&gt;; rel="http://www.w3.org/ns/json-ld#context"; type="application/ld+json"</value>
<status status="PASS" start="2026-06-24T17:51:00.799420" elapsed="0.000012"/>
</return>
<msg time="2026-06-24T17:51:00.799488" level="INFO">${context_link} = &lt;https://forge.etsi.org/rep/cim/ngsi-ld-test-suite/-/raw/develop/resources/jsonld-contexts/ngsi-ld-test-suite-compound.jsonld&gt;; rel="http://www.w3.org/ns/json-ld#context"; type="application/ld+json"</msg>
<var>${context_link}</var>
<arg>${context}</arg>
<status status="PASS" start="2026-06-24T17:51:00.799364" elapsed="0.000133"/>
</kw>
<kw name="Set To Dictionary" owner="Collections">
<arg>${headers}</arg>
<arg>Link=${context_link}</arg>
<doc>Adds the given ``key_value_pairs`` and/or ``items`` to the ``dictionary``.</doc>
<status status="PASS" start="2026-06-24T17:51:00.799537" elapsed="0.000112"/>
</kw>
<status status="PASS" start="2026-06-24T17:51:00.799135" elapsed="0.000526"/>
</branch>
<status status="PASS" start="2026-06-24T17:51:00.799129" elapsed="0.000540"/>
</if>
<kw name="POST" owner="RequestsLibrary">
<msg time="2026-06-24T17:51:00.807610" level="INFO">POST Request : url=http://localhost:9090/ngsi-ld/v1/entities/ 
 path_url=/ngsi-ld/v1/entities/ 
 headers={'User-Agent': 'python-requests/2.34.2', 'Accept-Encoding': 'gzip, deflate', 'Accept': '*/*', 'Connection': 'keep-alive', 'Content-Type': 'application/json', 'Link': '&lt;https://forge.etsi.org/rep/cim/ngsi-ld-test-suite/-/raw/develop/resources/jsonld-contexts/ngsi-ld-test-suite-compound.jsonld&gt;; rel="http://www.w3.org/ns/json-ld#context"; type="application/ld+json"', 'Content-Length': '345'} 
 body=b'{"id": "urn:ngsi-ld:Building:8689958007919005", "type": "Building", "name": {"type": "Property", "value": "Eiffel Tower"}, "subCategory": {"type": "Property", "value": "tourism"}, "airQualityLevel": {"type": "Property", "value": 4, "unitCode": "C62", "observedAt": "2020-09-09T16:40:00.000Z"}, "almostFull": {"type": "Property", "value": false}}' 
 </msg>
<msg time="2026-06-24T17:51:00.807649" level="INFO">POST Response : url=http://localhost:9090/ngsi-ld/v1/entities/ 
 status=201, reason=Created 
 headers={'Location': '/ngsi-ld/v1/entities/urn:ngsi-ld:Building:8689958007919005', 'content-length': '0'} 
 body=None 
 </msg>
<msg time="2026-06-24T17:51:00.807710" level="INFO">${response} = &lt;Response [201]&gt;</msg>
<var>${response}</var>
<arg>url=${url}/${ENTITIES_ENDPOINT_PATH}</arg>
<arg>json=${entity}</arg>
<arg>headers=${headers}</arg>
<arg>expected_status=any</arg>
<doc>Sends a POST request.</doc>
<status status="PASS" start="2026-06-24T17:51:00.799713" elapsed="0.008006"/>
</kw>
<kw name="Output" owner="logUtils">
<msg time="2026-06-24T17:51:00.807946" level="INFO">
Create Entity Selecting Content Type</msg>
<msg time="2026-06-24T17:51:00.807966" level="INFO">Request -&gt;</msg>
<msg time="2026-06-24T17:51:00.807975" level="INFO">{
    "method": "POST",
    "url": "http://localhost:9090/ngsi-ld/v1/entities/",
    "headers": {
        "User-Agent": "python-requests/2.34.2",
        "Accept-Encoding": "gzip, deflate",
        "Accept": "*/*",
        "Connection": "keep-alive",
        "Content-Type": "application/json",
        "Link": "&lt;https://forge.etsi.org/rep/cim/ngsi-ld-test-suite/-/raw/develop/resources/jsonld-contexts/ngsi-ld-test-suite-compound.jsonld&gt;; rel=\"http://www.w3.org/ns/json-ld#context\"; type=\"application/ld+json\"",
        "Content-Length": "345"
    },
    "body": {
        "id": "urn:ngsi-ld:Building:8689958007919005",
        "type": "Building",
        "name": {
            "type": "Property",
            "value": "Eiffel Tower"
        },
        "subCategory": {
            "type": "Property",
            "value": "tourism"
        },
        "airQualityLevel": {
            "type": "Property",
            "value": 4,
            "unitCode": "C62",
            "observedAt": "2020-09-09T16:40:00.000Z"
        },
        "almostFull": {
            "type": "Property",
            "value": false
        }
    }
}</msg>
<msg time="2026-06-24T17:51:00.808120" level="INFO">Response -&gt;</msg>
<msg time="2026-06-24T17:51:00.808139" level="INFO">{
    "url": "http://localhost:9090/ngsi-ld/v1/entities/",
    "headers": {
        "Location": "/ngsi-ld/v1/entities/urn:ngsi-ld:Building:8689958007919005",
        "content-length": "0"
    },
    "status_code": 201,
    "reason": "Created",
    "body": null
}</msg>
<arg>${response}</arg>
<arg>Create Entity Selecting Content Type</arg>
<tag>I/O</tag>
<doc>*Request and response are output to terminal and file (in JSON).*
:param response: response to a request
:param description: explains what request is being made
:param console: If false, the JSON is not written to terminal. Default is true.</doc>
<status status="PASS" start="2026-06-24T17:51:00.807804" elapsed="0.000357"/>
</kw>
<return>
<value>${response}</value>
<status status="PASS" start="2026-06-24T17:51:00.808185" elapsed="0.000022"/>
</return>
<msg time="2026-06-24T17:51:00.808270" level="INFO">${create_response} = &lt;Response [201]&gt;</msg>
<var>${create_response}</var>
<arg>${filename}</arg>
<arg>${entity_id}</arg>
<arg>${CONTENT_TYPE_JSON}</arg>
<arg>${ngsild_test_suite_context}</arg>
<tag>actor_context-producer</tag>
<status status="PASS" start="2026-06-24T17:51:00.790481" elapsed="0.017797"/>
</kw>
<kw name="Check Response Status Code" owner="AssertionUtils">
<kw name="Convert To String" owner="BuiltIn">
<msg time="2026-06-24T17:51:00.809428" level="INFO">${response_status_code} = 201</msg>
<var>${response_status_code}</var>
<arg>${response_status_code}</arg>
<doc>Converts the given item to a Unicode string.</doc>
<status status="PASS" start="2026-06-24T17:51:00.808797" elapsed="0.000646"/>
</kw>
<kw name="Should Be Equal" owner="BuiltIn">
<arg>${expected_status_code}</arg>
<arg>${response_status_code}</arg>
<arg>HTTP status code comparison failed with (expected, actual) -&gt;</arg>
<doc>Fails if the given objects are unequal.</doc>
<status status="PASS" start="2026-06-24T17:51:00.809534" elapsed="0.000161"/>
</kw>
<arg>201</arg>
<arg>${create_response.status_code}</arg>
<status status="PASS" start="2026-06-24T17:51:00.808355" elapsed="0.001376"/>
</kw>
<kw name="Set Suite Variable" owner="BuiltIn">
<msg time="2026-06-24T17:51:00.809962" level="INFO">${entity_id} = urn:ngsi-ld:Building:8689958007919005</msg>
<arg>${entity_id}</arg>
<doc>Makes a variable available everywhere within the scope of the current suite.</doc>
<status status="PASS" start="2026-06-24T17:51:00.809811" elapsed="0.000174"/>
</kw>
<status status="PASS" start="2026-06-24T17:51:00.789184" elapsed="0.020826"/>
</kw>
<test id="s1-s1-s1-t1" name="027_01_01 Retrieve Detailed Representation Of Available Attribute Without Context" line="19">
<kw name="Retrieve Attribute" owner="ContextInformationConsumption">
<kw name="Create Dictionary" owner="BuiltIn">
<msg time="2026-06-24T17:51:00.810974" level="INFO">&amp;{headers} = { }</msg>
<var>&amp;{headers}</var>
<doc>Creates and returns a dictionary based on the given ``items``.</doc>
<status status="PASS" start="2026-06-24T17:51:00.810856" elapsed="0.000129"/>
</kw>
<if>
<branch type="IF" condition="'${accept}'!=''">
<kw name="Set To Dictionary" owner="Collections">
<arg>${headers}</arg>
<arg>Accept</arg>
<arg>${accept}</arg>
<doc>Adds the given ``key_value_pairs`` and/or ``items`` to the ``dictionary``.</doc>
<status status="NOT RUN" start="2026-06-24T17:51:00.811098" elapsed="0.000007"/>
</kw>
<status status="NOT RUN" start="2026-06-24T17:51:00.811016" elapsed="0.000100"/>
</branch>
<status status="PASS" start="2026-06-24T17:51:00.811007" elapsed="0.000117"/>
</if>
<if>
<branch type="IF" condition="'${context}'!=''">
<kw name="Build Context Link" owner="Common">
<var>${context_link}</var>
<arg>${context}</arg>
<status status="NOT RUN" start="2026-06-24T17:51:00.811222" elapsed="0.000015"/>
</kw>
<kw name="Set To Dictionary" owner="Collections">
<arg>${headers}</arg>
<arg>Link=${context_link}</arg>
<doc>Adds the given ``key_value_pairs`` and/or ``items`` to the ``dictionary``.</doc>
<status status="NOT RUN" start="2026-06-24T17:51:00.811282" elapsed="0.000006"/>
</kw>
<status status="NOT RUN" start="2026-06-24T17:51:00.811141" elapsed="0.000157"/>
</branch>
<status status="PASS" start="2026-06-24T17:51:00.811137" elapsed="0.000170"/>
</if>
<kw name="GET" owner="RequestsLibrary">
<msg time="2026-06-24T17:51:00.826700" level="INFO">GET Request : url=http://localhost:9090/ngsi-ld/v1/attributes/airQualityLevel 
 path_url=/ngsi-ld/v1/attributes/airQualityLevel 
 headers={'User-Agent': 'python-requests/2.34.2', 'Accept-Encoding': 'gzip, deflate', 'Accept': '*/*', 'Connection': 'keep-alive'} 
 body=None 
 </msg>
<msg time="2026-06-24T17:51:00.826759" level="INFO">GET Response : url=http://localhost:9090/ngsi-ld/v1/attributes/airQualityLevel 
 status=404, reason=Not Found 
 headers={'content-length': '137', 'Content-Type': 'application/json'} 
 body={"type":"https://uri.etsi.org/ngsi-ld/errors/ResourceNotFound","title":"Resource not found.","detail":"Resource not found.","status":404} 
 </msg>
<msg time="2026-06-24T17:51:00.826821" level="INFO">${response} = &lt;Response [404]&gt;</msg>
<var>${response}</var>
<arg>url=${url}/${ATTRIBUTES_ENDPOINT_PATH}/${attribute_name}</arg>
<arg>headers=${headers}</arg>
<arg>expected_status=any</arg>
<doc>Sends a GET request.</doc>
<status status="PASS" start="2026-06-24T17:51:00.811354" elapsed="0.015477"/>
</kw>
<kw name="Output" owner="logUtils">
<msg time="2026-06-24T17:51:00.827017" level="INFO">
Retrieve Attribute</msg>
<msg time="2026-06-24T17:51:00.827034" level="INFO">Request -&gt;</msg>
<msg time="2026-06-24T17:51:00.827041" level="INFO">{
    "method": "GET",
    "url": "http://localhost:9090/ngsi-ld/v1/attributes/airQualityLevel",
    "headers": {
        "User-Agent": "python-requests/2.34.2",
        "Accept-Encoding": "gzip, deflate",
        "Accept": "*/*",
        "Connection": "keep-alive"
    },
    "body": null
}</msg>
<msg time="2026-06-24T17:51:00.827051" level="INFO">Response -&gt;</msg>
<msg time="2026-06-24T17:51:00.827057" level="INFO">{
    "url": "http://localhost:9090/ngsi-ld/v1/attributes/airQualityLevel",
    "headers": {
        "content-length": "137",
        "Content-Type": "application/json"
    },
    "status_code": 404,
    "reason": "Not Found",
    "body": {
        "type": "https://uri.etsi.org/ngsi-ld/errors/ResourceNotFound",
        "title": "Resource not found.",
        "detail": "Resource not found.",
        "status": 404
    }
}</msg>
<arg>${response}</arg>
<arg>Retrieve Attribute</arg>
<tag>I/O</tag>
<doc>*Request and response are output to terminal and file (in JSON).*
:param response: response to a request
:param description: explains what request is being made
:param console: If false, the JSON is not written to terminal. Default is true.</doc>
<status status="PASS" start="2026-06-24T17:51:00.826916" elapsed="0.000158"/>
</kw>
<return>
<value>${response}</value>
<status status="PASS" start="2026-06-24T17:51:00.827093" elapsed="0.000019"/>
</return>
<msg time="2026-06-24T17:51:00.827347" level="INFO">${response} = &lt;Response [404]&gt;</msg>
<var>${response}</var>
<arg>attribute_name=airQualityLevel</arg>
<tag>actor_context-consumer</tag>
<status status="PASS" start="2026-06-24T17:51:00.810328" elapsed="0.017037"/>
</kw>
<kw name="Check Response Status Code" owner="AssertionUtils">
<kw name="Convert To String" owner="BuiltIn">
<msg time="2026-06-24T17:51:00.827971" level="INFO">${response_status_code} = 404</msg>
<var>${response_status_code}</var>
<arg>${response_status_code}</arg>
<doc>Converts the given item to a Unicode string.</doc>
<status status="PASS" start="2026-06-24T17:51:00.827851" elapsed="0.000129"/>
</kw>
<kw name="Should Be Equal" owner="BuiltIn">
<arg>${expected_status_code}</arg>
<arg>${response_status_code}</arg>
<arg>HTTP status code comparison failed with (expected, actual) -&gt;</arg>
<doc>Fails if the given objects are unequal.</doc>
<status status="PASS" start="2026-06-24T17:51:00.828023" elapsed="0.000109"/>
</kw>
<arg>404</arg>
<arg>${response.status_code}</arg>
<status status="PASS" start="2026-06-24T17:51:00.827447" elapsed="0.000706"/>
</kw>
<kw name="Check Response Body Containing ProblemDetails Element Containing Type Element set to" owner="AssertionUtils">
<kw name="Should Be Equal" owner="BuiltIn">
<arg>${response_body['type']}</arg>
<arg>${type}</arg>
<doc>Fails if the given objects are unequal.</doc>
<status status="PASS" start="2026-06-24T17:51:00.828527" elapsed="0.000348"/>
</kw>
<arg>${response.json()}</arg>
<arg>${ERROR_TYPE_RESOURCE_NOT_FOUND}</arg>
<status status="PASS" start="2026-06-24T17:51:00.828202" elapsed="0.000694"/>
</kw>
<kw name="Check Response Body Containing ProblemDetails Element Containing Title Element" owner="AssertionUtils">
<kw name="Should Not Be Empty" owner="BuiltIn">
<msg time="2026-06-24T17:51:00.829567" level="INFO">Length is 19.</msg>
<arg>${response_body['title']}</arg>
<doc>Verifies that the given item is not empty.</doc>
<status status="PASS" start="2026-06-24T17:51:00.829211" elapsed="0.000371"/>
</kw>
<arg>${response.json()}</arg>
<status status="PASS" start="2026-06-24T17:51:00.828946" elapsed="0.000655"/>
</kw>
<doc>Check that one cannot retrieve a detailed representation of an unknown NGSI-LD attribute</doc>
<tag>5_7_10</tag>
<tag>ed-attr</tag>
<status status="PASS" start="2026-06-24T17:51:00.810040" elapsed="0.019602"/>
</test>
<kw name="Delete Initial Entity" type="TEARDOWN">
<kw name="Delete Entity" owner="ContextInformationProvision">
<kw name="Create Dictionary" owner="BuiltIn">
<msg time="2026-06-24T17:51:00.830698" level="INFO">&amp;{params} = { }</msg>
<var>&amp;{params}</var>
<doc>Creates and returns a dictionary based on the given ``items``.</doc>
<status status="PASS" start="2026-06-24T17:51:00.830600" elapsed="0.000107"/>
</kw>
<if>
<branch type="IF" condition="'${local}'!=''">
<kw name="Set To Dictionary" owner="Collections">
<arg>${params}</arg>
<arg>local=${local}</arg>
<doc>Adds the given ``key_value_pairs`` and/or ``items`` to the ``dictionary``.</doc>
<status status="NOT RUN" start="2026-06-24T17:51:00.830798" elapsed="0.000006"/>
</kw>
<status status="NOT RUN" start="2026-06-24T17:51:00.830735" elapsed="0.000079"/>
</branch>
<status status="PASS" start="2026-06-24T17:51:00.830726" elapsed="0.000096"/>
</if>
<kw name="Set Variable If" owner="BuiltIn">
<msg time="2026-06-24T17:51:00.831074" level="INFO">${final_url} = http://localhost:9090/ngsi-ld/v1</msg>
<var>${final_url}</var>
<arg>'${broker_url}' != ''</arg>
<arg>${broker_url}</arg>
<arg>${url}</arg>
<doc>Sets variable based on the given condition.</doc>
<status status="PASS" start="2026-06-24T17:51:00.830858" elapsed="0.000228"/>
</kw>
<kw name="Create Dictionary" owner="BuiltIn">
<msg time="2026-06-24T17:51:00.831248" level="INFO">&amp;{headers} = { }</msg>
<var>&amp;{headers}</var>
<doc>Creates and returns a dictionary based on the given ``items``.</doc>
<status status="PASS" start="2026-06-24T17:51:00.831145" elapsed="0.000111"/>
</kw>
<if>
<branch type="IF" condition="'${via}'!=''">
<kw name="Set To Dictionary" owner="Collections">
<arg>${headers}</arg>
<arg>Via</arg>
<arg>${via}</arg>
<doc>Adds the given ``key_value_pairs`` and/or ``items`` to the ``dictionary``.</doc>
<status status="NOT RUN" start="2026-06-24T17:51:00.831343" elapsed="0.000006"/>
</kw>
<status status="NOT RUN" start="2026-06-24T17:51:00.831281" elapsed="0.000080"/>
</branch>
<status status="PASS" start="2026-06-24T17:51:00.831273" elapsed="0.000096"/>
</if>
<kw name="DELETE" owner="RequestsLibrary">
<msg time="2026-06-24T17:51:00.833769" level="INFO">DELETE Request : url=http://localhost:9090/ngsi-ld/v1/entities/urn:ngsi-ld:Building:8689958007919005 
 path_url=/ngsi-ld/v1/entities/urn:ngsi-ld:Building:8689958007919005 
 headers={'User-Agent': 'python-requests/2.34.2', 'Accept-Encoding': 'gzip, deflate', 'Accept': '*/*', 'Connection': 'keep-alive', 'Content-Length': '0'} 
 body=None 
 </msg>
<msg time="2026-06-24T17:51:00.833791" level="INFO">DELETE Response : url=http://localhost:9090/ngsi-ld/v1/entities/urn:ngsi-ld:Building:8689958007919005 
 status=204, reason=No Content 
 headers={} 
 body=None 
 </msg>
<msg time="2026-06-24T17:51:00.833876" level="INFO">${response} = &lt;Response [204]&gt;</msg>
<var>${response}</var>
<arg>url=${final_url}/${ENTITIES_ENDPOINT_PATH}${id}</arg>
<arg>params=${params}</arg>
<arg>headers=${headers}</arg>
<arg>expected_status=any</arg>
<doc>Sends a DELETE request.</doc>
<status status="PASS" start="2026-06-24T17:51:00.831402" elapsed="0.002486"/>
</kw>
<if>
<branch type="IF" condition="${delete_temporal_on_core_delete}">
<kw name="Delete Temporal Representation Of Entity" owner="TemporalContextInformationProvision">
<kw name="DELETE" owner="RequestsLibrary">
<msg time="2026-06-24T17:51:00.836169" level="INFO">DELETE Request : url=http://localhost:9090/ngsi-ld/v1/temporal/entities/urn:ngsi-ld:Building:8689958007919005 
 path_url=/ngsi-ld/v1/temporal/entities/urn:ngsi-ld:Building:8689958007919005 
 headers={'User-Agent': 'python-requests/2.34.2', 'Accept-Encoding': 'gzip, deflate', 'Accept': '*/*', 'Connection': 'keep-alive', 'Content-Length': '0'} 
 body=None 
 </msg>
<msg time="2026-06-24T17:51:00.836196" level="INFO">DELETE Response : url=http://localhost:9090/ngsi-ld/v1/temporal/entities/urn:ngsi-ld:Building:8689958007919005 
 status=204, reason=No Content 
 headers={} 
 body=None 
 </msg>
<msg time="2026-06-24T17:51:00.836241" level="INFO">${response} = &lt;Response [204]&gt;</msg>
<var>${response}</var>
<arg>url=${url}/${TEMPORAL_ENTITIES_ENDPOINT_PATH}/${temporal_entity_representation_id}</arg>
<arg>expected_status=any</arg>
<doc>Sends a DELETE request.</doc>
<status status="PASS" start="2026-06-24T17:51:00.834107" elapsed="0.002143"/>
</kw>
<kw name="Output" owner="logUtils">
<msg time="2026-06-24T17:51:00.836405" level="INFO">
Delete Temporal Representation Of Entity</msg>
<msg time="2026-06-24T17:51:00.836420" level="INFO">Request -&gt;</msg>
<msg time="2026-06-24T17:51:00.836428" level="INFO">{
    "method": "DELETE",
    "url": "http://localhost:9090/ngsi-ld/v1/temporal/entities/urn:ngsi-ld:Building:8689958007919005",
    "headers": {
        "User-Agent": "python-requests/2.34.2",
        "Accept-Encoding": "gzip, deflate",
        "Accept": "*/*",
        "Connection": "keep-alive",
        "Content-Length": "0"
    },
    "body": null
}</msg>
<msg time="2026-06-24T17:51:00.836438" level="INFO">Response -&gt;</msg>
<msg time="2026-06-24T17:51:00.836445" level="INFO">{
    "url": "http://localhost:9090/ngsi-ld/v1/temporal/entities/urn:ngsi-ld:Building:8689958007919005",
    "headers": {},
    "status_code": 204,
    "reason": "No Content",
    "body": null
}</msg>
<arg>${response}</arg>
<arg>Delete Temporal Representation Of Entity</arg>
<tag>I/O</tag>
<doc>*Request and response are output to terminal and file (in JSON).*
:param response: response to a request
:param description: explains what request is being made
:param console: If false, the JSON is not written to terminal. Default is true.</doc>
<status status="PASS" start="2026-06-24T17:51:00.836311" elapsed="0.000159"/>
</kw>
<return>
<value>${response}</value>
<status status="PASS" start="2026-06-24T17:51:00.836490" elapsed="0.000021"/>
</return>
<arg>${id}</arg>
<tag>actor_context-producer</tag>
<status status="PASS" start="2026-06-24T17:51:00.834019" elapsed="0.002661"/>
</kw>
<status status="PASS" start="2026-06-24T17:51:00.833925" elapsed="0.002770"/>
</branch>
<status status="PASS" start="2026-06-24T17:51:00.833915" elapsed="0.002792"/>
</if>
<kw name="Output" owner="logUtils">
<msg time="2026-06-24T17:51:00.836839" level="INFO">
Delete Entity</msg>
<msg time="2026-06-24T17:51:00.836854" level="INFO">Request -&gt;</msg>
<msg time="2026-06-24T17:51:00.836862" level="INFO">{
    "method": "DELETE",
    "url": "http://localhost:9090/ngsi-ld/v1/entities/urn:ngsi-ld:Building:8689958007919005",
    "headers": {
        "User-Agent": "python-requests/2.34.2",
        "Accept-Encoding": "gzip, deflate",
        "Accept": "*/*",
        "Connection": "keep-alive",
        "Content-Length": "0"
    },
    "body": null
}</msg>
<msg time="2026-06-24T17:51:00.836871" level="INFO">Response -&gt;</msg>
<msg time="2026-06-24T17:51:00.836878" level="INFO">{
    "url": "http://localhost:9090/ngsi-ld/v1/entities/urn:ngsi-ld:Building:8689958007919005",
    "headers": {},
    "status_code": 204,
    "reason": "No Content",
    "body": null
}</msg>
<arg>${response}</arg>
<arg>Delete Entity</arg>
<tag>I/O</tag>
<doc>*Request and response are output to terminal and file (in JSON).*
:param response: response to a request
:param description: explains what request is being made
:param console: If false, the JSON is not written to terminal. Default is true.</doc>
<status status="PASS" start="2026-06-24T17:51:00.836754" elapsed="0.000138"/>
</kw>
<return>
<value>${response}</value>
<status status="PASS" start="2026-06-24T17:51:00.836911" elapsed="0.000013"/>
</return>
<arg>${entity_id}</arg>
<tag>actor_context-producer</tag>
<status status="PASS" start="2026-06-24T17:51:00.830043" elapsed="0.006917"/>
</kw>
<status status="PASS" start="2026-06-24T17:51:00.829827" elapsed="0.007151"/>
</kw>
<doc>Check that one cannot retrieve a detailed representation of an unknown NGSI-LD attribute</doc>
<status status="PASS" start="2026-06-24T17:51:00.631327" elapsed="0.205661"/>
</suite>
<suite id="s1-s1-s2" name="027 02" source="/workspace/ngsi-ld-test-suite/TP/NGSI-LD/ContextInformation/Consumption/Discovery/RetrieveAvailableAttributeInformation/027_02.robot">
<kw name="Setup Initial Entity" type="SETUP">
<kw name="Generate Random Building Entity Id" owner="Common">
<kw name="Generate Random Id" owner="Common">
<kw name="Generate Random String" owner="String">
<msg time="2026-06-24T17:51:00.844086" level="INFO">${random_id} = 6308772659134838</msg>
<var>${random_id}</var>
<arg>16</arg>
<arg>[NUMBERS]</arg>
<doc>Generates a string with a desired ``length`` from the given ``chars``.</doc>
<status status="PASS" start="2026-06-24T17:51:00.844002" elapsed="0.000095"/>
</kw>
<kw name="Catenate" owner="BuiltIn">
<msg time="2026-06-24T17:51:00.844259" level="INFO">${entity_id} = urn:ngsi-ld:Building:6308772659134838</msg>
<var>${entity_id}</var>
<arg>${id_prefix}${random_id}</arg>
<doc>Catenates the given items together and returns the resulted string.</doc>
<status status="PASS" start="2026-06-24T17:51:00.844143" elapsed="0.000124"/>
</kw>
<return>
<value>${entity_id}</value>
<status status="PASS" start="2026-06-24T17:51:00.844286" elapsed="0.000019"/>
</return>
<msg time="2026-06-24T17:51:00.844359" level="INFO">${entity_id} = urn:ngsi-ld:Building:6308772659134838</msg>
<var>${entity_id}</var>
<arg>${BUILDING_ID_PREFIX}</arg>
<status status="PASS" start="2026-06-24T17:51:00.843907" elapsed="0.000463"/>
</kw>
<return>
<value>${entity_id}</value>
<status status="PASS" start="2026-06-24T17:51:00.844388" elapsed="0.000010"/>
</return>
<msg time="2026-06-24T17:51:00.844432" level="INFO">${entity_id} = urn:ngsi-ld:Building:6308772659134838</msg>
<var>${entity_id}</var>
<status status="PASS" start="2026-06-24T17:51:00.843832" elapsed="0.000609"/>
</kw>
<kw name="Create Entity Selecting Content Type" owner="ContextInformationProvision">
<kw name="Load Json From File" owner="JSONLibrary">
<msg time="2026-06-24T17:51:00.845199" level="INFO">${entity_payload} = {'id': 'RandomUuidToBeReplaced', 'type': 'Building', 'name': {'type': 'Property', 'value': 'Eiffel Tower'}, 'subCategory': {'type': 'Property', 'value': 'tourism'}, 'airQualityLevel': {'type': 'Proper...</msg>
<var>${entity_payload}</var>
<arg>${EXECDIR}/data/entities/${filename}</arg>
<doc>Load JSON from file.</doc>
<status status="PASS" start="2026-06-24T17:51:00.844898" elapsed="0.000311"/>
</kw>
<kw name="Update Value To Json" owner="JSONLibrary">
<msg time="2026-06-24T17:51:00.851843" level="INFO">${entity} = {'id': 'urn:ngsi-ld:Building:6308772659134838', 'type': 'Building', 'name': {'type': 'Property', 'value': 'Eiffel Tower'}, 'subCategory': {'type': 'Property', 'value': 'tourism'}, 'airQualityLevel': {...</msg>
<var>${entity}</var>
<arg>${entity_payload}</arg>
<arg>$.id</arg>
<arg>${entity_id}</arg>
<doc>Update value to JSON using JSONPath</doc>
<status status="PASS" start="2026-06-24T17:51:00.845256" elapsed="0.006608"/>
</kw>
<kw name="Create Dictionary" owner="BuiltIn">
<msg time="2026-06-24T17:51:00.852144" level="INFO">&amp;{headers} = { Content-Type=application/json }</msg>
<var>&amp;{headers}</var>
<arg>Content-Type=${content_type}</arg>
<doc>Creates and returns a dictionary based on the given ``items``.</doc>
<status status="PASS" start="2026-06-24T17:51:00.851958" elapsed="0.000197"/>
</kw>
<if>
<branch type="IF" condition="'${accept}'!='${EMPTY}'">
<kw name="Set To Dictionary" owner="Collections">
<arg>${headers}</arg>
<arg>Accept=${accept}</arg>
<doc>Adds the given ``key_value_pairs`` and/or ``items`` to the ``dictionary``.</doc>
<status status="NOT RUN" start="2026-06-24T17:51:00.852488" elapsed="0.000007"/>
</kw>
<status status="NOT RUN" start="2026-06-24T17:51:00.852202" elapsed="0.000306"/>
</branch>
<status status="PASS" start="2026-06-24T17:51:00.852186" elapsed="0.000330"/>
</if>
<if>
<branch type="IF" condition="'${context}'!='${EMPTY}'">
<kw name="Build Context Link" owner="Common">
<return>
<value>&lt;${context}&gt;; rel="http://www.w3.org/ns/json-ld#context"; type="application/ld+json"</value>
<status status="PASS" start="2026-06-24T17:51:00.852855" elapsed="0.000013"/>
</return>
<msg time="2026-06-24T17:51:00.852908" level="INFO">${context_link} = &lt;https://forge.etsi.org/rep/cim/ngsi-ld-test-suite/-/raw/develop/resources/jsonld-contexts/ngsi-ld-test-suite-compound.jsonld&gt;; rel="http://www.w3.org/ns/json-ld#context"; type="application/ld+json"</msg>
<var>${context_link}</var>
<arg>${context}</arg>
<status status="PASS" start="2026-06-24T17:51:00.852796" elapsed="0.000120"/>
</kw>
<kw name="Set To Dictionary" owner="Collections">
<arg>${headers}</arg>
<arg>Link=${context_link}</arg>
<doc>Adds the given ``key_value_pairs`` and/or ``items`` to the ``dictionary``.</doc>
<status status="PASS" start="2026-06-24T17:51:00.852954" elapsed="0.000074"/>
</kw>
<status status="PASS" start="2026-06-24T17:51:00.852534" elapsed="0.000505"/>
</branch>
<status status="PASS" start="2026-06-24T17:51:00.852529" elapsed="0.000517"/>
</if>
<kw name="POST" owner="RequestsLibrary">
<msg time="2026-06-24T17:51:00.860370" level="INFO">POST Request : url=http://localhost:9090/ngsi-ld/v1/entities/ 
 path_url=/ngsi-ld/v1/entities/ 
 headers={'User-Agent': 'python-requests/2.34.2', 'Accept-Encoding': 'gzip, deflate', 'Accept': '*/*', 'Connection': 'keep-alive', 'Content-Type': 'application/json', 'Link': '&lt;https://forge.etsi.org/rep/cim/ngsi-ld-test-suite/-/raw/develop/resources/jsonld-contexts/ngsi-ld-test-suite-compound.jsonld&gt;; rel="http://www.w3.org/ns/json-ld#context"; type="application/ld+json"', 'Content-Length': '345'} 
 body=b'{"id": "urn:ngsi-ld:Building:6308772659134838", "type": "Building", "name": {"type": "Property", "value": "Eiffel Tower"}, "subCategory": {"type": "Property", "value": "tourism"}, "airQualityLevel": {"type": "Property", "value": 4, "unitCode": "C62", "observedAt": "2020-09-09T16:40:00.000Z"}, "almostFull": {"type": "Property", "value": false}}' 
 </msg>
<msg time="2026-06-24T17:51:00.860574" level="INFO">POST Response : url=http://localhost:9090/ngsi-ld/v1/entities/ 
 status=201, reason=Created 
 headers={'Location': '/ngsi-ld/v1/entities/urn:ngsi-ld:Building:6308772659134838', 'content-length': '0'} 
 body=None 
 </msg>
<msg time="2026-06-24T17:51:00.860715" level="INFO">${response} = &lt;Response [201]&gt;</msg>
<var>${response}</var>
<arg>url=${url}/${ENTITIES_ENDPOINT_PATH}</arg>
<arg>json=${entity}</arg>
<arg>headers=${headers}</arg>
<arg>expected_status=any</arg>
<doc>Sends a POST request.</doc>
<status status="PASS" start="2026-06-24T17:51:00.853082" elapsed="0.007645"/>
</kw>
<kw name="Output" owner="logUtils">
<msg time="2026-06-24T17:51:00.860994" level="INFO">
Create Entity Selecting Content Type</msg>
<msg time="2026-06-24T17:51:00.861016" level="INFO">Request -&gt;</msg>
<msg time="2026-06-24T17:51:00.861028" level="INFO">{
    "method": "POST",
    "url": "http://localhost:9090/ngsi-ld/v1/entities/",
    "headers": {
        "User-Agent": "python-requests/2.34.2",
        "Accept-Encoding": "gzip, deflate",
        "Accept": "*/*",
        "Connection": "keep-alive",
        "Content-Type": "application/json",
        "Link": "&lt;https://forge.etsi.org/rep/cim/ngsi-ld-test-suite/-/raw/develop/resources/jsonld-contexts/ngsi-ld-test-suite-compound.jsonld&gt;; rel=\"http://www.w3.org/ns/json-ld#context\"; type=\"application/ld+json\"",
        "Content-Length": "345"
    },
    "body": {
        "id": "urn:ngsi-ld:Building:6308772659134838",
        "type": "Building",
        "name": {
            "type": "Property",
            "value": "Eiffel Tower"
        },
        "subCategory": {
            "type": "Property",
            "value": "tourism"
        },
        "airQualityLevel": {
            "type": "Property",
            "value": 4,
            "unitCode": "C62",
            "observedAt": "2020-09-09T16:40:00.000Z"
        },
        "almostFull": {
            "type": "Property",
            "value": false
        }
    }
}</msg>
<msg time="2026-06-24T17:51:00.861044" level="INFO">Response -&gt;</msg>
<msg time="2026-06-24T17:51:00.861053" level="INFO">{
    "url": "http://localhost:9090/ngsi-ld/v1/entities/",
    "headers": {
        "Location": "/ngsi-ld/v1/entities/urn:ngsi-ld:Building:6308772659134838",
        "content-length": "0"
    },
    "status_code": 201,
    "reason": "Created",
    "body": null
}</msg>
<arg>${response}</arg>
<arg>Create Entity Selecting Content Type</arg>
<tag>I/O</tag>
<doc>*Request and response are output to terminal and file (in JSON).*
:param response: response to a request
:param description: explains what request is being made
:param console: If false, the JSON is not written to terminal. Default is true.</doc>
<status status="PASS" start="2026-06-24T17:51:00.860826" elapsed="0.000243"/>
</kw>
<return>
<value>${response}</value>
<status status="PASS" start="2026-06-24T17:51:00.861097" elapsed="0.000020"/>
</return>
<msg time="2026-06-24T17:51:00.861167" level="INFO">${create_response} = &lt;Response [201]&gt;</msg>
<var>${create_response}</var>
<arg>${filename}</arg>
<arg>${entity_id}</arg>
<arg>${CONTENT_TYPE_JSON}</arg>
<arg>${ngsild_test_suite_context}</arg>
<tag>actor_context-producer</tag>
<status status="PASS" start="2026-06-24T17:51:00.844586" elapsed="0.016589"/>
</kw>
<kw name="Check Response Status Code" owner="AssertionUtils">
<kw name="Convert To String" owner="BuiltIn">
<msg time="2026-06-24T17:51:00.861778" level="INFO">${response_status_code} = 201</msg>
<var>${response_status_code}</var>
<arg>${response_status_code}</arg>
<doc>Converts the given item to a Unicode string.</doc>
<status status="PASS" start="2026-06-24T17:51:00.861645" elapsed="0.000141"/>
</kw>
<kw name="Should Be Equal" owner="BuiltIn">
<arg>${expected_status_code}</arg>
<arg>${response_status_code}</arg>
<arg>HTTP status code comparison failed with (expected, actual) -&gt;</arg>
<doc>Fails if the given objects are unequal.</doc>
<status status="PASS" start="2026-06-24T17:51:00.861828" elapsed="0.000106"/>
</kw>
<arg>201</arg>
<arg>${create_response.status_code}</arg>
<status status="PASS" start="2026-06-24T17:51:00.861270" elapsed="0.000684"/>
</kw>
<kw name="Set Suite Variable" owner="BuiltIn">
<msg time="2026-06-24T17:51:00.862092" level="INFO">${entity_id} = urn:ngsi-ld:Building:6308772659134838</msg>
<arg>${entity_id}</arg>
<doc>Makes a variable available everywhere within the scope of the current suite.</doc>
<status status="PASS" start="2026-06-24T17:51:00.861999" elapsed="0.000106"/>
</kw>
<status status="PASS" start="2026-06-24T17:51:00.843737" elapsed="0.018385"/>
</kw>
<test id="s1-s1-s2-t1" name="027_02_01 WithCompactedAttributeName" line="21">
<kw name="Retrieve Detailed Representation Of Available Attribute">
<kw name="Retrieve Attribute" owner="ContextInformationConsumption">
<kw name="Create Dictionary" owner="BuiltIn">
<msg time="2026-06-24T17:51:00.862845" level="INFO">&amp;{headers} = { }</msg>
<var>&amp;{headers}</var>
<doc>Creates and returns a dictionary based on the given ``items``.</doc>
<status status="PASS" start="2026-06-24T17:51:00.862754" elapsed="0.000100"/>
</kw>
<if>
<branch type="IF" condition="'${accept}'!=''">
<kw name="Set To Dictionary" owner="Collections">
<arg>${headers}</arg>
<arg>Accept</arg>
<arg>${accept}</arg>
<doc>Adds the given ``key_value_pairs`` and/or ``items`` to the ``dictionary``.</doc>
<status status="NOT RUN" start="2026-06-24T17:51:00.862960" elapsed="0.000007"/>
</kw>
<status status="NOT RUN" start="2026-06-24T17:51:00.862879" elapsed="0.000100"/>
</branch>
<status status="PASS" start="2026-06-24T17:51:00.862872" elapsed="0.000114"/>
</if>
<if>
<branch type="IF" condition="'${context}'!=''">
<kw name="Build Context Link" owner="Common">
<return>
<value>&lt;${context}&gt;; rel="http://www.w3.org/ns/json-ld#context"; type="application/ld+json"</value>
<status status="PASS" start="2026-06-24T17:51:00.863124" elapsed="0.000011"/>
</return>
<msg time="2026-06-24T17:51:00.863181" level="INFO">${context_link} = &lt;https://forge.etsi.org/rep/cim/ngsi-ld-test-suite/-/raw/develop/resources/jsonld-contexts/ngsi-ld-test-suite-compound.jsonld&gt;; rel="http://www.w3.org/ns/json-ld#context"; type="application/ld+json"</msg>
<var>${context_link}</var>
<arg>${context}</arg>
<status status="PASS" start="2026-06-24T17:51:00.863067" elapsed="0.000122"/>
</kw>
<kw name="Set To Dictionary" owner="Collections">
<arg>${headers}</arg>
<arg>Link=${context_link}</arg>
<doc>Adds the given ``key_value_pairs`` and/or ``items`` to the ``dictionary``.</doc>
<status status="PASS" start="2026-06-24T17:51:00.863226" elapsed="0.000075"/>
</kw>
<status status="PASS" start="2026-06-24T17:51:00.863002" elapsed="0.000312"/>
</branch>
<status status="PASS" start="2026-06-24T17:51:00.862997" elapsed="0.000326"/>
</if>
<kw name="GET" owner="RequestsLibrary">
<msg time="2026-06-24T17:51:00.872120" level="INFO">GET Request : url=http://localhost:9090/ngsi-ld/v1/attributes/airQualityLevel 
 path_url=/ngsi-ld/v1/attributes/airQualityLevel 
 headers={'User-Agent': 'python-requests/2.34.2', 'Accept-Encoding': 'gzip, deflate', 'Accept': '*/*', 'Connection': 'keep-alive', 'Link': '&lt;https://forge.etsi.org/rep/cim/ngsi-ld-test-suite/-/raw/develop/resources/jsonld-contexts/ngsi-ld-test-suite-compound.jsonld&gt;; rel="http://www.w3.org/ns/json-ld#context"; type="application/ld+json"'} 
 body=None 
 </msg>
<msg time="2026-06-24T17:51:00.872373" level="INFO">GET Response : url=http://localhost:9090/ngsi-ld/v1/attributes/airQualityLevel 
 status=200, reason=OK 
 headers={'content-length': '221', 'Content-Type': 'application/json', 'Link': '&lt;https://forge.etsi.org/rep/cim/ngsi-ld-test-suite/-/raw/develop/resources/jsonld-contexts/ngsi-ld-test-suite-compound.jsonld&gt;; rel="http://www.w3.org/ns/json-ld#context"; type="application/ld+json"'} 
 body={
  "id" : "https://ngsi-ld-test-suite/context#airQualityLevel",
  "type" : "Attribute",
  "attributeCount" : 1,
  "attributeName" : "airQualityLevel",
  "attributeTypes" : [ "Property" ],
  "typeNames" : [ "Building" ]
} 
 </msg>
<msg time="2026-06-24T17:51:00.872476" level="INFO">${response} = &lt;Response [200]&gt;</msg>
<var>${response}</var>
<arg>url=${url}/${ATTRIBUTES_ENDPOINT_PATH}/${attribute_name}</arg>
<arg>headers=${headers}</arg>
<arg>expected_status=any</arg>
<doc>Sends a GET request.</doc>
<status status="PASS" start="2026-06-24T17:51:00.863364" elapsed="0.009127"/>
</kw>
<kw name="Output" owner="logUtils">
<msg time="2026-06-24T17:51:00.872723" level="INFO">
Retrieve Attribute</msg>
<msg time="2026-06-24T17:51:00.872741" level="INFO">Request -&gt;</msg>
<msg time="2026-06-24T17:51:00.872749" level="INFO">{
    "method": "GET",
    "url": "http://localhost:9090/ngsi-ld/v1/attributes/airQualityLevel",
    "headers": {
        "User-Agent": "python-requests/2.34.2",
        "Accept-Encoding": "gzip, deflate",
        "Accept": "*/*",
        "Connection": "keep-alive",
        "Link": "&lt;https://forge.etsi.org/rep/cim/ngsi-ld-test-suite/-/raw/develop/resources/jsonld-contexts/ngsi-ld-test-suite-compound.jsonld&gt;; rel=\"http://www.w3.org/ns/json-ld#context\"; type=\"application/ld+json\""
    },
    "body": null
}</msg>
<msg time="2026-06-24T17:51:00.872758" level="INFO">Response -&gt;</msg>
<msg time="2026-06-24T17:51:00.872765" level="INFO">{
    "url": "http://localhost:9090/ngsi-ld/v1/attributes/airQualityLevel",
    "headers": {
        "content-length": "221",
        "Content-Type": "application/json",
        "Link": "&lt;https://forge.etsi.org/rep/cim/ngsi-ld-test-suite/-/raw/develop/resources/jsonld-contexts/ngsi-ld-test-suite-compound.jsonld&gt;; rel=\"http://www.w3.org/ns/json-ld#context\"; type=\"application/ld+json\""
    },
    "status_code": 200,
    "reason": "OK",
    "body": {
        "id": "https://ngsi-ld-test-suite/context#airQualityLevel",
        "type": "Attribute",
        "attributeCount": 1,
        "attributeName": "airQualityLevel",
        "attributeTypes": [
            "Property"
        ],
        "typeNames": [
            "Building"
        ]
    }
}</msg>
<arg>${response}</arg>
<arg>Retrieve Attribute</arg>
<tag>I/O</tag>
<doc>*Request and response are output to terminal and file (in JSON).*
:param response: response to a request
:param description: explains what request is being made
:param console: If false, the JSON is not written to terminal. Default is true.</doc>
<status status="PASS" start="2026-06-24T17:51:00.872595" elapsed="0.000188"/>
</kw>
<return>
<value>${response}</value>
<status status="PASS" start="2026-06-24T17:51:00.872803" elapsed="0.000020"/>
</return>
<msg time="2026-06-24T17:51:00.872871" level="INFO">${response} = &lt;Response [200]&gt;</msg>
<var>${response}</var>
<arg>attribute_name=${attributeName}</arg>
<arg>context=${ngsild_test_suite_context}</arg>
<tag>actor_context-consumer</tag>
<status status="PASS" start="2026-06-24T17:51:00.862421" elapsed="0.010457"/>
</kw>
<kw name="Check Response Status Code" owner="AssertionUtils">
<kw name="Convert To String" owner="BuiltIn">
<msg time="2026-06-24T17:51:00.873533" level="INFO">${response_status_code} = 200</msg>
<var>${response_status_code}</var>
<arg>${response_status_code}</arg>
<doc>Converts the given item to a Unicode string.</doc>
<status status="PASS" start="2026-06-24T17:51:00.873372" elapsed="0.000170"/>
</kw>
<kw name="Should Be Equal" owner="BuiltIn">
<arg>${expected_status_code}</arg>
<arg>${response_status_code}</arg>
<arg>HTTP status code comparison failed with (expected, actual) -&gt;</arg>
<doc>Fails if the given objects are unequal.</doc>
<status status="PASS" start="2026-06-24T17:51:00.873597" elapsed="0.000146"/>
</kw>
<arg>200</arg>
<arg>${response.status_code}</arg>
<status status="PASS" start="2026-06-24T17:51:00.872946" elapsed="0.000824"/>
</kw>
<kw name="Check Response Body Containing Attribute element" owner="AssertionUtils">
<kw name="Load Json From File" owner="JSONLibrary">
<msg time="2026-06-24T17:51:00.874741" level="INFO">${attribute_payload} = {'id': 'https://ngsi-ld-test-suite/context#airQualityLevel', 'type': 'Attribute', 'attributeName': 'airQualityLevel', 'attributeCount': 1, 'attributeTypes': ['Property'], 'typeNames': ['Building']}</msg>
<var>${attribute_payload}</var>
<arg>${EXECDIR}/data/${expectation_filename}</arg>
<doc>Load JSON from file.</doc>
<status status="PASS" start="2026-06-24T17:51:00.874161" elapsed="0.000594"/>
</kw>
<kw name="Create List" owner="BuiltIn">
<msg time="2026-06-24T17:51:00.874920" level="INFO">${ignored_keys} = []</msg>
<var>${ignored_keys}</var>
<doc>Returns a list containing given items.</doc>
<status status="PASS" start="2026-06-24T17:51:00.874808" elapsed="0.000122"/>
</kw>
<kw name="Compare Dictionaries Ignoring Keys" owner="assertionUtils">
<msg time="2026-06-24T17:51:00.875508" level="INFO">${comparison_result} = {}</msg>
<var>${comparison_result}</var>
<arg>${attribute_payload}</arg>
<arg>${response_body}</arg>
<arg>${ignored_keys}</arg>
<doc>Function exposed as a keyword to compare two dictionaries
:param expected: expected dictionary
:param actual: actual dictionary
:param exclude_regex_paths: list of regex paths of keys to be ignored
:param ignore_core_context_version: whether any core context version is allowed in the results
:param group_by: a key to group the results, useful for lists of results</doc>
<status status="PASS" start="2026-06-24T17:51:00.874976" elapsed="0.000544"/>
</kw>
<kw name="Should Be Empty" owner="BuiltIn">
<msg time="2026-06-24T17:51:00.876028" level="INFO">Length is 0.</msg>
<arg>${comparison_result}</arg>
<arg>msg=${comparison_result.pretty()}</arg>
<doc>Verifies that the given item is empty.</doc>
<status status="PASS" start="2026-06-24T17:51:00.875576" elapsed="0.000472"/>
</kw>
<arg>${expectation_file}</arg>
<arg>${response.json()}</arg>
<status status="PASS" start="2026-06-24T17:51:00.873829" elapsed="0.002249"/>
</kw>
<arg>airQualityLevel</arg>
<doc>Check that one can retrieve a list with a detailed representation of NGSI-LD attributes</doc>
<status status="PASS" start="2026-06-24T17:51:00.862292" elapsed="0.013812"/>
</kw>
<tag>5_7_10</tag>
<tag>ed-attr</tag>
<status status="PASS" start="2026-06-24T17:51:00.862147" elapsed="0.014014"/>
</test>
<test id="s1-s1-s2-t2" name="027_02_02 WithExpandedAttributeName" line="24">
<kw name="Retrieve Detailed Representation Of Available Attribute">
<kw name="Retrieve Attribute" owner="ContextInformationConsumption">
<kw name="Create Dictionary" owner="BuiltIn">
<msg time="2026-06-24T17:51:00.877097" level="INFO">&amp;{headers} = { }</msg>
<var>&amp;{headers}</var>
<doc>Creates and returns a dictionary based on the given ``items``.</doc>
<status status="PASS" start="2026-06-24T17:51:00.876978" elapsed="0.000127"/>
</kw>
<if>
<branch type="IF" condition="'${accept}'!=''">
<kw name="Set To Dictionary" owner="Collections">
<arg>${headers}</arg>
<arg>Accept</arg>
<arg>${accept}</arg>
<doc>Adds the given ``key_value_pairs`` and/or ``items`` to the ``dictionary``.</doc>
<status status="NOT RUN" start="2026-06-24T17:51:00.877202" elapsed="0.000006"/>
</kw>
<status status="NOT RUN" start="2026-06-24T17:51:00.877133" elapsed="0.000227"/>
</branch>
<status status="PASS" start="2026-06-24T17:51:00.877125" elapsed="0.000254"/>
</if>
<if>
<branch type="IF" condition="'${context}'!=''">
<kw name="Build Context Link" owner="Common">
<return>
<value>&lt;${context}&gt;; rel="http://www.w3.org/ns/json-ld#context"; type="application/ld+json"</value>
<status status="PASS" start="2026-06-24T17:51:00.877588" elapsed="0.000018"/>
</return>
<msg time="2026-06-24T17:51:00.877660" level="INFO">${context_link} = &lt;https://forge.etsi.org/rep/cim/ngsi-ld-test-suite/-/raw/develop/resources/jsonld-contexts/ngsi-ld-test-suite-compound.jsonld&gt;; rel="http://www.w3.org/ns/json-ld#context"; type="application/ld+json"</msg>
<var>${context_link}</var>
<arg>${context}</arg>
<status status="PASS" start="2026-06-24T17:51:00.877516" elapsed="0.000155"/>
</kw>
<kw name="Set To Dictionary" owner="Collections">
<arg>${headers}</arg>
<arg>Link=${context_link}</arg>
<doc>Adds the given ``key_value_pairs`` and/or ``items`` to the ``dictionary``.</doc>
<status status="PASS" start="2026-06-24T17:51:00.877720" elapsed="0.000080"/>
</kw>
<status status="PASS" start="2026-06-24T17:51:00.877404" elapsed="0.000409"/>
</branch>
<status status="PASS" start="2026-06-24T17:51:00.877397" elapsed="0.000426"/>
</if>
<kw name="GET" owner="RequestsLibrary">
<msg time="2026-06-24T17:51:00.888655" level="INFO">GET Request : url=http://localhost:9090/ngsi-ld/v1/attributes/https%3A%2F%2Fngsi-ld-test-suite%2Fcontext%23airQualityLevel 
 path_url=/ngsi-ld/v1/attributes/https%3A%2F%2Fngsi-ld-test-suite%2Fcontext%23airQualityLevel 
 headers={'User-Agent': 'python-requests/2.34.2', 'Accept-Encoding': 'gzip, deflate', 'Accept': '*/*', 'Connection': 'keep-alive', 'Link': '&lt;https://forge.etsi.org/rep/cim/ngsi-ld-test-suite/-/raw/develop/resources/jsonld-contexts/ngsi-ld-test-suite-compound.jsonld&gt;; rel="http://www.w3.org/ns/json-ld#context"; type="application/ld+json"'} 
 body=None 
 </msg>
<msg time="2026-06-24T17:51:00.888702" level="INFO">GET Response : url=http://localhost:9090/ngsi-ld/v1/attributes/https%3A%2F%2Fngsi-ld-test-suite%2Fcontext%23airQualityLevel 
 status=200, reason=OK 
 headers={'content-length': '221', 'Content-Type': 'application/json', 'Link': '&lt;https://forge.etsi.org/rep/cim/ngsi-ld-test-suite/-/raw/develop/resources/jsonld-contexts/ngsi-ld-test-suite-compound.jsonld&gt;; rel="http://www.w3.org/ns/json-ld#context"; type="application/ld+json"'} 
 body={
  "id" : "https://ngsi-ld-test-suite/context#airQualityLevel",
  "type" : "Attribute",
  "attributeCount" : 1,
  "attributeName" : "airQualityLevel",
  "attributeTypes" : [ "Property" ],
  "typeNames" : [ "Building" ]
} 
 </msg>
<msg time="2026-06-24T17:51:00.888775" level="INFO">${response} = &lt;Response [200]&gt;</msg>
<var>${response}</var>
<arg>url=${url}/${ATTRIBUTES_ENDPOINT_PATH}/${attribute_name}</arg>
<arg>headers=${headers}</arg>
<arg>expected_status=any</arg>
<doc>Sends a GET request.</doc>
<status status="PASS" start="2026-06-24T17:51:00.877871" elapsed="0.010914"/>
</kw>
<kw name="Output" owner="logUtils">
<msg time="2026-06-24T17:51:00.889022" level="INFO">
Retrieve Attribute</msg>
<msg time="2026-06-24T17:51:00.889050" level="INFO">Request -&gt;</msg>
<msg time="2026-06-24T17:51:00.889063" level="INFO">{
    "method": "GET",
    "url": "http://localhost:9090/ngsi-ld/v1/attributes/https%3A%2F%2Fngsi-ld-test-suite%2Fcontext%23airQualityLevel",
    "headers": {
        "User-Agent": "python-requests/2.34.2",
        "Accept-Encoding": "gzip, deflate",
        "Accept": "*/*",
        "Connection": "keep-alive",
        "Link": "&lt;https://forge.etsi.org/rep/cim/ngsi-ld-test-suite/-/raw/develop/resources/jsonld-contexts/ngsi-ld-test-suite-compound.jsonld&gt;; rel=\"http://www.w3.org/ns/json-ld#context\"; type=\"application/ld+json\""
    },
    "body": null
}</msg>
<msg time="2026-06-24T17:51:00.889072" level="INFO">Response -&gt;</msg>
<msg time="2026-06-24T17:51:00.889080" level="INFO">{
    "url": "http://localhost:9090/ngsi-ld/v1/attributes/https%3A%2F%2Fngsi-ld-test-suite%2Fcontext%23airQualityLevel",
    "headers": {
        "content-length": "221",
        "Content-Type": "application/json",
        "Link": "&lt;https://forge.etsi.org/rep/cim/ngsi-ld-test-suite/-/raw/develop/resources/jsonld-contexts/ngsi-ld-test-suite-compound.jsonld&gt;; rel=\"http://www.w3.org/ns/json-ld#context\"; type=\"application/ld+json\""
    },
    "status_code": 200,
    "reason": "OK",
    "body": {
        "id": "https://ngsi-ld-test-suite/context#airQualityLevel",
        "type": "Attribute",
        "attributeCount": 1,
        "attributeName": "airQualityLevel",
        "attributeTypes": [
            "Property"
        ],
        "typeNames": [
            "Building"
        ]
    }
}</msg>
<arg>${response}</arg>
<arg>Retrieve Attribute</arg>
<tag>I/O</tag>
<doc>*Request and response are output to terminal and file (in JSON).*
:param response: response to a request
:param description: explains what request is being made
:param console: If false, the JSON is not written to terminal. Default is true.</doc>
<status status="PASS" start="2026-06-24T17:51:00.888897" elapsed="0.000201"/>
</kw>
<return>
<value>${response}</value>
<status status="PASS" start="2026-06-24T17:51:00.889119" elapsed="0.000019"/>
</return>
<msg time="2026-06-24T17:51:00.889190" level="INFO">${response} = &lt;Response [200]&gt;</msg>
<var>${response}</var>
<arg>attribute_name=${attributeName}</arg>
<arg>context=${ngsild_test_suite_context}</arg>
<tag>actor_context-consumer</tag>
<status status="PASS" start="2026-06-24T17:51:00.876603" elapsed="0.012594"/>
</kw>
<kw name="Check Response Status Code" owner="AssertionUtils">
<kw name="Convert To String" owner="BuiltIn">
<msg time="2026-06-24T17:51:00.889933" level="INFO">${response_status_code} = 200</msg>
<var>${response_status_code}</var>
<arg>${response_status_code}</arg>
<doc>Converts the given item to a Unicode string.</doc>
<status status="PASS" start="2026-06-24T17:51:00.889760" elapsed="0.000183"/>
</kw>
<kw name="Should Be Equal" owner="BuiltIn">
<arg>${expected_status_code}</arg>
<arg>${response_status_code}</arg>
<arg>HTTP status code comparison failed with (expected, actual) -&gt;</arg>
<doc>Fails if the given objects are unequal.</doc>
<status status="PASS" start="2026-06-24T17:51:00.889990" elapsed="0.000153"/>
</kw>
<arg>200</arg>
<arg>${response.status_code}</arg>
<status status="PASS" start="2026-06-24T17:51:00.889273" elapsed="0.000899"/>
</kw>
<kw name="Check Response Body Containing Attribute element" owner="AssertionUtils">
<kw name="Load Json From File" owner="JSONLibrary">
<msg time="2026-06-24T17:51:00.891083" level="INFO">${attribute_payload} = {'id': 'https://ngsi-ld-test-suite/context#airQualityLevel', 'type': 'Attribute', 'attributeName': 'airQualityLevel', 'attributeCount': 1, 'attributeTypes': ['Property'], 'typeNames': ['Building']}</msg>
<var>${attribute_payload}</var>
<arg>${EXECDIR}/data/${expectation_filename}</arg>
<doc>Load JSON from file.</doc>
<status status="PASS" start="2026-06-24T17:51:00.890613" elapsed="0.000491"/>
</kw>
<kw name="Create List" owner="BuiltIn">
<msg time="2026-06-24T17:51:00.891360" level="INFO">${ignored_keys} = []</msg>
<var>${ignored_keys}</var>
<doc>Returns a list containing given items.</doc>
<status status="PASS" start="2026-06-24T17:51:00.891197" elapsed="0.000181"/>
</kw>
<kw name="Compare Dictionaries Ignoring Keys" owner="assertionUtils">
<msg time="2026-06-24T17:51:00.892023" level="INFO">${comparison_result} = {}</msg>
<var>${comparison_result}</var>
<arg>${attribute_payload}</arg>
<arg>${response_body}</arg>
<arg>${ignored_keys}</arg>
<doc>Function exposed as a keyword to compare two dictionaries
:param expected: expected dictionary
:param actual: actual dictionary
:param exclude_regex_paths: list of regex paths of keys to be ignored
:param ignore_core_context_version: whether any core context version is allowed in the results
:param group_by: a key to group the results, useful for lists of results</doc>
<status status="PASS" start="2026-06-24T17:51:00.891471" elapsed="0.000576"/>
</kw>
<kw name="Should Be Empty" owner="BuiltIn">
<msg time="2026-06-24T17:51:00.892758" level="INFO">Length is 0.</msg>
<arg>${comparison_result}</arg>
<arg>msg=${comparison_result.pretty()}</arg>
<doc>Verifies that the given item is empty.</doc>
<status status="PASS" start="2026-06-24T17:51:00.892273" elapsed="0.000512"/>
</kw>
<arg>${expectation_file}</arg>
<arg>${response.json()}</arg>
<status status="PASS" start="2026-06-24T17:51:00.890254" elapsed="0.002571"/>
</kw>
<arg>https%3A%2F%2Fngsi-ld-test-suite%2Fcontext%23airQualityLevel</arg>
<doc>Check that one can retrieve a list with a detailed representation of NGSI-LD attributes</doc>
<status status="PASS" start="2026-06-24T17:51:00.876402" elapsed="0.016463"/>
</kw>
<tag>5_7_10</tag>
<tag>ed-attr</tag>
<status status="PASS" start="2026-06-24T17:51:00.876254" elapsed="0.016681"/>
</test>
<kw name="Delete Initial Entity" type="TEARDOWN">
<kw name="Delete Entity" owner="ContextInformationProvision">
<kw name="Create Dictionary" owner="BuiltIn">
<msg time="2026-06-24T17:51:00.894682" level="INFO">&amp;{params} = { }</msg>
<var>&amp;{params}</var>
<doc>Creates and returns a dictionary based on the given ``items``.</doc>
<status status="PASS" start="2026-06-24T17:51:00.894527" elapsed="0.000168"/>
</kw>
<if>
<branch type="IF" condition="'${local}'!=''">
<kw name="Set To Dictionary" owner="Collections">
<arg>${params}</arg>
<arg>local=${local}</arg>
<doc>Adds the given ``key_value_pairs`` and/or ``items`` to the ``dictionary``.</doc>
<status status="NOT RUN" start="2026-06-24T17:51:00.894842" elapsed="0.000010"/>
</kw>
<status status="NOT RUN" start="2026-06-24T17:51:00.894733" elapsed="0.000137"/>
</branch>
<status status="PASS" start="2026-06-24T17:51:00.894719" elapsed="0.000164"/>
</if>
<kw name="Set Variable If" owner="BuiltIn">
<msg time="2026-06-24T17:51:00.895112" level="INFO">${final_url} = http://localhost:9090/ngsi-ld/v1</msg>
<var>${final_url}</var>
<arg>'${broker_url}' != ''</arg>
<arg>${broker_url}</arg>
<arg>${url}</arg>
<doc>Sets variable based on the given condition.</doc>
<status status="PASS" start="2026-06-24T17:51:00.894938" elapsed="0.000184"/>
</kw>
<kw name="Create Dictionary" owner="BuiltIn">
<msg time="2026-06-24T17:51:00.895281" level="INFO">&amp;{headers} = { }</msg>
<var>&amp;{headers}</var>
<doc>Creates and returns a dictionary based on the given ``items``.</doc>
<status status="PASS" start="2026-06-24T17:51:00.895182" elapsed="0.000113"/>
</kw>
<if>
<branch type="IF" condition="'${via}'!=''">
<kw name="Set To Dictionary" owner="Collections">
<arg>${headers}</arg>
<arg>Via</arg>
<arg>${via}</arg>
<doc>Adds the given ``key_value_pairs`` and/or ``items`` to the ``dictionary``.</doc>
<status status="NOT RUN" start="2026-06-24T17:51:00.895391" elapsed="0.000008"/>
</kw>
<status status="NOT RUN" start="2026-06-24T17:51:00.895326" elapsed="0.000084"/>
</branch>
<status status="PASS" start="2026-06-24T17:51:00.895319" elapsed="0.000098"/>
</if>
<kw name="DELETE" owner="RequestsLibrary">
<msg time="2026-06-24T17:51:00.898680" level="INFO">DELETE Request : url=http://localhost:9090/ngsi-ld/v1/entities/urn:ngsi-ld:Building:6308772659134838 
 path_url=/ngsi-ld/v1/entities/urn:ngsi-ld:Building:6308772659134838 
 headers={'User-Agent': 'python-requests/2.34.2', 'Accept-Encoding': 'gzip, deflate', 'Accept': '*/*', 'Connection': 'keep-alive', 'Content-Length': '0'} 
 body=None 
 </msg>
<msg time="2026-06-24T17:51:00.898715" level="INFO">DELETE Response : url=http://localhost:9090/ngsi-ld/v1/entities/urn:ngsi-ld:Building:6308772659134838 
 status=204, reason=No Content 
 headers={} 
 body=None 
 </msg>
<msg time="2026-06-24T17:51:00.898795" level="INFO">${response} = &lt;Response [204]&gt;</msg>
<var>${response}</var>
<arg>url=${final_url}/${ENTITIES_ENDPOINT_PATH}${id}</arg>
<arg>params=${params}</arg>
<arg>headers=${headers}</arg>
<arg>expected_status=any</arg>
<doc>Sends a DELETE request.</doc>
<status status="PASS" start="2026-06-24T17:51:00.895461" elapsed="0.003346"/>
</kw>
<if>
<branch type="IF" condition="${delete_temporal_on_core_delete}">
<kw name="Delete Temporal Representation Of Entity" owner="TemporalContextInformationProvision">
<kw name="DELETE" owner="RequestsLibrary">
<msg time="2026-06-24T17:51:00.901464" level="INFO">DELETE Request : url=http://localhost:9090/ngsi-ld/v1/temporal/entities/urn:ngsi-ld:Building:6308772659134838 
 path_url=/ngsi-ld/v1/temporal/entities/urn:ngsi-ld:Building:6308772659134838 
 headers={'User-Agent': 'python-requests/2.34.2', 'Accept-Encoding': 'gzip, deflate', 'Accept': '*/*', 'Connection': 'keep-alive', 'Content-Length': '0'} 
 body=None 
 </msg>
<msg time="2026-06-24T17:51:00.901501" level="INFO">DELETE Response : url=http://localhost:9090/ngsi-ld/v1/temporal/entities/urn:ngsi-ld:Building:6308772659134838 
 status=204, reason=No Content 
 headers={} 
 body=None 
 </msg>
<msg time="2026-06-24T17:51:00.901560" level="INFO">${response} = &lt;Response [204]&gt;</msg>
<var>${response}</var>
<arg>url=${url}/${TEMPORAL_ENTITIES_ENDPOINT_PATH}/${temporal_entity_representation_id}</arg>
<arg>expected_status=any</arg>
<doc>Sends a DELETE request.</doc>
<status status="PASS" start="2026-06-24T17:51:00.899077" elapsed="0.002493"/>
</kw>
<kw name="Output" owner="logUtils">
<msg time="2026-06-24T17:51:00.901771" level="INFO">
Delete Temporal Representation Of Entity</msg>
<msg time="2026-06-24T17:51:00.901799" level="INFO">Request -&gt;</msg>
<msg time="2026-06-24T17:51:00.901815" level="INFO">{
    "method": "DELETE",
    "url": "http://localhost:9090/ngsi-ld/v1/temporal/entities/urn:ngsi-ld:Building:6308772659134838",
    "headers": {
        "User-Agent": "python-requests/2.34.2",
        "Accept-Encoding": "gzip, deflate",
        "Accept": "*/*",
        "Connection": "keep-alive",
        "Content-Length": "0"
    },
    "body": null
}</msg>
<msg time="2026-06-24T17:51:00.901824" level="INFO">Response -&gt;</msg>
<msg time="2026-06-24T17:51:00.901831" level="INFO">{
    "url": "http://localhost:9090/ngsi-ld/v1/temporal/entities/urn:ngsi-ld:Building:6308772659134838",
    "headers": {},
    "status_code": 204,
    "reason": "No Content",
    "body": null
}</msg>
<arg>${response}</arg>
<arg>Delete Temporal Representation Of Entity</arg>
<tag>I/O</tag>
<doc>*Request and response are output to terminal and file (in JSON).*
:param response: response to a request
:param description: explains what request is being made
:param console: If false, the JSON is not written to terminal. Default is true.</doc>
<status status="PASS" start="2026-06-24T17:51:00.901651" elapsed="0.000196"/>
</kw>
<return>
<value>${response}</value>
<status status="PASS" start="2026-06-24T17:51:00.901871" elapsed="0.000021"/>
</return>
<arg>${id}</arg>
<tag>actor_context-producer</tag>
<status status="PASS" start="2026-06-24T17:51:00.898981" elapsed="0.002969"/>
</kw>
<status status="PASS" start="2026-06-24T17:51:00.898865" elapsed="0.003099"/>
</branch>
<status status="PASS" start="2026-06-24T17:51:00.898839" elapsed="0.003135"/>
</if>
<kw name="Output" owner="logUtils">
<msg time="2026-06-24T17:51:00.902111" level="INFO">
Delete Entity</msg>
<msg time="2026-06-24T17:51:00.902125" level="INFO">Request -&gt;</msg>
<msg time="2026-06-24T17:51:00.902133" level="INFO">{
    "method": "DELETE",
    "url": "http://localhost:9090/ngsi-ld/v1/entities/urn:ngsi-ld:Building:6308772659134838",
    "headers": {
        "User-Agent": "python-requests/2.34.2",
        "Accept-Encoding": "gzip, deflate",
        "Accept": "*/*",
        "Connection": "keep-alive",
        "Content-Length": "0"
    },
    "body": null
}</msg>
<msg time="2026-06-24T17:51:00.902142" level="INFO">Response -&gt;</msg>
<msg time="2026-06-24T17:51:00.902149" level="INFO">{
    "url": "http://localhost:9090/ngsi-ld/v1/entities/urn:ngsi-ld:Building:6308772659134838",
    "headers": {},
    "status_code": 204,
    "reason": "No Content",
    "body": null
}</msg>
<arg>${response}</arg>
<arg>Delete Entity</arg>
<tag>I/O</tag>
<doc>*Request and response are output to terminal and file (in JSON).*
:param response: response to a request
:param description: explains what request is being made
:param console: If false, the JSON is not written to terminal. Default is true.</doc>
<status status="PASS" start="2026-06-24T17:51:00.902024" elapsed="0.000140"/>
</kw>
<return>
<value>${response}</value>
<status status="PASS" start="2026-06-24T17:51:00.902303" elapsed="0.000014"/>
</return>
<arg>${entity_id}</arg>
<tag>actor_context-producer</tag>
<status status="PASS" start="2026-06-24T17:51:00.893543" elapsed="0.008813"/>
</kw>
<status status="PASS" start="2026-06-24T17:51:00.893207" elapsed="0.009167"/>
</kw>
<doc>Check that one can retrieve a list with a detailed representation of NGSI-LD attributes</doc>
<status status="PASS" start="2026-06-24T17:51:00.837221" elapsed="0.065163"/>
</suite>
<status status="PASS" start="2026-06-24T17:51:00.630843" elapsed="0.271846"/>
</suite>
<suite id="s1-s2" name="RetrieveAvailableAttributes" source="/workspace/ngsi-ld-test-suite/TP/NGSI-LD/ContextInformation/Consumption/Discovery/RetrieveAvailableAttributes">
<suite id="s1-s2-s1" name="025 01" source="/workspace/ngsi-ld-test-suite/TP/NGSI-LD/ContextInformation/Consumption/Discovery/RetrieveAvailableAttributes/025_01.robot">
<test id="s1-s2-s1-t1" name="025_01_01 WithoutJsonLdContext" line="20">
<kw name="Setup Initial Entity" type="SETUP">
<kw name="Generate Random Building Entity Id" owner="Common">
<kw name="Generate Random Id" owner="Common">
<kw name="Generate Random String" owner="String">
<msg time="2026-06-24T17:51:00.910882" level="INFO">${random_id} = 9916783747941248</msg>
<var>${random_id}</var>
<arg>16</arg>
<arg>[NUMBERS]</arg>
<doc>Generates a string with a desired ``length`` from the given ``chars``.</doc>
<status status="PASS" start="2026-06-24T17:51:00.910803" elapsed="0.000091"/>
</kw>
<kw name="Catenate" owner="BuiltIn">
<msg time="2026-06-24T17:51:00.911042" level="INFO">${entity_id} = urn:ngsi-ld:Building:9916783747941248</msg>
<var>${entity_id}</var>
<arg>${id_prefix}${random_id}</arg>
<doc>Catenates the given items together and returns the resulted string.</doc>
<status status="PASS" start="2026-06-24T17:51:00.910941" elapsed="0.000109"/>
</kw>
<return>
<value>${entity_id}</value>
<status status="PASS" start="2026-06-24T17:51:00.911064" elapsed="0.000015"/>
</return>
<msg time="2026-06-24T17:51:00.911117" level="INFO">${entity_id} = urn:ngsi-ld:Building:9916783747941248</msg>
<var>${entity_id}</var>
<arg>${BUILDING_ID_PREFIX}</arg>
<status status="PASS" start="2026-06-24T17:51:00.910698" elapsed="0.000426"/>
</kw>
<return>
<value>${entity_id}</value>
<status status="PASS" start="2026-06-24T17:51:00.911136" elapsed="0.000007"/>
</return>
<msg time="2026-06-24T17:51:00.911173" level="INFO">${entity_id} = urn:ngsi-ld:Building:9916783747941248</msg>
<var>${entity_id}</var>
<status status="PASS" start="2026-06-24T17:51:00.910613" elapsed="0.000566"/>
</kw>
<kw name="Create Entity Selecting Content Type" owner="ContextInformationProvision">
<kw name="Load Json From File" owner="JSONLibrary">
<msg time="2026-06-24T17:51:00.911912" level="INFO">${entity_payload} = {'id': 'RandomUuidToBeReplaced', 'type': 'Building', 'name': {'type': 'Property', 'value': 'Eiffel Tower'}, 'subCategory': {'type': 'Property', 'value': 'tourism'}, 'airQualityLevel': {'type': 'Proper...</msg>
<var>${entity_payload}</var>
<arg>${EXECDIR}/data/entities/${filename}</arg>
<doc>Load JSON from file.</doc>
<status status="PASS" start="2026-06-24T17:51:00.911607" elapsed="0.000316"/>
</kw>
<kw name="Update Value To Json" owner="JSONLibrary">
<msg time="2026-06-24T17:51:00.918952" level="INFO">${entity} = {'id': 'urn:ngsi-ld:Building:9916783747941248', 'type': 'Building', 'name': {'type': 'Property', 'value': 'Eiffel Tower'}, 'subCategory': {'type': 'Property', 'value': 'tourism'}, 'airQualityLevel': {...</msg>
<var>${entity}</var>
<arg>${entity_payload}</arg>
<arg>$.id</arg>
<arg>${entity_id}</arg>
<doc>Update value to JSON using JSONPath</doc>
<status status="PASS" start="2026-06-24T17:51:00.911978" elapsed="0.006999"/>
</kw>
<kw name="Create Dictionary" owner="BuiltIn">
<msg time="2026-06-24T17:51:00.919257" level="INFO">&amp;{headers} = { Content-Type=application/json }</msg>
<var>&amp;{headers}</var>
<arg>Content-Type=${content_type}</arg>
<doc>Creates and returns a dictionary based on the given ``items``.</doc>
<status status="PASS" start="2026-06-24T17:51:00.919070" elapsed="0.000196"/>
</kw>
<if>
<branch type="IF" condition="'${accept}'!='${EMPTY}'">
<kw name="Set To Dictionary" owner="Collections">
<arg>${headers}</arg>
<arg>Accept=${accept}</arg>
<doc>Adds the given ``key_value_pairs`` and/or ``items`` to the ``dictionary``.</doc>
<status status="NOT RUN" start="2026-06-24T17:51:00.919585" elapsed="0.000008"/>
</kw>
<status status="NOT RUN" start="2026-06-24T17:51:00.919300" elapsed="0.000305"/>
</branch>
<status status="PASS" start="2026-06-24T17:51:00.919290" elapsed="0.000323"/>
</if>
<if>
<branch type="IF" condition="'${context}'!='${EMPTY}'">
<kw name="Build Context Link" owner="Common">
<return>
<value>&lt;${context}&gt;; rel="http://www.w3.org/ns/json-ld#context"; type="application/ld+json"</value>
<status status="PASS" start="2026-06-24T17:51:00.919959" elapsed="0.000016"/>
</return>
<msg time="2026-06-24T17:51:00.920017" level="INFO">${context_link} = &lt;https://forge.etsi.org/rep/cim/ngsi-ld-test-suite/-/raw/develop/resources/jsonld-contexts/ngsi-ld-test-suite-compound.jsonld&gt;; rel="http://www.w3.org/ns/json-ld#context"; type="application/ld+json"</msg>
<var>${context_link}</var>
<arg>${context}</arg>
<status status="PASS" start="2026-06-24T17:51:00.919885" elapsed="0.000141"/>
</kw>
<kw name="Set To Dictionary" owner="Collections">
<arg>${headers}</arg>
<arg>Link=${context_link}</arg>
<doc>Adds the given ``key_value_pairs`` and/or ``items`` to the ``dictionary``.</doc>
<status status="PASS" start="2026-06-24T17:51:00.920065" elapsed="0.000079"/>
</kw>
<status status="PASS" start="2026-06-24T17:51:00.919632" elapsed="0.000524"/>
</branch>
<status status="PASS" start="2026-06-24T17:51:00.919626" elapsed="0.000536"/>
</if>
<kw name="POST" owner="RequestsLibrary">
<msg time="2026-06-24T17:51:00.930557" level="INFO">POST Request : url=http://localhost:9090/ngsi-ld/v1/entities/ 
 path_url=/ngsi-ld/v1/entities/ 
 headers={'User-Agent': 'python-requests/2.34.2', 'Accept-Encoding': 'gzip, deflate', 'Accept': '*/*', 'Connection': 'keep-alive', 'Content-Type': 'application/json', 'Link': '&lt;https://forge.etsi.org/rep/cim/ngsi-ld-test-suite/-/raw/develop/resources/jsonld-contexts/ngsi-ld-test-suite-compound.jsonld&gt;; rel="http://www.w3.org/ns/json-ld#context"; type="application/ld+json"', 'Content-Length': '345'} 
 body=b'{"id": "urn:ngsi-ld:Building:9916783747941248", "type": "Building", "name": {"type": "Property", "value": "Eiffel Tower"}, "subCategory": {"type": "Property", "value": "tourism"}, "airQualityLevel": {"type": "Property", "value": 4, "unitCode": "C62", "observedAt": "2020-09-09T16:40:00.000Z"}, "almostFull": {"type": "Property", "value": false}}' 
 </msg>
<msg time="2026-06-24T17:51:00.930623" level="INFO">POST Response : url=http://localhost:9090/ngsi-ld/v1/entities/ 
 status=201, reason=Created 
 headers={'Location': '/ngsi-ld/v1/entities/urn:ngsi-ld:Building:9916783747941248', 'content-length': '0'} 
 body=None 
 </msg>
<msg time="2026-06-24T17:51:00.930770" level="INFO">${response} = &lt;Response [201]&gt;</msg>
<var>${response}</var>
<arg>url=${url}/${ENTITIES_ENDPOINT_PATH}</arg>
<arg>json=${entity}</arg>
<arg>headers=${headers}</arg>
<arg>expected_status=any</arg>
<doc>Sends a POST request.</doc>
<status status="PASS" start="2026-06-24T17:51:00.920199" elapsed="0.010584"/>
</kw>
<kw name="Output" owner="logUtils">
<msg time="2026-06-24T17:51:00.931022" level="INFO">
Create Entity Selecting Content Type</msg>
<msg time="2026-06-24T17:51:00.931043" level="INFO">Request -&gt;</msg>
<msg time="2026-06-24T17:51:00.931052" level="INFO">{
    "method": "POST",
    "url": "http://localhost:9090/ngsi-ld/v1/entities/",
    "headers": {
        "User-Agent": "python-requests/2.34.2",
        "Accept-Encoding": "gzip, deflate",
        "Accept": "*/*",
        "Connection": "keep-alive",
        "Content-Type": "application/json",
        "Link": "&lt;https://forge.etsi.org/rep/cim/ngsi-ld-test-suite/-/raw/develop/resources/jsonld-contexts/ngsi-ld-test-suite-compound.jsonld&gt;; rel=\"http://www.w3.org/ns/json-ld#context\"; type=\"application/ld+json\"",
        "Content-Length": "345"
    },
    "body": {
        "id": "urn:ngsi-ld:Building:9916783747941248",
        "type": "Building",
        "name": {
            "type": "Property",
            "value": "Eiffel Tower"
        },
        "subCategory": {
            "type": "Property",
            "value": "tourism"
        },
        "airQualityLevel": {
            "type": "Property",
            "value": 4,
            "unitCode": "C62",
            "observedAt": "2020-09-09T16:40:00.000Z"
        },
        "almostFull": {
            "type": "Property",
            "value": false
        }
    }
}</msg>
<msg time="2026-06-24T17:51:00.931204" level="INFO">Response -&gt;</msg>
<msg time="2026-06-24T17:51:00.931224" level="INFO">{
    "url": "http://localhost:9090/ngsi-ld/v1/entities/",
    "headers": {
        "Location": "/ngsi-ld/v1/entities/urn:ngsi-ld:Building:9916783747941248",
        "content-length": "0"
    },
    "status_code": 201,
    "reason": "Created",
    "body": null
}</msg>
<arg>${response}</arg>
<arg>Create Entity Selecting Content Type</arg>
<tag>I/O</tag>
<doc>*Request and response are output to terminal and file (in JSON).*
:param response: response to a request
:param description: explains what request is being made
:param console: If false, the JSON is not written to terminal. Default is true.</doc>
<status status="PASS" start="2026-06-24T17:51:00.930881" elapsed="0.000365"/>
</kw>
<return>
<value>${response}</value>
<status status="PASS" start="2026-06-24T17:51:00.931273" elapsed="0.000024"/>
</return>
<msg time="2026-06-24T17:51:00.931369" level="INFO">${create_response} = &lt;Response [201]&gt;</msg>
<var>${create_response}</var>
<arg>${filename}</arg>
<arg>${entity_id}</arg>
<arg>${CONTENT_TYPE_JSON}</arg>
<arg>${ngsild_test_suite_context}</arg>
<tag>actor_context-producer</tag>
<status status="PASS" start="2026-06-24T17:51:00.911268" elapsed="0.020114"/>
</kw>
<kw name="Check Response Status Code" owner="AssertionUtils">
<kw name="Convert To String" owner="BuiltIn">
<msg time="2026-06-24T17:51:00.932104" level="INFO">${response_status_code} = 201</msg>
<var>${response_status_code}</var>
<arg>${response_status_code}</arg>
<doc>Converts the given item to a Unicode string.</doc>
<status status="PASS" start="2026-06-24T17:51:00.931961" elapsed="0.000153"/>
</kw>
<kw name="Should Be Equal" owner="BuiltIn">
<arg>${expected_status_code}</arg>
<arg>${response_status_code}</arg>
<arg>HTTP status code comparison failed with (expected, actual) -&gt;</arg>
<doc>Fails if the given objects are unequal.</doc>
<status status="PASS" start="2026-06-24T17:51:00.932161" elapsed="0.000124"/>
</kw>
<arg>201</arg>
<arg>${create_response.status_code}</arg>
<status status="PASS" start="2026-06-24T17:51:00.931512" elapsed="0.000795"/>
</kw>
<kw name="Set Test Variable" owner="BuiltIn">
<msg time="2026-06-24T17:51:00.932508" level="INFO">${entity_id} = urn:ngsi-ld:Building:9916783747941248</msg>
<arg>${entity_id}</arg>
<doc>Makes a variable available everywhere within the scope of the current test.</doc>
<status status="PASS" start="2026-06-24T17:51:00.932354" elapsed="0.000170"/>
</kw>
<status status="PASS" start="2026-06-24T17:51:00.910503" elapsed="0.022041"/>
</kw>
<kw name="Retrieve Available Attributes">
<kw name="Retrieve Attributes" owner="ContextInformationConsumption">
<kw name="Create Dictionary" owner="BuiltIn">
<msg time="2026-06-24T17:51:00.933383" level="INFO">&amp;{headers} = { }</msg>
<var>&amp;{headers}</var>
<doc>Creates and returns a dictionary based on the given ``items``.</doc>
<status status="PASS" start="2026-06-24T17:51:00.933281" elapsed="0.000110"/>
</kw>
<kw name="Create Dictionary" owner="BuiltIn">
<msg time="2026-06-24T17:51:00.933537" level="INFO">&amp;{params} = { }</msg>
<var>&amp;{params}</var>
<doc>Creates and returns a dictionary based on the given ``items``.</doc>
<status status="PASS" start="2026-06-24T17:51:00.933448" elapsed="0.000097"/>
</kw>
<if>
<branch type="IF" condition="'${accept}'!=''">
<kw name="Set To Dictionary" owner="Collections">
<arg>${headers}</arg>
<arg>Accept</arg>
<arg>${accept}</arg>
<doc>Adds the given ``key_value_pairs`` and/or ``items`` to the ``dictionary``.</doc>
<status status="NOT RUN" start="2026-06-24T17:51:00.933638" elapsed="0.000006"/>
</kw>
<status status="NOT RUN" start="2026-06-24T17:51:00.933571" elapsed="0.000084"/>
</branch>
<status status="PASS" start="2026-06-24T17:51:00.933563" elapsed="0.000099"/>
</if>
<if>
<branch type="IF" condition="'${context}'!=''">
<kw name="Build Context Link" owner="Common">
<var>${context_link}</var>
<arg>${context}</arg>
<status status="NOT RUN" start="2026-06-24T17:51:00.933750" elapsed="0.000008"/>
</kw>
<kw name="Set To Dictionary" owner="Collections">
<arg>${headers}</arg>
<arg>Link=${context_link}</arg>
<doc>Adds the given ``key_value_pairs`` and/or ``items`` to the ``dictionary``.</doc>
<status status="NOT RUN" start="2026-06-24T17:51:00.933797" elapsed="0.000006"/>
</kw>
<status status="NOT RUN" start="2026-06-24T17:51:00.933678" elapsed="0.000135"/>
</branch>
<status status="PASS" start="2026-06-24T17:51:00.933673" elapsed="0.000147"/>
</if>
<kw name="Set To Dictionary" owner="Collections">
<arg>${params}</arg>
<arg>details=${details}</arg>
<doc>Adds the given ``key_value_pairs`` and/or ``items`` to the ``dictionary``.</doc>
<status status="PASS" start="2026-06-24T17:51:00.933854" elapsed="0.000082"/>
</kw>
<kw name="GET" owner="RequestsLibrary">
<msg time="2026-06-24T17:51:00.940349" level="INFO">GET Request : url=http://localhost:9090/ngsi-ld/v1/attributes?details=false 
 path_url=/ngsi-ld/v1/attributes?details=false 
 headers={'User-Agent': 'python-requests/2.34.2', 'Accept-Encoding': 'gzip, deflate', 'Accept': '*/*', 'Connection': 'keep-alive'} 
 body=None 
 </msg>
<msg time="2026-06-24T17:51:00.940393" level="INFO">GET Response : url=http://localhost:9090/ngsi-ld/v1/attributes?details=false 
 status=200, reason=OK 
 headers={'content-length': '299', 'Content-Type': 'application/json', 'Link': '&lt;https://uri.etsi.org/ngsi-ld/v1/ngsi-ld-core-context-v1.9.jsonld&gt;; rel="http://www.w3.org/ns/json-ld#context"; type="application/ld+json"'} 
 body={
  "id" : "urn:ngsi-ld:AttributeList:1010315098",
  "type" : "AttributeList",
  "attributeList" : [ "https://ngsi-ld-test-suite/context#subCategory", "https://ngsi-ld-test-suite/context#name", "https://ngsi-ld-test-suite/context#almostFull", "https://ngsi-ld-test-suite/context#airQualityLevel" ]
} 
 </msg>
<msg time="2026-06-24T17:51:00.940471" level="INFO">${response} = &lt;Response [200]&gt;</msg>
<var>${response}</var>
<arg>url=${url}/${ATTRIBUTES_ENDPOINT_PATH}</arg>
<arg>headers=${headers}</arg>
<arg>params=${params}</arg>
<arg>expected_status=any</arg>
<doc>Sends a GET request.</doc>
<status status="PASS" start="2026-06-24T17:51:00.933981" elapsed="0.006502"/>
</kw>
<kw name="Output" owner="logUtils">
<msg time="2026-06-24T17:51:00.940685" level="INFO">
Retrieve Attributes</msg>
<msg time="2026-06-24T17:51:00.940705" level="INFO">Request -&gt;</msg>
<msg time="2026-06-24T17:51:00.940714" level="INFO">{
    "method": "GET",
    "url": "http://localhost:9090/ngsi-ld/v1/attributes?details=false",
    "headers": {
        "User-Agent": "python-requests/2.34.2",
        "Accept-Encoding": "gzip, deflate",
        "Accept": "*/*",
        "Connection": "keep-alive"
    },
    "body": null
}</msg>
<msg time="2026-06-24T17:51:00.940722" level="INFO">Response -&gt;</msg>
<msg time="2026-06-24T17:51:00.940728" level="INFO">{
    "url": "http://localhost:9090/ngsi-ld/v1/attributes?details=false",
    "headers": {
        "content-length": "299",
        "Content-Type": "application/json",
        "Link": "&lt;https://uri.etsi.org/ngsi-ld/v1/ngsi-ld-core-context-v1.9.jsonld&gt;; rel=\"http://www.w3.org/ns/json-ld#context\"; type=\"application/ld+json\""
    },
    "status_code": 200,
    "reason": "OK",
    "body": {
        "id": "urn:ngsi-ld:AttributeList:1010315098",
        "type": "AttributeList",
        "attributeList": [
            "https://ngsi-ld-test-suite/context#subCategory",
[...]
<var>${comparison_result}</var>
<arg>${entity_type_payload}</arg>
<arg>${response_body}</arg>
<arg>${ignored_keys}</arg>
<doc>Function exposed as a keyword to compare two dictionaries
:param expected: expected dictionary
:param actual: actual dictionary
:param exclude_regex_paths: list of regex paths of keys to be ignored
:param ignore_core_context_version: whether any core context version is allowed in the results
:param group_by: a key to group the results, useful for lists of results</doc>
<status status="PASS" start="2026-06-24T17:51:01.611568" elapsed="0.000403"/>
</kw>
<kw name="Should Be Empty" owner="BuiltIn">
<msg time="2026-06-24T17:51:01.612378" level="INFO">Length is 0.</msg>
<arg>${comparison_result}</arg>
<arg>msg=${comparison_result.pretty()}</arg>
<doc>Verifies that the given item is empty.</doc>
<status status="PASS" start="2026-06-24T17:51:01.612014" elapsed="0.000381"/>
</kw>
<arg>${expectation_file}</arg>
<arg>${response.json()}</arg>
<status status="PASS" start="2026-06-24T17:51:01.610607" elapsed="0.001809"/>
</kw>
<arg>${ngsild_test_suite_context}</arg>
<arg>types/expectations/entity-type-023-01-02.json</arg>
<doc>Check that one can retrieve a list with a detailed representation of NGSI-LD entity types</doc>
<status status="PASS" start="2026-06-24T17:51:01.599533" elapsed="0.012902"/>
</kw>
<kw name="Delete Initial Entities" type="TEARDOWN">
<kw name="Delete Entity" owner="ContextInformationProvision">
<kw name="Create Dictionary" owner="BuiltIn">
<msg time="2026-06-24T17:51:01.613466" level="INFO">&amp;{params} = { }</msg>
<var>&amp;{params}</var>
<doc>Creates and returns a dictionary based on the given ``items``.</doc>
<status status="PASS" start="2026-06-24T17:51:01.613353" elapsed="0.000124"/>
</kw>
<if>
<branch type="IF" condition="'${local}'!=''">
<kw name="Set To Dictionary" owner="Collections">
<arg>${params}</arg>
<arg>local=${local}</arg>
<doc>Adds the given ``key_value_pairs`` and/or ``items`` to the ``dictionary``.</doc>
<status status="NOT RUN" start="2026-06-24T17:51:01.613577" elapsed="0.000007"/>
</kw>
<status status="NOT RUN" start="2026-06-24T17:51:01.613506" elapsed="0.000088"/>
</branch>
<status status="PASS" start="2026-06-24T17:51:01.613497" elapsed="0.000106"/>
</if>
<kw name="Set Variable If" owner="BuiltIn">
<msg time="2026-06-24T17:51:01.613770" level="INFO">${final_url} = http://localhost:9090/ngsi-ld/v1</msg>
<var>${final_url}</var>
<arg>'${broker_url}' != ''</arg>
<arg>${broker_url}</arg>
<arg>${url}</arg>
<doc>Sets variable based on the given condition.</doc>
<status status="PASS" start="2026-06-24T17:51:01.613648" elapsed="0.000130"/>
</kw>
<kw name="Create Dictionary" owner="BuiltIn">
<msg time="2026-06-24T17:51:01.613910" level="INFO">&amp;{headers} = { }</msg>
<var>&amp;{headers}</var>
<doc>Creates and returns a dictionary based on the given ``items``.</doc>
<status status="PASS" start="2026-06-24T17:51:01.613824" elapsed="0.000094"/>
</kw>
<if>
<branch type="IF" condition="'${via}'!=''">
<kw name="Set To Dictionary" owner="Collections">
<arg>${headers}</arg>
<arg>Via</arg>
<arg>${via}</arg>
<doc>Adds the given ``key_value_pairs`` and/or ``items`` to the ``dictionary``.</doc>
<status status="NOT RUN" start="2026-06-24T17:51:01.613994" elapsed="0.000007"/>
</kw>
<status status="NOT RUN" start="2026-06-24T17:51:01.613939" elapsed="0.000073"/>
</branch>
<status status="PASS" start="2026-06-24T17:51:01.613933" elapsed="0.000086"/>
</if>
<kw name="DELETE" owner="RequestsLibrary">
<msg time="2026-06-24T17:51:01.617414" level="INFO">DELETE Request : url=http://localhost:9090/ngsi-ld/v1/entities/urn:ngsi-ld:Building:5782642280975303 
 path_url=/ngsi-ld/v1/entities/urn:ngsi-ld:Building:5782642280975303 
 headers={'User-Agent': 'python-requests/2.34.2', 'Accept-Encoding': 'gzip, deflate', 'Accept': '*/*', 'Connection': 'keep-alive', 'Content-Length': '0'} 
 body=None 
 </msg>
<msg time="2026-06-24T17:51:01.617500" level="INFO">DELETE Response : url=http://localhost:9090/ngsi-ld/v1/entities/urn:ngsi-ld:Building:5782642280975303 
 status=204, reason=No Content 
 headers={} 
 body=None 
 </msg>
<msg time="2026-06-24T17:51:01.617618" level="INFO">${response} = &lt;Response [204]&gt;</msg>
<var>${response}</var>
<arg>url=${final_url}/${ENTITIES_ENDPOINT_PATH}${id}</arg>
<arg>params=${params}</arg>
<arg>headers=${headers}</arg>
<arg>expected_status=any</arg>
<doc>Sends a DELETE request.</doc>
<status status="PASS" start="2026-06-24T17:51:01.614054" elapsed="0.003587"/>
</kw>
<if>
<branch type="IF" condition="${delete_temporal_on_core_delete}">
<kw name="Delete Temporal Representation Of Entity" owner="TemporalContextInformationProvision">
<kw name="DELETE" owner="RequestsLibrary">
<msg time="2026-06-24T17:51:01.620379" level="INFO">DELETE Request : url=http://localhost:9090/ngsi-ld/v1/temporal/entities/urn:ngsi-ld:Building:5782642280975303 
 path_url=/ngsi-ld/v1/temporal/entities/urn:ngsi-ld:Building:5782642280975303 
 headers={'User-Agent': 'python-requests/2.34.2', 'Accept-Encoding': 'gzip, deflate', 'Accept': '*/*', 'Connection': 'keep-alive', 'Content-Length': '0'} 
 body=None 
 </msg>
<msg time="2026-06-24T17:51:01.620419" level="INFO">DELETE Response : url=http://localhost:9090/ngsi-ld/v1/temporal/entities/urn:ngsi-ld:Building:5782642280975303 
 status=204, reason=No Content 
 headers={} 
 body=None 
 </msg>
<msg time="2026-06-24T17:51:01.620495" level="INFO">${response} = &lt;Response [204]&gt;</msg>
<var>${response}</var>
<arg>url=${url}/${TEMPORAL_ENTITIES_ENDPOINT_PATH}/${temporal_entity_representation_id}</arg>
<arg>expected_status=any</arg>
<doc>Sends a DELETE request.</doc>
<status status="PASS" start="2026-06-24T17:51:01.618047" elapsed="0.002459"/>
</kw>
<kw name="Output" owner="logUtils">
<msg time="2026-06-24T17:51:01.620823" level="INFO">
Delete Temporal Representation Of Entity</msg>
<msg time="2026-06-24T17:51:01.620843" level="INFO">Request -&gt;</msg>
<msg time="2026-06-24T17:51:01.620853" level="INFO">{
    "method": "DELETE",
    "url": "http://localhost:9090/ngsi-ld/v1/temporal/entities/urn:ngsi-ld:Building:5782642280975303",
    "headers": {
        "User-Agent": "python-requests/2.34.2",
        "Accept-Encoding": "gzip, deflate",
        "Accept": "*/*",
        "Connection": "keep-alive",
        "Content-Length": "0"
    },
    "body": null
}</msg>
<msg time="2026-06-24T17:51:01.620862" level="INFO">Response -&gt;</msg>
<msg time="2026-06-24T17:51:01.620869" level="INFO">{
    "url": "http://localhost:9090/ngsi-ld/v1/temporal/entities/urn:ngsi-ld:Building:5782642280975303",
    "headers": {},
    "status_code": 204,
    "reason": "No Content",
    "body": null
}</msg>
<arg>${response}</arg>
<arg>Delete Temporal Representation Of Entity</arg>
<tag>I/O</tag>
<doc>*Request and response are output to terminal and file (in JSON).*
:param response: response to a request
:param description: explains what request is being made
:param console: If false, the JSON is not written to terminal. Default is true.</doc>
<status status="PASS" start="2026-06-24T17:51:01.620699" elapsed="0.000186"/>
</kw>
<return>
<value>${response}</value>
<status status="PASS" start="2026-06-24T17:51:01.620908" elapsed="0.000020"/>
</return>
<arg>${id}</arg>
<tag>actor_context-producer</tag>
<status status="PASS" start="2026-06-24T17:51:01.617892" elapsed="0.003077"/>
</kw>
<status status="PASS" start="2026-06-24T17:51:01.617700" elapsed="0.003282"/>
</branch>
<status status="PASS" start="2026-06-24T17:51:01.617684" elapsed="0.003307"/>
</if>
<kw name="Output" owner="logUtils">
<msg time="2026-06-24T17:51:01.621108" level="INFO">
Delete Entity</msg>
<msg time="2026-06-24T17:51:01.621120" level="INFO">Request -&gt;</msg>
<msg time="2026-06-24T17:51:01.621128" level="INFO">{
    "method": "DELETE",
    "url": "http://localhost:9090/ngsi-ld/v1/entities/urn:ngsi-ld:Building:5782642280975303",
    "headers": {
        "User-Agent": "python-requests/2.34.2",
        "Accept-Encoding": "gzip, deflate",
        "Accept": "*/*",
        "Connection": "keep-alive",
        "Content-Length": "0"
    },
    "body": null
}</msg>
<msg time="2026-06-24T17:51:01.621136" level="INFO">Response -&gt;</msg>
<msg time="2026-06-24T17:51:01.621143" level="INFO">{
    "url": "http://localhost:9090/ngsi-ld/v1/entities/urn:ngsi-ld:Building:5782642280975303",
    "headers": {},
    "status_code": 204,
    "reason": "No Content",
    "body": null
}</msg>
<arg>${response}</arg>
<arg>Delete Entity</arg>
<tag>I/O</tag>
<doc>*Request and response are output to terminal and file (in JSON).*
:param response: response to a request
:param description: explains what request is being made
:param console: If false, the JSON is not written to terminal. Default is true.</doc>
<status status="PASS" start="2026-06-24T17:51:01.621032" elapsed="0.000123"/>
</kw>
<return>
<value>${response}</value>
<status status="PASS" start="2026-06-24T17:51:01.621171" elapsed="0.000010"/>
</return>
<arg>${first_entity_id}</arg>
<tag>actor_context-producer</tag>
<status status="PASS" start="2026-06-24T17:51:01.612706" elapsed="0.008511"/>
</kw>
<kw name="Delete Entity" owner="ContextInformationProvision">
<kw name="Create Dictionary" owner="BuiltIn">
<msg time="2026-06-24T17:51:01.622648" level="INFO">&amp;{params} = { }</msg>
<var>&amp;{params}</var>
<doc>Creates and returns a dictionary based on the given ``items``.</doc>
<status status="PASS" start="2026-06-24T17:51:01.622404" elapsed="0.000261"/>
</kw>
<if>
<branch type="IF" condition="'${local}'!=''">
<kw name="Set To Dictionary" owner="Collections">
<arg>${params}</arg>
<arg>local=${local}</arg>
<doc>Adds the given ``key_value_pairs`` and/or ``items`` to the ``dictionary``.</doc>
<status status="NOT RUN" start="2026-06-24T17:51:01.622806" elapsed="0.000009"/>
</kw>
<status status="NOT RUN" start="2026-06-24T17:51:01.622708" elapsed="0.000119"/>
</branch>
<status status="PASS" start="2026-06-24T17:51:01.622696" elapsed="0.000139"/>
</if>
<kw name="Set Variable If" owner="BuiltIn">
<msg time="2026-06-24T17:51:01.623030" level="INFO">${final_url} = http://localhost:9090/ngsi-ld/v1</msg>
<var>${final_url}</var>
<arg>'${broker_url}' != ''</arg>
<arg>${broker_url}</arg>
<arg>${url}</arg>
<doc>Sets variable based on the given condition.</doc>
<status status="PASS" start="2026-06-24T17:51:01.622882" elapsed="0.000158"/>
</kw>
<kw name="Create Dictionary" owner="BuiltIn">
<msg time="2026-06-24T17:51:01.623192" level="INFO">&amp;{headers} = { }</msg>
<var>&amp;{headers}</var>
<doc>Creates and returns a dictionary based on the given ``items``.</doc>
<status status="PASS" start="2026-06-24T17:51:01.623094" elapsed="0.000108"/>
</kw>
<if>
<branch type="IF" condition="'${via}'!=''">
<kw name="Set To Dictionary" owner="Collections">
<arg>${headers}</arg>
<arg>Via</arg>
<arg>${via}</arg>
<doc>Adds the given ``key_value_pairs`` and/or ``items`` to the ``dictionary``.</doc>
<status status="NOT RUN" start="2026-06-24T17:51:01.623287" elapsed="0.000007"/>
</kw>
<status status="NOT RUN" start="2026-06-24T17:51:01.623225" elapsed="0.000081"/>
</branch>
<status status="PASS" start="2026-06-24T17:51:01.623218" elapsed="0.000096"/>
</if>
<kw name="DELETE" owner="RequestsLibrary">
<msg time="2026-06-24T17:51:01.627064" level="INFO">DELETE Request : url=http://localhost:9090/ngsi-ld/v1/entities/urn:ngsi-ld:Vehicle:4098208306379867 
 path_url=/ngsi-ld/v1/entities/urn:ngsi-ld:Vehicle:4098208306379867 
 headers={'User-Agent': 'python-requests/2.34.2', 'Accept-Encoding': 'gzip, deflate', 'Accept': '*/*', 'Connection': 'keep-alive', 'Content-Length': '0'} 
 body=None 
 </msg>
<msg time="2026-06-24T17:51:01.627106" level="INFO">DELETE Response : url=http://localhost:9090/ngsi-ld/v1/entities/urn:ngsi-ld:Vehicle:4098208306379867 
 status=204, reason=No Content 
 headers={} 
 body=None 
 </msg>
<msg time="2026-06-24T17:51:01.627180" level="INFO">${response} = &lt;Response [204]&gt;</msg>
<var>${response}</var>
<arg>url=${final_url}/${ENTITIES_ENDPOINT_PATH}${id}</arg>
<arg>params=${params}</arg>
<arg>headers=${headers}</arg>
<arg>expected_status=any</arg>
<doc>Sends a DELETE request.</doc>
<status status="PASS" start="2026-06-24T17:51:01.623351" elapsed="0.003844"/>
</kw>
<if>
<branch type="IF" condition="${delete_temporal_on_core_delete}">
<kw name="Delete Temporal Representation Of Entity" owner="TemporalContextInformationProvision">
<kw name="DELETE" owner="RequestsLibrary">
<msg time="2026-06-24T17:51:01.629970" level="INFO">DELETE Request : url=http://localhost:9090/ngsi-ld/v1/temporal/entities/urn:ngsi-ld:Vehicle:4098208306379867 
 path_url=/ngsi-ld/v1/temporal/entities/urn:ngsi-ld:Vehicle:4098208306379867 
 headers={'User-Agent': 'python-requests/2.34.2', 'Accept-Encoding': 'gzip, deflate', 'Accept': '*/*', 'Connection': 'keep-alive', 'Content-Length': '0'} 
 body=None 
 </msg>
<msg time="2026-06-24T17:51:01.630000" level="INFO">DELETE Response : url=http://localhost:9090/ngsi-ld/v1/temporal/entities/urn:ngsi-ld:Vehicle:4098208306379867 
 status=204, reason=No Content 
 headers={} 
 body=None 
 </msg>
<msg time="2026-06-24T17:51:01.630048" level="INFO">${response} = &lt;Response [204]&gt;</msg>
<var>${response}</var>
<arg>url=${url}/${TEMPORAL_ENTITIES_ENDPOINT_PATH}/${temporal_entity_representation_id}</arg>
<arg>expected_status=any</arg>
<doc>Sends a DELETE request.</doc>
<status status="PASS" start="2026-06-24T17:51:01.627611" elapsed="0.002446"/>
</kw>
<kw name="Output" owner="logUtils">
<msg time="2026-06-24T17:51:01.630240" level="INFO">
Delete Temporal Representation Of Entity</msg>
<msg time="2026-06-24T17:51:01.630259" level="INFO">Request -&gt;</msg>
<msg time="2026-06-24T17:51:01.630268" level="INFO">{
    "method": "DELETE",
    "url": "http://localhost:9090/ngsi-ld/v1/temporal/entities/urn:ngsi-ld:Vehicle:4098208306379867",
    "headers": {
        "User-Agent": "python-requests/2.34.2",
        "Accept-Encoding": "gzip, deflate",
        "Accept": "*/*",
        "Connection": "keep-alive",
        "Content-Length": "0"
    },
    "body": null
}</msg>
<msg time="2026-06-24T17:51:01.630479" level="INFO">Response -&gt;</msg>
<msg time="2026-06-24T17:51:01.630499" level="INFO">{
    "url": "http://localhost:9090/ngsi-ld/v1/temporal/entities/urn:ngsi-ld:Vehicle:4098208306379867",
    "headers": {},
    "status_code": 204,
    "reason": "No Content",
    "body": null
}</msg>
<arg>${response}</arg>
<arg>Delete Temporal Representation Of Entity</arg>
<tag>I/O</tag>
<doc>*Request and response are output to terminal and file (in JSON).*
:param response: response to a request
:param description: explains what request is being made
:param console: If false, the JSON is not written to terminal. Default is true.</doc>
<status status="PASS" start="2026-06-24T17:51:01.630133" elapsed="0.000390"/>
</kw>
<return>
<value>${response}</value>
<status status="PASS" start="2026-06-24T17:51:01.630552" elapsed="0.000027"/>
</return>
<arg>${id}</arg>
<tag>actor_context-producer</tag>
<status status="PASS" start="2026-06-24T17:51:01.627416" elapsed="0.003217"/>
</kw>
<status status="PASS" start="2026-06-24T17:51:01.627259" elapsed="0.003386"/>
</branch>
<status status="PASS" start="2026-06-24T17:51:01.627241" elapsed="0.003415"/>
</if>
<kw name="Output" owner="logUtils">
<msg time="2026-06-24T17:51:01.630932" level="INFO">
Delete Entity</msg>
<msg time="2026-06-24T17:51:01.630949" level="INFO">Request -&gt;</msg>
<msg time="2026-06-24T17:51:01.630958" level="INFO">{
    "method": "DELETE",
    "url": "http://localhost:9090/ngsi-ld/v1/entities/urn:ngsi-ld:Vehicle:4098208306379867",
    "headers": {
        "User-Agent": "python-requests/2.34.2",
        "Accept-Encoding": "gzip, deflate",
        "Accept": "*/*",
        "Connection": "keep-alive",
        "Content-Length": "0"
    },
    "body": null
}</msg>
<msg time="2026-06-24T17:51:01.630966" level="INFO">Response -&gt;</msg>
<msg time="2026-06-24T17:51:01.630974" level="INFO">{
    "url": "http://localhost:9090/ngsi-ld/v1/entities/urn:ngsi-ld:Vehicle:4098208306379867",
    "headers": {},
    "status_code": 204,
    "reason": "No Content",
    "body": null
}</msg>
<arg>${response}</arg>
<arg>Delete Entity</arg>
<tag>I/O</tag>
<doc>*Request and response are output to terminal and file (in JSON).*
:param response: response to a request
:param description: explains what request is being made
:param console: If false, the JSON is not written to terminal. Default is true.</doc>
<status status="PASS" start="2026-06-24T17:51:01.630709" elapsed="0.000281"/>
</kw>
<return>
<value>${response}</value>
<status status="PASS" start="2026-06-24T17:51:01.631008" elapsed="0.000012"/>
</return>
<arg>${second_entity_id}</arg>
<tag>actor_context-producer</tag>
<status status="PASS" start="2026-06-24T17:51:01.621417" elapsed="0.009640"/>
</kw>
<status status="PASS" start="2026-06-24T17:51:01.612543" elapsed="0.018532"/>
</kw>
<tag>5_7_6</tag>
<tag>ed-types-details</tag>
<status status="PASS" start="2026-06-24T17:51:01.564008" elapsed="0.067085"/>
</test>
<doc>Check that one can retrieve a list with a detailed representation of NGSI-LD entity types</doc>
<status status="PASS" start="2026-06-24T17:51:01.422044" elapsed="0.209188"/>
</suite>
<status status="PASS" start="2026-06-24T17:51:01.421554" elapsed="0.209884"/>
</suite>
<status status="PASS" start="2026-06-24T17:51:00.619659" elapsed="1.011955"/>
</suite>
<statistics>
<total>
<stat pass="14" fail="0" skip="0">All Tests</stat>
</total>
<tag>
<stat pass="3" fail="0" skip="0">5_7_10</stat>
<stat pass="2" fail="0" skip="0">5_7_5</stat>
<stat pass="2" fail="0" skip="0">5_7_6</stat>
<stat pass="3" fail="0" skip="0">5_7_7</stat>
<stat pass="2" fail="0" skip="0">5_7_8</stat>
<stat pass="2" fail="0" skip="0">5_7_9</stat>
<stat pass="3" fail="0" skip="0">ed-attr</stat>
<stat pass="2" fail="0" skip="0">ed-attrs</stat>
<stat pass="2" fail="0" skip="0">ed-attrs-details</stat>
<stat pass="3" fail="0" skip="0">ed-type</stat>
<stat pass="2" fail="0" skip="0">ed-types</stat>
<stat pass="2" fail="0" skip="0">ed-types-details</stat>
</tag>
<suite>
<stat name="Discovery" id="s1" pass="14" fail="0" skip="0">Discovery</stat>
<stat name="RetrieveAvailableAttributeInformation" id="s1-s1" pass="3" fail="0" skip="0">Discovery.RetrieveAvailableAttributeInformation</stat>
<stat name="027 01" id="s1-s1-s1" pass="1" fail="0" skip="0">Discovery.RetrieveAvailableAttributeInformation.027 01</stat>
<stat name="027 02" id="s1-s1-s2" pass="2" fail="0" skip="0">Discovery.RetrieveAvailableAttributeInformation.027 02</stat>
<stat name="RetrieveAvailableAttributes" id="s1-s2" pass="2" fail="0" skip="0">Discovery.RetrieveAvailableAttributes</stat>
<stat name="025 01" id="s1-s2-s1" pass="2" fail="0" skip="0">Discovery.RetrieveAvailableAttributes.025 01</stat>
<stat name="RetrieveAvailableEntityTypeInformation" id="s1-s3" pass="3" fail="0" skip="0">Discovery.RetrieveAvailableEntityTypeInformation</stat>
<stat name="024 01" id="s1-s3-s1" pass="1" fail="0" skip="0">Discovery.RetrieveAvailableEntityTypeInformation.024 01</stat>
<stat name="024 02" id="s1-s3-s2" pass="2" fail="0" skip="0">Discovery.RetrieveAvailableEntityTypeInformation.024 02</stat>
<stat name="RetrieveAvailableEntityTypes" id="s1-s4" pass="2" fail="0" skip="0">Discovery.RetrieveAvailableEntityTypes</stat>
<stat name="022 01" id="s1-s4-s1" pass="2" fail="0" skip="0">Discovery.RetrieveAvailableEntityTypes.022 01</stat>
<stat name="RetrieveDetailsOfAvailableAttributes" id="s1-s5" pass="2" fail="0" skip="0">Discovery.RetrieveDetailsOfAvailableAttributes</stat>
<stat name="026 01" id="s1-s5-s1" pass="2" fail="0" skip="0">Discovery.RetrieveDetailsOfAvailableAttributes.026 01</stat>
<stat name="RetrieveDetailsOfAvailableEntityTypes" id="s1-s6" pass="2" fail="0" skip="0">Discovery.RetrieveDetailsOfAvailableEntityTypes</stat>
<stat name="023 01" id="s1-s6-s1" pass="2" fail="0" skip="0">Discovery.RetrieveDetailsOfAvailableEntityTypes.023 01</stat>
</suite>
</statistics>
<errors>
</errors>
</robot>
